[Licensing::Module] Trying to connect to existing licensing client channel...
[Licensing::IpcConnector] Successfully connected to: "LicenseClient-ady" at "2026-01-28T20:03:21.5865679Z"
Built from '6000.3/respin/6000.3.5f1-a1ec4b2f2d19' branch; Version is '6000.3.5f2 (3fa8bc678cb0) revision 4171964'; Using compiler version '194234433'; Build Type 'Release'
OS: 'Windows 11  (10.0.26100) Core' Language: 'en' Physical Memory: 32654 MB
BatchMode: 1, IsHumanControllingUs: 0, StartBugReporterOnCrash: 0, Is64bit: 1
System  architecture: x64
Process architecture: x64
Date: 2026-01-28T20:03:21Z

COMMAND LINE ARGUMENTS:
C:\Program Files\Unity\Hub\Editor\6000.3.5f2\Editor\Unity.exe
-adb2
-batchMode
-noUpm
-name
AssetImportWorker27
-projectPath
C:/Users/ady/Documents/GitHub/GlobalGameJamGame2026
-logFile
Logs/AssetImportWorker27.log
-srvPort
58448
-job-worker-count
7
-background-job-worker-count
8
-gc-helper-count
1
-name
AssetImport
Successfully changed project path to: C:/Users/ady/Documents/GitHub/GlobalGameJamGame2026
C:/Users/ady/Documents/GitHub/GlobalGameJamGame2026
[UnityMemory] Configuration Parameters - Can be set up in boot.config
    "memorysetup-temp-allocator-size-nav-mesh-worker=65536"
    "memorysetup-temp-allocator-size-audio-worker=65536"
    "memorysetup-temp-allocator-size-gfx=262144"
    "memorysetup-allocator-temp-initial-block-size-main=262144"
    "memorysetup-allocator-temp-initial-block-size-worker=262144"
    "memorysetup-temp-allocator-size-background-worker=32768"
    "memorysetup-temp-allocator-size-job-worker=262144"
    "memorysetup-temp-allocator-size-preload-manager=33554432"
    "memorysetup-temp-allocator-size-gi-baking-worker=262144"
    "memorysetup-temp-allocator-size-gi-baking-worker=262144"
    "memorysetup-temp-allocator-size-gi-baking-worker=262144"
    "memorysetup-temp-allocator-size-gi-baking-worker=262144"
    "memorysetup-temp-allocator-size-gi-baking-worker=262144"
    "memorysetup-bucket-allocator-granularity=16"
    "memorysetup-bucket-allocator-bucket-count=8"
    "memorysetup-bucket-allocator-block-size=33554432"
    "memorysetup-bucket-allocator-block-count=8"
    "memorysetup-main-allocator-block-size=16777216"
    "memorysetup-thread-allocator-block-size=16777216"
    "memorysetup-gfx-main-allocator-block-size=16777216"
    "memorysetup-gfx-thread-allocator-block-size=16777216"
    "memorysetup-cache-allocator-block-size=4194304"
    "memorysetup-typetree-allocator-block-size=2097152"
    "memorysetup-profiler-bucket-allocator-granularity=16"
    "memorysetup-profiler-bucket-allocator-bucket-count=8"
    "memorysetup-profiler-bucket-allocator-block-size=33554432"
    "memorysetup-profiler-bucket-allocator-block-count=8"
    "memorysetup-profiler-allocator-block-size=16777216"
    "memorysetup-profiler-editor-allocator-block-size=1048576"
    "memorysetup-temp-allocator-size-main=16777216"
    "memorysetup-job-temp-allocator-block-size=2097152"
    "memorysetup-job-temp-allocator-block-size-background=1048576"
    "memorysetup-job-temp-allocator-reduction-small-platforms=262144"
    "memorysetup-temp-allocator-size-cloud-worker=32768"
Player connection [30520]  Target information:

Player connection [30520]  * "[IP] 192.168.1.207 [Port] 0 [Flags] 2 [Guid] 3746555133 [EditorId] 3746555133 [Version] 1048832 [Id] WindowsEditor(7,DESKTOP-IAST724) [Debug] 1 [PackageName] WindowsEditor [ProjectName] Editor" 

Player connection [30520] Host joined multi-casting on [225.0.0.222:54997]...
Player connection [30520] Host joined alternative multi-casting on [225.0.0.222:34997]...
JobSystem: Creating JobQueue using job-worker-count value 7
Input System module state changed to: Initialized.
[Physics::Module] Initialized fallback backend.
[Physics::Module] Id: 0xdecafbad
Library Redirect Path: Library/
[Physics::Module] Selected backend.
[Physics::Module] Name: PhysX
[Physics::Module] Id: 0xf2b8ea05
[Physics::Module] SDK Version: 4.1.2
[Physics::Module] Integration Version: 1.0.0
[Physics::Module] Threading Mode: Multi-Threaded
Refreshing native plugins compatible for Editor in 4.34 ms, found 3 plugins.
Preloading 0 native plugins for Editor in 0.00 ms.
Initialize engine version: 6000.3.5f2 (3fa8bc678cb0)
[Subsystems] Discovering subsystems at path C:/Program Files/Unity/Hub/Editor/6000.3.5f2/Editor/Data/Resources/UnitySubsystems
[Subsystems] Discovering subsystems at path C:/Users/ady/Documents/GitHub/GlobalGameJamGame2026/Assets
GfxDevice: creating device client; kGfxThreadingModeNonThreaded
Direct3D:
    Version:  Direct3D 11.0 [level 11.1]
    Renderer: NVIDIA GeForce RTX 4070 (ID=0x2786)
    Vendor:   NVIDIA
    VRAM:     12010 MB
    Driver:   32.0.15.9174
Initialize mono
Mono path[0] = 'C:/Program Files/Unity/Hub/Editor/6000.3.5f2/Editor/Data/Managed'
Mono path[1] = 'C:/Program Files/Unity/Hub/Editor/6000.3.5f2/Editor/Data/MonoBleedingEdge/lib/mono/unityjit-win32'
Mono config path = 'C:/Program Files/Unity/Hub/Editor/6000.3.5f2/Editor/Data/MonoBleedingEdge/etc'
Using monoOptions --debugger-agent=transport=dt_socket,embedding=1,server=y,suspend=n,address=127.0.0.1:56696
Begin MonoManager ReloadAssembly
Registering precompiled unity dll's ...
Register platform support module: C:/Program Files/Unity/Hub/Editor/6000.3.5f2/Editor/Data/PlaybackEngines/WindowsStandaloneSupport/UnityEditor.WindowsStandalone.Extensions.dll
Registered in 0.003371 seconds.
[Licensing::Client] Handshaking with LicensingClient:
  Version:                 1.17.4+4293ba1
  Session Id:              b231f56f1e754b88b592fdbfbf70df45
  Correlation Id:          5deea81f421e7221185a8b536ced2ffa
  External correlation Id: 5808813996045831443
  Machine Id:              w74mvXlGn566yFKgA+XQ5jLQxKI=
[Licensing::Module] Successfully connected to LicensingClient on channel: "LicenseClient-ady" (connect: 0.00s, validation: 0.00s, handshake: 1.41s)
[Licensing::IpcConnector] Successfully connected to: "LicenseClient-ady-notifications" at "2026-01-28T20:03:23.002673Z"
[Licensing::Module] Licensing Background thread has ended after 1.42s
- Loaded All Assemblies, in  0.711 seconds
Native extension for WindowsStandalone target not found
ScheduleIndexationOnStartup MainProcess:False IndexOnStartup:True
Mono: successfully reloaded assembly
- Finished resetting the current domain, in  0.666 seconds
Domain Reload Profiling: 1370ms
	BeginReloadAssembly (231ms)
		ExecutionOrderSort (0ms)
		DisableScriptedObjects (0ms)
		BackupInstance (0ms)
		ReleaseScriptingObjects (0ms)
		CreateAndSetChildDomain (1ms)
	RebuildCommonClasses (71ms)
	RebuildNativeTypeToScriptingClass (21ms)
	initialDomainReloadingComplete (89ms)
	LoadAllAssembliesAndSetupDomain (292ms)
		LoadAssemblies (223ms)
		RebuildTransferFunctionScriptingTraits (0ms)
		AnalyzeDomain (287ms)
			TypeCache.Refresh (285ms)
				TypeCache.ScanAssembly (243ms)
			BuildScriptInfoCaches (0ms)
			ResolveRequiredComponents (1ms)
	FinalizeReload (666ms)
		ReleaseScriptCaches (0ms)
		RebuildScriptCaches (0ms)
		SetupLoadedEditorAssemblies (583ms)
			LogAssemblyErrors (0ms)
			InitializePlatformSupportModulesInManaged (68ms)
			SetLoadedEditorAssemblies (7ms)
			BeforeProcessingInitializeOnLoad (151ms)
			ProcessInitializeOnLoadAttributes (243ms)
			ProcessInitializeOnLoadMethodAttributes (113ms)
			AfterProcessingInitializeOnLoad (0ms)
			EditorAssembliesLoaded (0ms)
		ExecutionOrderSort2 (0ms)
		AwakeInstancesAfterBackupRestoration (0ms)
========================================================================
Worker process is ready to serve import requests
Import Worker Mode flag is 0x00
Begin MonoManager ReloadAssembly
[Licensing::Client] Successfully resolved entitlement details
[Licensing::Module] License group:
  Id: 5773840413360-UnityPersXXXX
  Product: Unity Personal
  Type: Assigned
  Expiration: Unlimited
- Loaded All Assemblies, in  1.271 seconds
Refreshing native plugins compatible for Editor in 1.52 ms, found 3 plugins.
Native extension for WindowsStandalone target not found
Package Manager log level set to [2]
[Package Manager] Failed to launch server process. Reason: Unity was launched with the -noUpm command-line argument
[Package Manager] Unable to send message (not connected to server process).
[Package Manager] Cannot connect to Unity Package Manager local server
ScheduleIndexationOnStartup MainProcess:False IndexOnStartup:True
Mono: successfully reloaded assembly
- Finished resetting the current domain, in  1.150 seconds
Domain Reload Profiling: 2411ms
	BeginReloadAssembly (269ms)
		ExecutionOrderSort (0ms)
		DisableScriptedObjects (9ms)
		BackupInstance (0ms)
		ReleaseScriptingObjects (0ms)
		CreateAndSetChildDomain (46ms)
	RebuildCommonClasses (62ms)
	RebuildNativeTypeToScriptingClass (20ms)
	initialDomainReloadingComplete (58ms)
	LoadAllAssembliesAndSetupDomain (851ms)
		LoadAssemblies (555ms)
		RebuildTransferFunctionScriptingTraits (0ms)
		AnalyzeDomain (443ms)
			TypeCache.Refresh (309ms)
				TypeCache.ScanAssembly (247ms)
			BuildScriptInfoCaches (113ms)
			ResolveRequiredComponents (16ms)
	FinalizeReload (1151ms)
		ReleaseScriptCaches (0ms)
		RebuildScriptCaches (0ms)
		SetupLoadedEditorAssemblies (868ms)
			LogAssemblyErrors (0ms)
			InitializePlatformSupportModulesInManaged (2ms)
			SetLoadedEditorAssemblies (8ms)
			BeforeProcessingInitializeOnLoad (224ms)
			ProcessInitializeOnLoadAttributes (534ms)
			ProcessInitializeOnLoadMethodAttributes (90ms)
			AfterProcessingInitializeOnLoad (10ms)
			EditorAssembliesLoaded (0ms)
		ExecutionOrderSort2 (0ms)
		AwakeInstancesAfterBackupRestoration (7ms)
Launched and connected shader compiler UnityShaderCompiler.exe after 0.01 seconds
Refreshing native plugins compatible for Editor in 1.80 ms, found 3 plugins.
Preloading 0 native plugins for Editor in 0.00 ms.
Unloading 16 Unused Serialized files (Serialized files now loaded: 0)
Unloading 6262 unused Assets / (3.6 MB). Loaded Objects now: 7080.
Memory consumption went from 153.5 MB to 150.0 MB.
Total: 20.461800 ms (FindLiveObjects: 1.883700 ms CreateObjectMapping: 1.430800 ms MarkObjects: 11.752200 ms  DeleteObjects: 5.394200 ms)

========================================================================
Received Import Request.
  Time since last request: 35774.344264 seconds.
  path: Assets/MainAssets/Pegasus Studios/Elegant Interior Decor 3D Models Pack/Resources/Prefabs/Flower Pot.prefab
  artifactKey: Guid(19e73685ee0629743b9a77a0972a5f77) Importer(815301076,1909f56bfc062723c751e8b465ee728b)
Start importing Assets/MainAssets/Pegasus Studios/Elegant Interior Decor 3D Models Pack/Resources/Prefabs/Flower Pot.prefab using Guid(19e73685ee0629743b9a77a0972a5f77) Importer(815301076,1909f56bfc062723c751e8b465ee728b) (PreviewImporter) -> (artifact id: 'e66192ae6a2bf20e39903787fcd0af73') in 0.7928307 seconds
Number of updated asset objects reloaded before import = 0Number of asset objects unloaded after import = 17

========================================================================
Received Import Request.
  Time since last request: 301.959682 seconds.
  path: Assets/MainAssets/YughuesFreeNormalMaps/Materials/M_YFNMap_d.mat
  artifactKey: Guid(d2f24e7e59b443748959c99608e99f79) Importer(2089858483,b0f066a214c2f5e87bad3c948f4d605d)
Start importing Assets/MainAssets/YughuesFreeNormalMaps/Materials/M_YFNMap_d.mat using Guid(d2f24e7e59b443748959c99608e99f79) Importer(2089858483,b0f066a214c2f5e87bad3c948f4d605d) (ScriptedImporter) -> (artifact id: '5a300ecb65e173748e77b71d322b5d56') in 0.1071695 seconds
Number of updated asset objects reloaded before import = 0Number of asset objects unloaded after import = 3

========================================================================
Received Import Request.
  Time since last request: 0.000039 seconds.
  path: Assets/MainAssets/YughuesFreeNormalMaps/Materials/M_YFNMap_CornerBevel.mat
  artifactKey: Guid(fbfbc0e016c456a48a9103a883f609ce) Importer(2089858483,b0f066a214c2f5e87bad3c948f4d605d)
Start importing Assets/MainAssets/YughuesFreeNormalMaps/Materials/M_YFNMap_CornerBevel.mat using Guid(fbfbc0e016c456a48a9103a883f609ce) Importer(2089858483,b0f066a214c2f5e87bad3c948f4d605d) (ScriptedImporter) -> (artifact id: '8acb09483c130213b6d3ae75cd7f8f52') in 0.013417 seconds
Number of updated asset objects reloaded before import = 0Number of asset objects unloaded after import = 3

========================================================================
Received Import Request.
  Time since last request: 0.000048 seconds.
  path: Assets/MainAssets/YughuesFreeNormalMaps/Materials/M_YFNMap_CornerCross.mat
  artifactKey: Guid(f4e57fc076aeca54fb02401c022be49f) Importer(2089858483,b0f066a214c2f5e87bad3c948f4d605d)
Start importing Assets/MainAssets/YughuesFreeNormalMaps/Materials/M_YFNMap_CornerCross.mat using Guid(f4e57fc076aeca54fb02401c022be49f) Importer(2089858483,b0f066a214c2f5e87bad3c948f4d605d) (ScriptedImporter) -> (artifact id: 'f0257ff86eaadf104e99c1830a42d79e') in 0.0114537 seconds
Number of updated asset objects reloaded before import = 0Number of asset objects unloaded after import = 3

========================================================================
Received Import Request.
  Time since last request: 0.000037 seconds.
  path: Assets/MainAssets/YughuesFreeNormalMaps/Materials/M_YFNMap_SquarerRoot.mat
  artifactKey: Guid(448065ae1486b194980792a7749912f9) Importer(2089858483,b0f066a214c2f5e87bad3c948f4d605d)
Start importing Assets/MainAssets/YughuesFreeNormalMaps/Materials/M_YFNMap_SquarerRoot.mat using Guid(448065ae1486b194980792a7749912f9) Importer(2089858483,b0f066a214c2f5e87bad3c948f4d605d) (ScriptedImporter) -> (artifact id: 'bc0c94fb1a2522a0c8f9352935ba153d') in 0.0109359 seconds
Number of updated asset objects reloaded before import = 0Number of asset objects unloaded after import = 3

========================================================================
Received Import Request.
  Time since last request: 0.000040 seconds.
  path: Assets/MainAssets/YughuesFreeNormalMaps/Materials/M_YFNMap_FauxTin01.mat
  artifactKey: Guid(50707c76b62c7914f9678be0b6c5ccfe) Importer(2089858483,b0f066a214c2f5e87bad3c948f4d605d)
Start importing Assets/MainAssets/YughuesFreeNormalMaps/Materials/M_YFNMap_FauxTin01.mat using Guid(50707c76b62c7914f9678be0b6c5ccfe) Importer(2089858483,b0f066a214c2f5e87bad3c948f4d605d) (ScriptedImporter) -> (artifact id: 'b5d87579d3278afe978f74ee4e5149ea') in 0.0177304 seconds
Number of updated asset objects reloaded before import = 0Number of asset objects unloaded after import = 3

========================================================================
Received Import Request.
  Time since last request: 0.000038 seconds.
  path: Assets/MainAssets/YughuesFreeNormalMaps/Materials/M_YFNMap_FauxTin03.mat
  artifactKey: Guid(5a2e95b043698e140ba81a0b1b1e7893) Importer(2089858483,b0f066a214c2f5e87bad3c948f4d605d)
Start importing Assets/MainAssets/YughuesFreeNormalMaps/Materials/M_YFNMap_FauxTin03.mat using Guid(5a2e95b043698e140ba81a0b1b1e7893) Importer(2089858483,b0f066a214c2f5e87bad3c948f4d605d) (ScriptedImporter) -> (artifact id: 'f57bb98695e28c019ae849482ff37522') in 0.0105354 seconds
Number of updated asset objects reloaded before import = 0Number of asset objects unloaded after import = 3

========================================================================
Received Import Request.
  Time since last request: 0.000053 seconds.
  path: Assets/MainAssets/YughuesFreeNormalMaps/Materials/M_YFNMap_Flowers_n.mat
  artifactKey: Guid(a733fa7771242714fba350a8a4b0f2d6) Importer(2089858483,b0f066a214c2f5e87bad3c948f4d605d)
Start importing Assets/MainAssets/YughuesFreeNormalMaps/Materials/M_YFNMap_Flowers_n.mat using Guid(a733fa7771242714fba350a8a4b0f2d6) Importer(2089858483,b0f066a214c2f5e87bad3c948f4d605d) (ScriptedImporter) -> (artifact id: '6a75212f6e08680b436b7dc60e3be2f5') in 0.0117638 seconds
Number of updated asset objects reloaded before import = 0Number of asset objects unloaded after import = 3

========================================================================
Received Import Request.
  Time since last request: 0.000036 seconds.
  path: Assets/MainAssets/YughuesFreeNormalMaps/Materials/M_YFNMap_OX2.mat
  artifactKey: Guid(faa5759c251e8a2498973e72b2178226) Importer(2089858483,b0f066a214c2f5e87bad3c948f4d605d)
Start importing Assets/MainAssets/YughuesFreeNormalMaps/Materials/M_YFNMap_OX2.mat using Guid(faa5759c251e8a2498973e72b2178226) Importer(2089858483,b0f066a214c2f5e87bad3c948f4d605d) (ScriptedImporter) -> (artifact id: '6d6cf13b6b1e469512071884cdcb1212') in 0.0122349 seconds
Number of updated asset objects reloaded before import = 0Number of asset objects unloaded after import = 3

========================================================================
Received Import Request.
  Time since last request: 0.000036 seconds.
  path: Assets/MainAssets/YughuesFreeNormalMaps/Materials/M_YFNMap_Xlvl2b.mat
  artifactKey: Guid(5c952f8034f9ae94fbe252685f204108) Importer(2089858483,b0f066a214c2f5e87bad3c948f4d605d)
Start importing Assets/MainAssets/YughuesFreeNormalMaps/Materials/M_YFNMap_Xlvl2b.mat using Guid(5c952f8034f9ae94fbe252685f204108) Importer(2089858483,b0f066a214c2f5e87bad3c948f4d605d) (ScriptedImporter) -> (artifact id: '8116349119d4dab1a98f44bb9f319df8') in 0.0140597 seconds
Number of updated asset objects reloaded before import = 0Number of asset objects unloaded after import = 3

========================================================================
Received Import Request.
  Time since last request: 0.000043 seconds.
  path: Assets/MainAssets/YughuesFreeNormalMaps/Materials/M_YFNMap_CornerHexa.mat
  artifactKey: Guid(a84970925e3b5d54dbfd56fbdf608064) Importer(2089858483,b0f066a214c2f5e87bad3c948f4d605d)
Start importing Assets/MainAssets/YughuesFreeNormalMaps/Materials/M_YFNMap_CornerHexa.mat using Guid(a84970925e3b5d54dbfd56fbdf608064) Importer(2089858483,b0f066a214c2f5e87bad3c948f4d605d) (ScriptedImporter) -> (artifact id: 'b62df7ec3b784095b7b821787f2e16b4') in 0.0330926 seconds
Number of updated asset objects reloaded before import = 0Number of asset objects unloaded after import = 3

========================================================================
Received Import Request.
  Time since last request: 0.000054 seconds.
  path: Assets/MainAssets/YughuesFreeNormalMaps/Materials/M_YFNMap_FauxTin01_n.mat
  artifactKey: Guid(16f255a3da277ba4f866ef0ba7519ee0) Importer(2089858483,b0f066a214c2f5e87bad3c948f4d605d)
Start importing Assets/MainAssets/YughuesFreeNormalMaps/Materials/M_YFNMap_FauxTin01_n.mat using Guid(16f255a3da277ba4f866ef0ba7519ee0) Importer(2089858483,b0f066a214c2f5e87bad3c948f4d605d) (ScriptedImporter) -> (artifact id: '4f1e7da072225eaaffcb78e51a35b62b') in 0.0147217 seconds
Number of updated asset objects reloaded before import = 0Number of asset objects unloaded after import = 3

========================================================================
Received Import Request.
  Time since last request: 0.000074 seconds.
  path: Assets/MainAssets/YughuesFreeNormalMaps/Materials/M_YFNMap_XLvl3bis_n.mat
  artifactKey: Guid(82b00b1bf9462d442b76fb7b849bd97f) Importer(2089858483,b0f066a214c2f5e87bad3c948f4d605d)
Start importing Assets/MainAssets/YughuesFreeNormalMaps/Materials/M_YFNMap_XLvl3bis_n.mat using Guid(82b00b1bf9462d442b76fb7b849bd97f) Importer(2089858483,b0f066a214c2f5e87bad3c948f4d605d) (ScriptedImporter) -> (artifact id: 'bf0f1d668ffc14ee74f83445caf497fd') in 0.023679 seconds
Number of updated asset objects reloaded before import = 0Number of asset objects unloaded after import = 3

========================================================================
Received Import Request.
  Time since last request: 0.000039 seconds.
  path: Assets/MainAssets/YughuesFreeNormalMaps/Materials/M_YFNMap_Xlvl1.mat
  artifactKey: Guid(012b140c8c1e3c4489ccdcc134202f70) Importer(2089858483,b0f066a214c2f5e87bad3c948f4d605d)
Start importing Assets/MainAssets/YughuesFreeNormalMaps/Materials/M_YFNMap_Xlvl1.mat using Guid(012b140c8c1e3c4489ccdcc134202f70) Importer(2089858483,b0f066a214c2f5e87bad3c948f4d605d) (ScriptedImporter) -> (artifact id: 'e4013820e890e8604bb1c3b5fbc05721') in 0.0116056 seconds
Number of updated asset objects reloaded before import = 0Number of asset objects unloaded after import = 3

========================================================================
Received Import Request.
  Time since last request: 0.000051 seconds.
  path: Assets/MainAssets/YughuesFreeNormalMaps/Materials/M_YFNMap_Ripple1.mat
  artifactKey: Guid(d82088724e5e8014bacc71430bc6c771) Importer(2089858483,b0f066a214c2f5e87bad3c948f4d605d)
Start importing Assets/MainAssets/YughuesFreeNormalMaps/Materials/M_YFNMap_Ripple1.mat using Guid(d82088724e5e8014bacc71430bc6c771) Importer(2089858483,b0f066a214c2f5e87bad3c948f4d605d) (ScriptedImporter) -> (artifact id: 'a657422edf45e2bb30a8ce50f7768167') in 0.01242 seconds
Number of updated asset objects reloaded before import = 0Number of asset objects unloaded after import = 3

========================================================================
Received Import Request.
  Time since last request: 0.000035 seconds.
  path: Assets/MainAssets/YughuesFreeNormalMaps/Materials/M_YFNMap_CornerRound.mat
  artifactKey: Guid(2d7c840b2ccb2fd44a8e526cdc6d4fdf) Importer(2089858483,b0f066a214c2f5e87bad3c948f4d605d)
Start importing Assets/MainAssets/YughuesFreeNormalMaps/Materials/M_YFNMap_CornerRound.mat using Guid(2d7c840b2ccb2fd44a8e526cdc6d4fdf) Importer(2089858483,b0f066a214c2f5e87bad3c948f4d605d) (ScriptedImporter) -> (artifact id: 'ec81a4ac1ff9015b0e47089dee4e0580') in 0.0244886 seconds
Number of updated asset objects reloaded before import = 0Number of asset objects unloaded after import = 3

========================================================================
Received Import Request.
  Time since last request: 0.000041 seconds.
  path: Assets/MainAssets/YughuesFreeNormalMaps/Materials/M_YFNMap_Xlvl2.mat
  artifactKey: Guid(7e26ae110ceb4ad44bfd2b394a906f22) Importer(2089858483,b0f066a214c2f5e87bad3c948f4d605d)
Start importing Assets/MainAssets/YughuesFreeNormalMaps/Materials/M_YFNMap_Xlvl2.mat using Guid(7e26ae110ceb4ad44bfd2b394a906f22) Importer(2089858483,b0f066a214c2f5e87bad3c948f4d605d) (ScriptedImporter) -> (artifact id: 'ef3db36dc7860b8b8971ec360120f976') in 0.0116279 seconds
Number of updated asset objects reloaded before import = 0Number of asset objects unloaded after import = 3

========================================================================
Received Import Request.
  Time since last request: 0.000046 seconds.
  path: Assets/MainAssets/YughuesFreeNormalMaps/Materials/M_YFNMap_Panels.mat
  artifactKey: Guid(45224b9160593ac4eaa8961f5584dbe7) Importer(2089858483,b0f066a214c2f5e87bad3c948f4d605d)
Start importing Assets/MainAssets/YughuesFreeNormalMaps/Materials/M_YFNMap_Panels.mat using Guid(45224b9160593ac4eaa8961f5584dbe7) Importer(2089858483,b0f066a214c2f5e87bad3c948f4d605d) (ScriptedImporter) -> (artifact id: 'e2a3869bfd49c58b0ac4a564f25dd14a') in 0.0178981 seconds
Number of updated asset objects reloaded before import = 0Number of asset objects unloaded after import = 3

========================================================================
Received Import Request.
  Time since last request: 0.000034 seconds.
  path: Assets/MainAssets/YughuesFreeNormalMaps/Materials/M_YFNMap_Ripple2.mat
  artifactKey: Guid(5a0384d8bfbbb334299afe8f04b3e7fa) Importer(2089858483,b0f066a214c2f5e87bad3c948f4d605d)
Start importing Assets/MainAssets/YughuesFreeNormalMaps/Materials/M_YFNMap_Ripple2.mat using Guid(5a0384d8bfbbb334299afe8f04b3e7fa) Importer(2089858483,b0f066a214c2f5e87bad3c948f4d605d) (ScriptedImporter) -> (artifact id: '7639e9ac6c44d4f6bcca7b5854c809da') in 0.0139022 seconds
Number of updated asset objects reloaded before import = 0Number of asset objects unloaded after import = 3

========================================================================
Received Import Request.
  Time since last request: 0.000036 seconds.
  path: Assets/MainAssets/YughuesFreeNormalMaps/Materials/M_YFNMap_Cubes.mat
  artifactKey: Guid(53ab148faf5594b49833d0441c07d8c2) Importer(2089858483,b0f066a214c2f5e87bad3c948f4d605d)
Start importing Assets/MainAssets/YughuesFreeNormalMaps/Materials/M_YFNMap_Cubes.mat using Guid(53ab148faf5594b49833d0441c07d8c2) Importer(2089858483,b0f066a214c2f5e87bad3c948f4d605d) (ScriptedImporter) -> (artifact id: 'b52085300ba697480db4000c61717044') in 0.0118245 seconds
Number of updated asset objects reloaded before import = 0Number of asset objects unloaded after import = 3

========================================================================
Received Import Request.
  Time since last request: 0.000038 seconds.
  path: Assets/MainAssets/YughuesFreeNormalMaps/Materials/M_YFNMap_FractalDiamond.mat
  artifactKey: Guid(3eff2e8a8d9b99046ab1b03085f61a63) Importer(2089858483,b0f066a214c2f5e87bad3c948f4d605d)
Start importing Assets/MainAssets/YughuesFreeNormalMaps/Materials/M_YFNMap_FractalDiamond.mat using Guid(3eff2e8a8d9b99046ab1b03085f61a63) Importer(2089858483,b0f066a214c2f5e87bad3c948f4d605d) (ScriptedImporter) -> (artifact id: 'f40c908f318ae62f6f758f31f7b9e70e') in 0.0113584 seconds
Number of updated asset objects reloaded before import = 0Number of asset objects unloaded after import = 3

========================================================================
Received Import Request.
  Time since last request: 0.000047 seconds.
  path: Assets/MainAssets/YughuesFreeNormalMaps/Materials/M_YFNMap_Xlvl3b.mat
  artifactKey: Guid(62a06edec251c2a4fbad22b78e9490b2) Importer(2089858483,b0f066a214c2f5e87bad3c948f4d605d)
Start importing Assets/MainAssets/YughuesFreeNormalMaps/Materials/M_YFNMap_Xlvl3b.mat using Guid(62a06edec251c2a4fbad22b78e9490b2) Importer(2089858483,b0f066a214c2f5e87bad3c948f4d605d) (ScriptedImporter) -> (artifact id: '0d0049174f7d80d3ad4a1aeb78c435ea') in 0.0129687 seconds
Number of updated asset objects reloaded before import = 0Number of asset objects unloaded after import = 3

========================================================================
Received Import Request.
  Time since last request: 0.000036 seconds.
  path: Assets/MainAssets/YughuesFreeNormalMaps/Materials/M_YFNMap_Ripple2b.mat
  artifactKey: Guid(5cc4b5b500047d84fb30a52330455824) Importer(2089858483,b0f066a214c2f5e87bad3c948f4d605d)
Start importing Assets/MainAssets/YughuesFreeNormalMaps/Materials/M_YFNMap_Ripple2b.mat using Guid(5cc4b5b500047d84fb30a52330455824) Importer(2089858483,b0f066a214c2f5e87bad3c948f4d605d) (ScriptedImporter) -> (artifact id: '6688bf5d8d8c3159e7a9b74a7216f783') in 0.012435 seconds
Number of updated asset objects reloaded before import = 0Number of asset objects unloaded after import = 3

========================================================================
Received Import Request.
  Time since last request: 0.000035 seconds.
  path: Assets/MainAssets/YughuesFreeNormalMaps/Materials/M_YFNMap_FauxTin02_n.mat
  artifactKey: Guid(22dc03477fdc52c408996dd224745670) Importer(2089858483,b0f066a214c2f5e87bad3c948f4d605d)
Start importing Assets/MainAssets/YughuesFreeNormalMaps/Materials/M_YFNMap_FauxTin02_n.mat using Guid(22dc03477fdc52c408996dd224745670) Importer(2089858483,b0f066a214c2f5e87bad3c948f4d605d) (ScriptedImporter) -> (artifact id: 'b803001fe322e8c3ad3e5639a4b52aa4') in 0.011435 seconds
Number of updated asset objects reloaded before import = 0Number of asset objects unloaded after import = 3

Editor requested this worker to shutdown with reason: Scaling down because of idle timeout
AssetImportWorker is now disconnected from the server
Process exiting
Exiting without the bug reporter. Application will terminate with return code 0