Built from '6000.3/respin/6000.3.5f1-a1ec4b2f2d19' branch; Version is '6000.3.5f2 (3fa8bc678cb0) revision 4171964'; Using compiler version '194234433'; Build Type 'Release'
[Licensing::Module] Trying to connect to existing licensing client channel...
OS: 'Windows 11  (10.0.26100) Core' Language: 'en' Physical Memory: 32654 MB
[Licensing::IpcConnector] Successfully connected to: "LicenseClient-ady" at "2026-01-28T15:15:29.9253092Z"
BatchMode: 1, IsHumanControllingUs: 0, StartBugReporterOnCrash: 0, Is64bit: 1
System  architecture: x64
Process architecture: x64
Date: 2026-01-28T15:15:29Z

COMMAND LINE ARGUMENTS:
C:\Program Files\Unity\Hub\Editor\6000.3.5f2\Editor\Unity.exe
-adb2
-batchMode
-noUpm
-name
AssetImportWorker17
-projectPath
C:/Users/ady/Documents/GitHub/GlobalGameJamGame2026
-logFile
Logs/AssetImportWorker17.log
-srvPort
58448
-job-worker-count
7
-background-job-worker-count
8
-gc-helper-count
1
-name
AssetImport
Successfully changed project path to: C:/Users/ady/Documents/GitHub/GlobalGameJamGame2026
C:/Users/ady/Documents/GitHub/GlobalGameJamGame2026
[UnityMemory] Configuration Parameters - Can be set up in boot.config
    "memorysetup-temp-allocator-size-nav-mesh-worker=65536"
    "memorysetup-temp-allocator-size-audio-worker=65536"
    "memorysetup-temp-allocator-size-gfx=262144"
    "memorysetup-allocator-temp-initial-block-size-main=262144"
    "memorysetup-allocator-temp-initial-block-size-worker=262144"
    "memorysetup-temp-allocator-size-background-worker=32768"
    "memorysetup-temp-allocator-size-job-worker=262144"
    "memorysetup-temp-allocator-size-preload-manager=33554432"
    "memorysetup-temp-allocator-size-gi-baking-worker=262144"
    "memorysetup-temp-allocator-size-gi-baking-worker=262144"
    "memorysetup-temp-allocator-size-gi-baking-worker=262144"
    "memorysetup-temp-allocator-size-gi-baking-worker=262144"
    "memorysetup-temp-allocator-size-gi-baking-worker=262144"
    "memorysetup-bucket-allocator-granularity=16"
    "memorysetup-bucket-allocator-bucket-count=8"
    "memorysetup-bucket-allocator-block-size=33554432"
    "memorysetup-bucket-allocator-block-count=8"
    "memorysetup-main-allocator-block-size=16777216"
    "memorysetup-thread-allocator-block-size=16777216"
    "memorysetup-gfx-main-allocator-block-size=16777216"
    "memorysetup-gfx-thread-allocator-block-size=16777216"
    "memorysetup-cache-allocator-block-size=4194304"
    "memorysetup-typetree-allocator-block-size=2097152"
    "memorysetup-profiler-bucket-allocator-granularity=16"
    "memorysetup-profiler-bucket-allocator-bucket-count=8"
    "memorysetup-profiler-bucket-allocator-block-size=33554432"
    "memorysetup-profiler-bucket-allocator-block-count=8"
    "memorysetup-profiler-allocator-block-size=16777216"
    "memorysetup-profiler-editor-allocator-block-size=1048576"
    "memorysetup-temp-allocator-size-main=16777216"
    "memorysetup-job-temp-allocator-block-size=2097152"
    "memorysetup-job-temp-allocator-block-size-background=1048576"
    "memorysetup-job-temp-allocator-reduction-small-platforms=262144"
    "memorysetup-temp-allocator-size-cloud-worker=32768"
Player connection [35104]  Target information:

Player connection [35104]  * "[IP] 192.168.1.207 [Port] 0 [Flags] 2 [Guid] 3328164445 [EditorId] 3328164445 [Version] 1048832 [Id] WindowsEditor(7,DESKTOP-IAST724) [Debug] 1 [PackageName] WindowsEditor [ProjectName] Editor" 

Player connection [35104] Host joined multi-casting on [225.0.0.222:54997]...
Player connection [35104] Host joined alternative multi-casting on [225.0.0.222:34997]...
JobSystem: Creating JobQueue using job-worker-count value 7
Input System module state changed to: Initialized.
[Physics::Module] Initialized fallback backend.
[Physics::Module] Id: 0xdecafbad
Library Redirect Path: Library/
[Physics::Module] Selected backend.
[Physics::Module] Name: PhysX
[Physics::Module] Id: 0xf2b8ea05
[Physics::Module] SDK Version: 4.1.2
[Physics::Module] Integration Version: 1.0.0
[Physics::Module] Threading Mode: Multi-Threaded
Refreshing native plugins compatible for Editor in 4.69 ms, found 3 plugins.
Preloading 0 native plugins for Editor in 0.00 ms.
Initialize engine version: 6000.3.5f2 (3fa8bc678cb0)
[Subsystems] Discovering subsystems at path C:/Program Files/Unity/Hub/Editor/6000.3.5f2/Editor/Data/Resources/UnitySubsystems
[Subsystems] Discovering subsystems at path C:/Users/ady/Documents/GitHub/GlobalGameJamGame2026/Assets
GfxDevice: creating device client; kGfxThreadingModeNonThreaded
Direct3D:
    Version:  Direct3D 11.0 [level 11.1]
    Renderer: NVIDIA GeForce RTX 4070 (ID=0x2786)
    Vendor:   NVIDIA
    VRAM:     12010 MB
    Driver:   32.0.15.9174
Initialize mono
Mono path[0] = 'C:/Program Files/Unity/Hub/Editor/6000.3.5f2/Editor/Data/Managed'
Mono path[1] = 'C:/Program Files/Unity/Hub/Editor/6000.3.5f2/Editor/Data/MonoBleedingEdge/lib/mono/unityjit-win32'
Mono config path = 'C:/Program Files/Unity/Hub/Editor/6000.3.5f2/Editor/Data/MonoBleedingEdge/etc'
Using monoOptions --debugger-agent=transport=dt_socket,embedding=1,server=y,suspend=n,address=127.0.0.1:56292
Begin MonoManager ReloadAssembly
Registering precompiled unity dll's ...
Register platform support module: C:/Program Files/Unity/Hub/Editor/6000.3.5f2/Editor/Data/PlaybackEngines/WindowsStandaloneSupport/UnityEditor.WindowsStandalone.Extensions.dll
Registered in 0.002899 seconds.
[Licensing::Client] Handshaking with LicensingClient:
  Version:                 1.17.4+4293ba1
  Session Id:              473b616a7990409489c00a939d91200e
  Correlation Id:          5deea81f421e7221185a8b536ced2ffa
  External correlation Id: 3717494397206567875
  Machine Id:              w74mvXlGn566yFKgA+XQ5jLQxKI=
[Licensing::Module] Successfully connected to LicensingClient on channel: "LicenseClient-ady" (connect: 0.00s, validation: 0.00s, handshake: 1.77s)
[Licensing::IpcConnector] Successfully connected to: "LicenseClient-ady-notifications" at "2026-01-28T15:15:31.6985411Z"
[Licensing::Module] Licensing Background thread has ended after 1.77s
- Loaded All Assemblies, in  0.793 seconds
Native extension for WindowsStandalone target not found
ScheduleIndexationOnStartup MainProcess:False IndexOnStartup:True
Mono: successfully reloaded assembly
- Finished resetting the current domain, in  0.631 seconds
Domain Reload Profiling: 1417ms
	BeginReloadAssembly (304ms)
		ExecutionOrderSort (0ms)
		DisableScriptedObjects (0ms)
		BackupInstance (0ms)
		ReleaseScriptingObjects (0ms)
		CreateAndSetChildDomain (1ms)
	RebuildCommonClasses (70ms)
	RebuildNativeTypeToScriptingClass (20ms)
	initialDomainReloadingComplete (86ms)
	LoadAllAssembliesAndSetupDomain (307ms)
		LoadAssemblies (297ms)
		RebuildTransferFunctionScriptingTraits (0ms)
		AnalyzeDomain (302ms)
			TypeCache.Refresh (300ms)
				TypeCache.ScanAssembly (255ms)
			BuildScriptInfoCaches (0ms)
			ResolveRequiredComponents (1ms)
	FinalizeReload (631ms)
		ReleaseScriptCaches (0ms)
		RebuildScriptCaches (0ms)
		SetupLoadedEditorAssemblies (550ms)
			LogAssemblyErrors (0ms)
			InitializePlatformSupportModulesInManaged (72ms)
			SetLoadedEditorAssemblies (7ms)
			BeforeProcessingInitializeOnLoad (136ms)
			ProcessInitializeOnLoadAttributes (220ms)
			ProcessInitializeOnLoadMethodAttributes (114ms)
			AfterProcessingInitializeOnLoad (0ms)
			EditorAssembliesLoaded (0ms)
		ExecutionOrderSort2 (0ms)
		AwakeInstancesAfterBackupRestoration (0ms)
========================================================================
Worker process is ready to serve import requests
Import Worker Mode flag is 0x00
Begin MonoManager ReloadAssembly
[Licensing::Client] Successfully resolved entitlement details
[Licensing::Module] License group:
  Id: 5773840413360-UnityPersXXXX
  Product: Unity Personal
  Type: Assigned
  Expiration: Unlimited
- Loaded All Assemblies, in  1.390 seconds
Refreshing native plugins compatible for Editor in 1.41 ms, found 3 plugins.
Native extension for WindowsStandalone target not found
Package Manager log level set to [2]
[Package Manager] Failed to launch server process. Reason: Unity was launched with the -noUpm command-line argument
[Package Manager] Unable to send message (not connected to server process).
[Package Manager] Cannot connect to Unity Package Manager local server
ScheduleIndexationOnStartup MainProcess:False IndexOnStartup:True
Mono: successfully reloaded assembly
- Finished resetting the current domain, in  1.314 seconds
Domain Reload Profiling: 2691ms
	BeginReloadAssembly (301ms)
		ExecutionOrderSort (0ms)
		DisableScriptedObjects (10ms)
		BackupInstance (0ms)
		ReleaseScriptingObjects (0ms)
		CreateAndSetChildDomain (57ms)
	RebuildCommonClasses (64ms)
	RebuildNativeTypeToScriptingClass (22ms)
	initialDomainReloadingComplete (68ms)
	LoadAllAssembliesAndSetupDomain (922ms)
		LoadAssemblies (599ms)
		RebuildTransferFunctionScriptingTraits (0ms)
		AnalyzeDomain (484ms)
			TypeCache.Refresh (344ms)
				TypeCache.ScanAssembly (273ms)
			BuildScriptInfoCaches (117ms)
			ResolveRequiredComponents (16ms)
	FinalizeReload (1315ms)
		ReleaseScriptCaches (0ms)
		RebuildScriptCaches (0ms)
		SetupLoadedEditorAssemblies (1013ms)
			LogAssemblyErrors (0ms)
			InitializePlatformSupportModulesInManaged (2ms)
			SetLoadedEditorAssemblies (8ms)
			BeforeProcessingInitializeOnLoad (256ms)
			ProcessInitializeOnLoadAttributes (591ms)
			ProcessInitializeOnLoadMethodAttributes (124ms)
			AfterProcessingInitializeOnLoad (31ms)
			EditorAssembliesLoaded (0ms)
		ExecutionOrderSort2 (0ms)
		AwakeInstancesAfterBackupRestoration (9ms)
Launched and connected shader compiler UnityShaderCompiler.exe after 0.02 seconds
Refreshing native plugins compatible for Editor in 1.44 ms, found 3 plugins.
Preloading 0 native plugins for Editor in 0.00 ms.
Unloading 16 Unused Serialized files (Serialized files now loaded: 0)
Unloading 6262 unused Assets / (3.1 MB). Loaded Objects now: 7080.
Memory consumption went from 147.6 MB to 144.4 MB.
Total: 18.803500 ms (FindLiveObjects: 1.817900 ms CreateObjectMapping: 1.206600 ms MarkObjects: 11.139500 ms  DeleteObjects: 4.638600 ms)

========================================================================
Received Import Request.
  Time since last request: 18541.175514 seconds.
  path: Assets/MainAssets/textures/wood_table_001_metallicRoughness.png
  artifactKey: Guid(5ed1262a3ff01b74d8993ef3b16492ec) Importer(2089858483,b0f066a214c2f5e87bad3c948f4d605d)
Start importing Assets/MainAssets/textures/wood_table_001_metallicRoughness.png using Guid(5ed1262a3ff01b74d8993ef3b16492ec) Importer(2089858483,b0f066a214c2f5e87bad3c948f4d605d) (ScriptedImporter) -> (artifact id: 'ab13f16eaad412d3be188abc6879b8e4') in 0.1810873 seconds
Number of updated asset objects reloaded before import = 0Number of asset objects unloaded after import = 1

========================================================================
Received Import Request.
  Time since last request: 0.000019 seconds.
  path: Assets/MainAssets/textures/Counter_emissive.png
  artifactKey: Guid(588075ceba9c30543b7c18ecc466c98e) Importer(2089858483,b0f066a214c2f5e87bad3c948f4d605d)
Start importing Assets/MainAssets/textures/Counter_emissive.png using Guid(588075ceba9c30543b7c18ecc466c98e) Importer(2089858483,b0f066a214c2f5e87bad3c948f4d605d) (ScriptedImporter) -> (artifact id: 'a05ac3588ab07b38e0871ab497242b49') in 0.0128651 seconds
Number of updated asset objects reloaded before import = 0Number of asset objects unloaded after import = 1

========================================================================
Received Import Request.
  Time since last request: 3.777791 seconds.
  path: Assets/MainAssets/textures/Counter_baseColor.png
  artifactKey: Guid(94c98650f6569324c8a433f6bb74c007) Importer(815301076,1909f56bfc062723c751e8b465ee728b)
Start importing Assets/MainAssets/textures/Counter_baseColor.png using Guid(94c98650f6569324c8a433f6bb74c007) Importer(815301076,1909f56bfc062723c751e8b465ee728b) (PreviewImporter) -> (artifact id: 'e767047c9ebf9c3e7ab35abb4241d3fa') in 0.077925 seconds
Number of updated asset objects reloaded before import = 0Number of asset objects unloaded after import = 2

========================================================================
Received Import Request.
  Time since last request: 0.000026 seconds.
  path: Assets/MainAssets/textures/Grid_baseColor.png
  artifactKey: Guid(1836eb17b28759e4ea3a24e670adb212) Importer(815301076,1909f56bfc062723c751e8b465ee728b)
Start importing Assets/MainAssets/textures/Grid_baseColor.png using Guid(1836eb17b28759e4ea3a24e670adb212) Importer(815301076,1909f56bfc062723c751e8b465ee728b) (PreviewImporter) -> (artifact id: '6cea417b618e075d5e3ca2be9da7f9f8') in 0.0101477 seconds
Number of updated asset objects reloaded before import = 0Number of asset objects unloaded after import = 2

========================================================================
Received Import Request.
  Time since last request: 9.760472 seconds.
  path: Assets/MainAssets/AllSkyFree/Cartoon Base NightSky/Cartoon Base NightSky Equirect.mat
  artifactKey: Guid(3a6db933fef1d4c759bf21220420505f) Importer(815301076,1909f56bfc062723c751e8b465ee728b)
Start importing Assets/MainAssets/AllSkyFree/Cartoon Base NightSky/Cartoon Base NightSky Equirect.mat using Guid(3a6db933fef1d4c759bf21220420505f) Importer(815301076,1909f56bfc062723c751e8b465ee728b) (PreviewImporter) -> (artifact id: '7da1e4ea8bfc9ed70a7bb8cc2cb54293') in 0.7177715 seconds
Number of updated asset objects reloaded before import = 0Number of asset objects unloaded after import = 2

========================================================================
Received Import Request.
  Time since last request: 0.000046 seconds.
  path: Assets/MainAssets/AllSkyFree/Deep Dusk/Deep Dusk.mat
  artifactKey: Guid(b4f152e0498484391a9f0d5a1facf03b) Importer(815301076,1909f56bfc062723c751e8b465ee728b)
Start importing Assets/MainAssets/AllSkyFree/Deep Dusk/Deep Dusk.mat using Guid(b4f152e0498484391a9f0d5a1facf03b) Importer(815301076,1909f56bfc062723c751e8b465ee728b) (PreviewImporter) -> (artifact id: 'ee8c739a35d90cdcffa141bad0e0986b') in 0.0529376 seconds
Number of updated asset objects reloaded before import = 0Number of asset objects unloaded after import = 7

========================================================================
Received Import Request.
  Time since last request: 0.000049 seconds.
  path: Assets/MainAssets/AllSkyFree/Epic_BlueSunset/Epic_BlueSunset Equirect.mat
  artifactKey: Guid(cdbb40e11399e4a17882ada20a1b896a) Importer(815301076,1909f56bfc062723c751e8b465ee728b)
Start importing Assets/MainAssets/AllSkyFree/Epic_BlueSunset/Epic_BlueSunset Equirect.mat using Guid(cdbb40e11399e4a17882ada20a1b896a) Importer(815301076,1909f56bfc062723c751e8b465ee728b) (PreviewImporter) -> (artifact id: '9c66046d174221bfb21160076dca314d') in 0.0513888 seconds
Number of updated asset objects reloaded before import = 0Number of asset objects unloaded after import = 2

========================================================================
Received Import Request.
  Time since last request: 0.000043 seconds.
  path: Assets/MainAssets/AllSkyFree/Deep Dusk/Deep Dusk Equirect.mat
  artifactKey: Guid(c82a334cf5a5e47978749c210cee72a7) Importer(815301076,1909f56bfc062723c751e8b465ee728b)
Start importing Assets/MainAssets/AllSkyFree/Deep Dusk/Deep Dusk Equirect.mat using Guid(c82a334cf5a5e47978749c210cee72a7) Importer(815301076,1909f56bfc062723c751e8b465ee728b) (PreviewImporter) -> (artifact id: 'd56089ed520a1583a850fdffdf3881a0') in 0.0390492 seconds
Number of updated asset objects reloaded before import = 0Number of asset objects unloaded after import = 2

========================================================================
Received Import Request.
  Time since last request: 0.000030 seconds.
  path: Assets/MainAssets/Pegasus Studios/Elegant Interior Decor 3D Models Pack/Resources/Materials/Dark Wood.mat
  artifactKey: Guid(01fca3f2632eb8440a3275e20164ad81) Importer(815301076,1909f56bfc062723c751e8b465ee728b)
Start importing Assets/MainAssets/Pegasus Studios/Elegant Interior Decor 3D Models Pack/Resources/Materials/Dark Wood.mat using Guid(01fca3f2632eb8440a3275e20164ad81) Importer(815301076,1909f56bfc062723c751e8b465ee728b) (PreviewImporter) -> (artifact id: '654c31b56173eb9b4e8ce191520f6f1a') in 4.6676139 seconds
Number of updated asset objects reloaded before import = 0Number of asset objects unloaded after import = 4

========================================================================
Received Import Request.
  Time since last request: 25.845897 seconds.
  path: Assets/MainAssets/YughuesFreeNormalMaps/Materials/M_YFNMap_Arcs.mat
  artifactKey: Guid(ee1c9b222a8a869478968884cbb1a0e5) Importer(815301076,1909f56bfc062723c751e8b465ee728b)
Start importing Assets/MainAssets/YughuesFreeNormalMaps/Materials/M_YFNMap_Arcs.mat using Guid(ee1c9b222a8a869478968884cbb1a0e5) Importer(815301076,1909f56bfc062723c751e8b465ee728b) (PreviewImporter) -> (artifact id: 'f67aa636e36a426cc75fb63cf9631fd6') in 0.0310452 seconds
Number of updated asset objects reloaded before import = 0Number of asset objects unloaded after import = 3

========================================================================
Received Import Request.
  Time since last request: 0.000036 seconds.
  path: Assets/MainAssets/YughuesFreeNormalMaps/Materials/M_YFNMap_CornerHexa.mat
  artifactKey: Guid(a84970925e3b5d54dbfd56fbdf608064) Importer(815301076,1909f56bfc062723c751e8b465ee728b)
Start importing Assets/MainAssets/YughuesFreeNormalMaps/Materials/M_YFNMap_CornerHexa.mat using Guid(a84970925e3b5d54dbfd56fbdf608064) Importer(815301076,1909f56bfc062723c751e8b465ee728b) (PreviewImporter) -> (artifact id: '2127ed7381a3e464d65f36c18008cdc3') in 0.0272443 seconds
Number of updated asset objects reloaded before import = 0Number of asset objects unloaded after import = 3

========================================================================
Received Import Request.
  Time since last request: 0.000039 seconds.
  path: Assets/MainAssets/YughuesFreeNormalMaps/Materials/M_YFNMap_CornerSharp.mat
  artifactKey: Guid(6fa48c2a126d0d74e8bb671b62e8cb1b) Importer(815301076,1909f56bfc062723c751e8b465ee728b)
Start importing Assets/MainAssets/YughuesFreeNormalMaps/Materials/M_YFNMap_CornerSharp.mat using Guid(6fa48c2a126d0d74e8bb671b62e8cb1b) Importer(815301076,1909f56bfc062723c751e8b465ee728b) (PreviewImporter) -> (artifact id: '422b8aca29765e8b198bda1a3b5351e8') in 0.0260544 seconds
Number of updated asset objects reloaded before import = 0Number of asset objects unloaded after import = 3

========================================================================
Received Import Request.
  Time since last request: 0.050404 seconds.
  path: Assets/MainAssets/YughuesFreeNormalMaps/Materials/M_YFNMap_FauxTin02.mat
  artifactKey: Guid(b82727eb257fde3419559b557797a55c) Importer(815301076,1909f56bfc062723c751e8b465ee728b)
Start importing Assets/MainAssets/YughuesFreeNormalMaps/Materials/M_YFNMap_FauxTin02.mat using Guid(b82727eb257fde3419559b557797a55c) Importer(815301076,1909f56bfc062723c751e8b465ee728b) (PreviewImporter) -> (artifact id: '50451b700f82886d8cf174c3174892b1') in 0.052743 seconds
Number of updated asset objects reloaded before import = 0Number of asset objects unloaded after import = 3

========================================================================
Received Import Request.
  Time since last request: 0.000039 seconds.
  path: Assets/MainAssets/YughuesFreeNormalMaps/Materials/M_YFNMap_Flowers.mat
  artifactKey: Guid(dae6c63a41c3a094d9bc675e4fd668fd) Importer(815301076,1909f56bfc062723c751e8b465ee728b)
Start importing Assets/MainAssets/YughuesFreeNormalMaps/Materials/M_YFNMap_Flowers.mat using Guid(dae6c63a41c3a094d9bc675e4fd668fd) Importer(815301076,1909f56bfc062723c751e8b465ee728b) (PreviewImporter) -> (artifact id: '0173444ba3fc3825b8a1ad54da457360') in 0.0391053 seconds
Number of updated asset objects reloaded before import = 0Number of asset objects unloaded after import = 3

========================================================================
Received Import Request.
  Time since last request: 0.000039 seconds.
  path: Assets/MainAssets/YughuesFreeNormalMaps/Materials/M_YFNMap_Panels.mat
  artifactKey: Guid(45224b9160593ac4eaa8961f5584dbe7) Importer(815301076,1909f56bfc062723c751e8b465ee728b)
Start importing Assets/MainAssets/YughuesFreeNormalMaps/Materials/M_YFNMap_Panels.mat using Guid(45224b9160593ac4eaa8961f5584dbe7) Importer(815301076,1909f56bfc062723c751e8b465ee728b) (PreviewImporter) -> (artifact id: '1027bc37068de03fa0d6f996ba7522b8') in 0.032266 seconds
Number of updated asset objects reloaded before import = 0Number of asset objects unloaded after import = 3

========================================================================
Received Import Request.
  Time since last request: 0.000118 seconds.
  path: Assets/MainAssets/YughuesFreeNormalMaps/Materials/M_YFNMap_Ripple2b.mat
  artifactKey: Guid(5cc4b5b500047d84fb30a52330455824) Importer(815301076,1909f56bfc062723c751e8b465ee728b)
Start importing Assets/MainAssets/YughuesFreeNormalMaps/Materials/M_YFNMap_Ripple2b.mat using Guid(5cc4b5b500047d84fb30a52330455824) Importer(815301076,1909f56bfc062723c751e8b465ee728b) (PreviewImporter) -> (artifact id: '58b7b3290f436d0adcd712921b15c319') in 0.0256879 seconds
Number of updated asset objects reloaded before import = 0Number of asset objects unloaded after import = 3

========================================================================
Received Import Request.
  Time since last request: 0.000028 seconds.
  path: Assets/MainAssets/YughuesFreeNormalMaps/Materials/M_YFNMap_SquarerRoot.mat
  artifactKey: Guid(448065ae1486b194980792a7749912f9) Importer(815301076,1909f56bfc062723c751e8b465ee728b)
Start importing Assets/MainAssets/YughuesFreeNormalMaps/Materials/M_YFNMap_SquarerRoot.mat using Guid(448065ae1486b194980792a7749912f9) Importer(815301076,1909f56bfc062723c751e8b465ee728b) (PreviewImporter) -> (artifact id: 'a220e8a3735c4e7926bbcd8026a7a94c') in 0.0266455 seconds
Number of updated asset objects reloaded before import = 0Number of asset objects unloaded after import = 3

========================================================================
Received Import Request.
  Time since last request: 0.000036 seconds.
  path: Assets/MainAssets/YughuesFreeNormalMaps/Materials/M_YFNMap_Ripple3.mat
  artifactKey: Guid(0db1ea0a1f33a9e47866f6ae1895fe8a) Importer(815301076,1909f56bfc062723c751e8b465ee728b)
Start importing Assets/MainAssets/YughuesFreeNormalMaps/Materials/M_YFNMap_Ripple3.mat using Guid(0db1ea0a1f33a9e47866f6ae1895fe8a) Importer(815301076,1909f56bfc062723c751e8b465ee728b) (PreviewImporter) -> (artifact id: '30a51e4622b9e4915b835160fb5b01e9') in 0.0313578 seconds
Number of updated asset objects reloaded before import = 0Number of asset objects unloaded after import = 3

========================================================================
Received Import Request.
  Time since last request: 0.058677 seconds.
  path: Assets/MainAssets/YughuesFreeNormalMaps/Materials/M_YFNMap_Xlvl3.mat
  artifactKey: Guid(c72fdeb706ce4ab46a6e047c6ce1566a) Importer(815301076,1909f56bfc062723c751e8b465ee728b)
Start importing Assets/MainAssets/YughuesFreeNormalMaps/Materials/M_YFNMap_Xlvl3.mat using Guid(c72fdeb706ce4ab46a6e047c6ce1566a) Importer(815301076,1909f56bfc062723c751e8b465ee728b) (PreviewImporter) -> (artifact id: '546ea9dd488ea211bd18ecf13b30d283') in 0.0315821 seconds
Number of updated asset objects reloaded before import = 0Number of asset objects unloaded after import = 3

========================================================================
Received Import Request.
  Time since last request: 0.666529 seconds.
  path: Assets/MainAssets/Pegasus Studios/Elegant Interior Decor 3D Models Pack/Resources/Materials/Painting (Familly).mat
  artifactKey: Guid(54888e33026a5e84f8eac673b21a41a3) Importer(815301076,1909f56bfc062723c751e8b465ee728b)
Start importing Assets/MainAssets/Pegasus Studios/Elegant Interior Decor 3D Models Pack/Resources/Materials/Painting (Familly).mat using Guid(54888e33026a5e84f8eac673b21a41a3) Importer(815301076,1909f56bfc062723c751e8b465ee728b) (PreviewImporter) -> (artifact id: '9470a9cfed568124146a708dbefb29d3') in 0.0135549 seconds
Number of updated asset objects reloaded before import = 0Number of asset objects unloaded after import = 2

========================================================================
Received Import Request.
  Time since last request: 0.000040 seconds.
  path: Assets/MainAssets/Pegasus Studios/Elegant Interior Decor 3D Models Pack/Resources/Materials/Pink Red 5.mat
  artifactKey: Guid(c9012a938c123fd4aafc54bd9bb78417) Importer(815301076,1909f56bfc062723c751e8b465ee728b)
Start importing Assets/MainAssets/Pegasus Studios/Elegant Interior Decor 3D Models Pack/Resources/Materials/Pink Red 5.mat using Guid(c9012a938c123fd4aafc54bd9bb78417) Importer(815301076,1909f56bfc062723c751e8b465ee728b) (PreviewImporter) -> (artifact id: '765a4877ee20f826fce45ed51a5a4ef6') in 0.0125218 seconds
Number of updated asset objects reloaded before import = 0Number of asset objects unloaded after import = 1

========================================================================
Received Import Request.
  Time since last request: 0.000042 seconds.
  path: Assets/MainAssets/Pegasus Studios/Elegant Interior Decor 3D Models Pack/Resources/Materials/Polished Wood.mat
  artifactKey: Guid(1878dda277c71f74f9c87e17bd81cfeb) Importer(815301076,1909f56bfc062723c751e8b465ee728b)
Start importing Assets/MainAssets/Pegasus Studios/Elegant Interior Decor 3D Models Pack/Resources/Materials/Polished Wood.mat using Guid(1878dda277c71f74f9c87e17bd81cfeb) Importer(815301076,1909f56bfc062723c751e8b465ee728b) (PreviewImporter) -> (artifact id: '4dc94777c3321c942b01626435c84711') in 0.0120154 seconds
Number of updated asset objects reloaded before import = 0Number of asset objects unloaded after import = 1

========================================================================
Received Import Request.
  Time since last request: 0.000038 seconds.
  path: Assets/MainAssets/Pegasus Studios/Elegant Interior Decor 3D Models Pack/Resources/Materials/Pillars.mat
  artifactKey: Guid(352f03fff24313d44a1e6b5566fc303a) Importer(815301076,1909f56bfc062723c751e8b465ee728b)
Start importing Assets/MainAssets/Pegasus Studios/Elegant Interior Decor 3D Models Pack/Resources/Materials/Pillars.mat using Guid(352f03fff24313d44a1e6b5566fc303a) Importer(815301076,1909f56bfc062723c751e8b465ee728b) (PreviewImporter) -> (artifact id: '1062324711b4e9b6e64db746b31a46d4') in 0.0121804 seconds
Number of updated asset objects reloaded before import = 0Number of asset objects unloaded after import = 2

========================================================================
Received Import Request.
  Time since last request: 0.000026 seconds.
  path: Assets/MainAssets/Pegasus Studios/Elegant Interior Decor 3D Models Pack/Resources/Materials/Red Gold.mat
  artifactKey: Guid(98ffad6f97019c7459bf304786919cca) Importer(815301076,1909f56bfc062723c751e8b465ee728b)
Start importing Assets/MainAssets/Pegasus Studios/Elegant Interior Decor 3D Models Pack/Resources/Materials/Red Gold.mat using Guid(98ffad6f97019c7459bf304786919cca) Importer(815301076,1909f56bfc062723c751e8b465ee728b) (PreviewImporter) -> (artifact id: 'd1c50db8a9ae907d0be598088fc79931') in 0.0120997 seconds
Number of updated asset objects reloaded before import = 0Number of asset objects unloaded after import = 1

========================================================================
Received Import Request.
  Time since last request: 0.000041 seconds.
  path: Assets/TextMesh Pro/Examples & Extras/Resources/Fonts & Materials/Roboto-Bold SDF - URP.mat
  artifactKey: Guid(90722b8bd74d9aa49958562aff7bdf76) Importer(815301076,1909f56bfc062723c751e8b465ee728b)
Start importing Assets/TextMesh Pro/Examples & Extras/Resources/Fonts & Materials/Roboto-Bold SDF - URP.mat using Guid(90722b8bd74d9aa49958562aff7bdf76) Importer(815301076,1909f56bfc062723c751e8b465ee728b) (PreviewImporter) -> (artifact id: 'a06e2597e8155f896f1ab7231c06748c') in 4.0403479 seconds
Number of updated asset objects reloaded before import = 0Number of asset objects unloaded after import = 3

Editor requested this worker to shutdown with reason: Scaling down because of idle timeout
AssetImportWorker is now disconnected from the server
Process exiting
Exiting without the bug reporter. Application will terminate with return code 0