[Licensing::Module] Trying to connect to existing licensing client channel...
[Licensing::IpcConnector] Successfully connected to: "LicenseClient-ady" at "2026-01-28T19:56:58.6058707Z"
Built from '6000.3/respin/6000.3.5f1-a1ec4b2f2d19' branch; Version is '6000.3.5f2 (3fa8bc678cb0) revision 4171964'; Using compiler version '194234433'; Build Type 'Release'
OS: 'Windows 11  (10.0.26100) Core' Language: 'en' Physical Memory: 32654 MB
BatchMode: 1, IsHumanControllingUs: 0, StartBugReporterOnCrash: 0, Is64bit: 1
System  architecture: x64
Process architecture: x64
Date: 2026-01-28T19:56:58Z

COMMAND LINE ARGUMENTS:
C:\Program Files\Unity\Hub\Editor\6000.3.5f2\Editor\Unity.exe
-adb2
-batchMode
-noUpm
-name
AssetImportWorker21
-projectPath
C:/Users/ady/Documents/GitHub/GlobalGameJamGame2026
-logFile
Logs/AssetImportWorker21.log
-srvPort
58448
-job-worker-count
7
-background-job-worker-count
8
-gc-helper-count
1
-name
AssetImport
Successfully changed project path to: C:/Users/ady/Documents/GitHub/GlobalGameJamGame2026
C:/Users/ady/Documents/GitHub/GlobalGameJamGame2026
[UnityMemory] Configuration Parameters - Can be set up in boot.config
    "memorysetup-temp-allocator-size-nav-mesh-worker=65536"
    "memorysetup-temp-allocator-size-audio-worker=65536"
    "memorysetup-temp-allocator-size-gfx=262144"
    "memorysetup-allocator-temp-initial-block-size-main=262144"
    "memorysetup-allocator-temp-initial-block-size-worker=262144"
    "memorysetup-temp-allocator-size-background-worker=32768"
    "memorysetup-temp-allocator-size-job-worker=262144"
    "memorysetup-temp-allocator-size-preload-manager=33554432"
    "memorysetup-temp-allocator-size-gi-baking-worker=262144"
    "memorysetup-temp-allocator-size-gi-baking-worker=262144"
    "memorysetup-temp-allocator-size-gi-baking-worker=262144"
    "memorysetup-temp-allocator-size-gi-baking-worker=262144"
    "memorysetup-temp-allocator-size-gi-baking-worker=262144"
    "memorysetup-bucket-allocator-granularity=16"
    "memorysetup-bucket-allocator-bucket-count=8"
    "memorysetup-bucket-allocator-block-size=33554432"
    "memorysetup-bucket-allocator-block-count=8"
    "memorysetup-main-allocator-block-size=16777216"
    "memorysetup-thread-allocator-block-size=16777216"
    "memorysetup-gfx-main-allocator-block-size=16777216"
    "memorysetup-gfx-thread-allocator-block-size=16777216"
    "memorysetup-cache-allocator-block-size=4194304"
    "memorysetup-typetree-allocator-block-size=2097152"
    "memorysetup-profiler-bucket-allocator-granularity=16"
    "memorysetup-profiler-bucket-allocator-bucket-count=8"
    "memorysetup-profiler-bucket-allocator-block-size=33554432"
    "memorysetup-profiler-bucket-allocator-block-count=8"
    "memorysetup-profiler-allocator-block-size=16777216"
    "memorysetup-profiler-editor-allocator-block-size=1048576"
    "memorysetup-temp-allocator-size-main=16777216"
    "memorysetup-job-temp-allocator-block-size=2097152"
    "memorysetup-job-temp-allocator-block-size-background=1048576"
    "memorysetup-job-temp-allocator-reduction-small-platforms=262144"
    "memorysetup-temp-allocator-size-cloud-worker=32768"
Player connection [2508]  Target information:

Player connection [2508]  * "[IP] 192.168.1.207 [Port] 0 [Flags] 2 [Guid] 3996201834 [EditorId] 3996201834 [Version] 1048832 [Id] WindowsEditor(7,DESKTOP-IAST724) [Debug] 1 [PackageName] WindowsEditor [ProjectName] Editor" 

Player connection [2508] Host joined multi-casting on [225.0.0.222:54997]...
Player connection [2508] Host joined alternative multi-casting on [225.0.0.222:34997]...
JobSystem: Creating JobQueue using job-worker-count value 7
Input System module state changed to: Initialized.
[Physics::Module] Initialized fallback backend.
[Physics::Module] Id: 0xdecafbad
Library Redirect Path: Library/
[Physics::Module] Selected backend.
[Physics::Module] Name: PhysX
[Physics::Module] Id: 0xf2b8ea05
[Physics::Module] SDK Version: 4.1.2
[Physics::Module] Integration Version: 1.0.0
[Physics::Module] Threading Mode: Multi-Threaded
Refreshing native plugins compatible for Editor in 4.04 ms, found 3 plugins.
Preloading 0 native plugins for Editor in 0.00 ms.
Initialize engine version: 6000.3.5f2 (3fa8bc678cb0)
[Subsystems] Discovering subsystems at path C:/Program Files/Unity/Hub/Editor/6000.3.5f2/Editor/Data/Resources/UnitySubsystems
[Subsystems] Discovering subsystems at path C:/Users/ady/Documents/GitHub/GlobalGameJamGame2026/Assets
GfxDevice: creating device client; kGfxThreadingModeNonThreaded
Direct3D:
    Version:  Direct3D 11.0 [level 11.1]
    Renderer: NVIDIA GeForce RTX 4070 (ID=0x2786)
    Vendor:   NVIDIA
    VRAM:     12010 MB
    Driver:   32.0.15.9174
Initialize mono
Mono path[0] = 'C:/Program Files/Unity/Hub/Editor/6000.3.5f2/Editor/Data/Managed'
Mono path[1] = 'C:/Program Files/Unity/Hub/Editor/6000.3.5f2/Editor/Data/MonoBleedingEdge/lib/mono/unityjit-win32'
Mono config path = 'C:/Program Files/Unity/Hub/Editor/6000.3.5f2/Editor/Data/MonoBleedingEdge/etc'
Using monoOptions --debugger-agent=transport=dt_socket,embedding=1,server=y,suspend=n,address=127.0.0.1:56136
Begin MonoManager ReloadAssembly
Registering precompiled unity dll's ...
Register platform support module: C:/Program Files/Unity/Hub/Editor/6000.3.5f2/Editor/Data/PlaybackEngines/WindowsStandaloneSupport/UnityEditor.WindowsStandalone.Extensions.dll
Registered in 0.003477 seconds.
[Licensing::Client] Handshaking with LicensingClient:
  Version:                 1.17.4+4293ba1
  Session Id:              ea8179ac97024b938d39625e7f3517cf
  Correlation Id:          5deea81f421e7221185a8b536ced2ffa
  External correlation Id: 6352168400880950198
  Machine Id:              w74mvXlGn566yFKgA+XQ5jLQxKI=
[Licensing::Module] Successfully connected to LicensingClient on channel: "LicenseClient-ady" (connect: 0.00s, validation: 0.00s, handshake: 1.75s)
[Licensing::IpcConnector] Successfully connected to: "LicenseClient-ady-notifications" at "2026-01-28T19:57:00.3556812Z"
[Licensing::Module] Licensing Background thread has ended after 1.75s
- Loaded All Assemblies, in  0.807 seconds
Native extension for WindowsStandalone target not found
ScheduleIndexationOnStartup MainProcess:False IndexOnStartup:True
Mono: successfully reloaded assembly
- Finished resetting the current domain, in  0.689 seconds
Domain Reload Profiling: 1489ms
	BeginReloadAssembly (290ms)
		ExecutionOrderSort (0ms)
		DisableScriptedObjects (0ms)
		BackupInstance (0ms)
		ReleaseScriptingObjects (0ms)
		CreateAndSetChildDomain (1ms)
	RebuildCommonClasses (85ms)
	RebuildNativeTypeToScriptingClass (22ms)
	initialDomainReloadingComplete (92ms)
	LoadAllAssembliesAndSetupDomain (309ms)
		LoadAssemblies (281ms)
		RebuildTransferFunctionScriptingTraits (0ms)
		AnalyzeDomain (304ms)
			TypeCache.Refresh (302ms)
				TypeCache.ScanAssembly (259ms)
			BuildScriptInfoCaches (0ms)
			ResolveRequiredComponents (1ms)
	FinalizeReload (690ms)
		ReleaseScriptCaches (0ms)
		RebuildScriptCaches (0ms)
		SetupLoadedEditorAssemblies (606ms)
			LogAssemblyErrors (0ms)
			InitializePlatformSupportModulesInManaged (75ms)
			SetLoadedEditorAssemblies (7ms)
			BeforeProcessingInitializeOnLoad (147ms)
			ProcessInitializeOnLoadAttributes (253ms)
			ProcessInitializeOnLoadMethodAttributes (124ms)
			AfterProcessingInitializeOnLoad (0ms)
			EditorAssembliesLoaded (0ms)
		ExecutionOrderSort2 (0ms)
		AwakeInstancesAfterBackupRestoration (0ms)
========================================================================
Worker process is ready to serve import requests
Import Worker Mode flag is 0x00
Begin MonoManager ReloadAssembly
[Licensing::Client] Successfully resolved entitlement details
[Licensing::Module] License group:
  Id: 5773840413360-UnityPersXXXX
  Product: Unity Personal
  Type: Assigned
  Expiration: Unlimited
- Loaded All Assemblies, in  1.452 seconds
Refreshing native plugins compatible for Editor in 1.48 ms, found 3 plugins.
Native extension for WindowsStandalone target not found
Package Manager log level set to [2]
[Package Manager] Failed to launch server process. Reason: Unity was launched with the -noUpm command-line argument
[Package Manager] Unable to send message (not connected to server process).
[Package Manager] Cannot connect to Unity Package Manager local server
ScheduleIndexationOnStartup MainProcess:False IndexOnStartup:True
Mono: successfully reloaded assembly
- Finished resetting the current domain, in  1.311 seconds
Domain Reload Profiling: 2751ms
	BeginReloadAssembly (312ms)
		ExecutionOrderSort (0ms)
		DisableScriptedObjects (11ms)
		BackupInstance (0ms)
		ReleaseScriptingObjects (0ms)
		CreateAndSetChildDomain (58ms)
	RebuildCommonClasses (71ms)
	RebuildNativeTypeToScriptingClass (23ms)
	initialDomainReloadingComplete (74ms)
	LoadAllAssembliesAndSetupDomain (959ms)
		LoadAssemblies (619ms)
		RebuildTransferFunctionScriptingTraits (0ms)
		AnalyzeDomain (508ms)
			TypeCache.Refresh (358ms)
				TypeCache.ScanAssembly (291ms)
			BuildScriptInfoCaches (126ms)
			ResolveRequiredComponents (18ms)
	FinalizeReload (1311ms)
		ReleaseScriptCaches (0ms)
		RebuildScriptCaches (0ms)
		SetupLoadedEditorAssemblies (983ms)
			LogAssemblyErrors (0ms)
			InitializePlatformSupportModulesInManaged (2ms)
			SetLoadedEditorAssemblies (8ms)
			BeforeProcessingInitializeOnLoad (268ms)
			ProcessInitializeOnLoadAttributes (592ms)
			ProcessInitializeOnLoadMethodAttributes (97ms)
			AfterProcessingInitializeOnLoad (15ms)
			EditorAssembliesLoaded (0ms)
		ExecutionOrderSort2 (0ms)
		AwakeInstancesAfterBackupRestoration (9ms)
Launched and connected shader compiler UnityShaderCompiler.exe after 0.02 seconds
Refreshing native plugins compatible for Editor in 1.69 ms, found 3 plugins.
Preloading 0 native plugins for Editor in 0.00 ms.
Unloading 16 Unused Serialized files (Serialized files now loaded: 0)
Unloading 6262 unused Assets / (3.9 MB). Loaded Objects now: 7080.
Memory consumption went from 147.6 MB to 143.7 MB.
Total: 20.607600 ms (FindLiveObjects: 1.918800 ms CreateObjectMapping: 1.415200 ms MarkObjects: 12.290700 ms  DeleteObjects: 4.981900 ms)

========================================================================
Received Import Request.
  Time since last request: 35468.504676 seconds.
  path: Assets/MainAssets/YughuesFreeNormalMaps/Preview/P_Sphere_01.prefab
  artifactKey: Guid(e997fa9f4e1bfd44882074e9e02cfe60) Importer(815301076,1909f56bfc062723c751e8b465ee728b)
Start importing Assets/MainAssets/YughuesFreeNormalMaps/Preview/P_Sphere_01.prefab using Guid(e997fa9f4e1bfd44882074e9e02cfe60) Importer(815301076,1909f56bfc062723c751e8b465ee728b) (PreviewImporter) -> (artifact id: '125172ab66e4adfb7e999471aa88b12d') in 0.6899628 seconds
Number of updated asset objects reloaded before import = 0Number of asset objects unloaded after import = 15

========================================================================
Received Import Request.
  Time since last request: 0.000037 seconds.
  path: Assets/MainAssets/YughuesFreeNormalMaps/Preview/T_Checker.tga
  artifactKey: Guid(dd067c9d68fb0d947b696022d39f63b9) Importer(815301076,1909f56bfc062723c751e8b465ee728b)
Start importing Assets/MainAssets/YughuesFreeNormalMaps/Preview/T_Checker.tga using Guid(dd067c9d68fb0d947b696022d39f63b9) Importer(815301076,1909f56bfc062723c751e8b465ee728b) (PreviewImporter) -> (artifact id: '89402880d38a39ddb3f347db54a5b38d') in 0.0209802 seconds
Number of updated asset objects reloaded before import = 0Number of asset objects unloaded after import = 2

========================================================================
Received Import Request.
  Time since last request: 4.606763 seconds.
  path: Assets/MainAssets/YughuesFreeNormalMaps/Preview/Sc_Preview/Lightmap-0_comp_dir.png
  artifactKey: Guid(676925595c357a04d8fabf7433210257) Importer(815301076,1909f56bfc062723c751e8b465ee728b)
Start importing Assets/MainAssets/YughuesFreeNormalMaps/Preview/Sc_Preview/Lightmap-0_comp_dir.png using Guid(676925595c357a04d8fabf7433210257) Importer(815301076,1909f56bfc062723c751e8b465ee728b) (PreviewImporter) -> (artifact id: '9ab74f532e8275525fb36baaae5ee160') in 0.0164575 seconds
Number of updated asset objects reloaded before import = 0Number of asset objects unloaded after import = 2

========================================================================
Received Import Request.
  Time since last request: 0.000045 seconds.
  path: Assets/MainAssets/YughuesFreeNormalMaps/Preview/Sc_Preview/ReflectionProbe-1.exr
  artifactKey: Guid(6aeb3b4b37cbb5f4bb396ab1456530a3) Importer(815301076,1909f56bfc062723c751e8b465ee728b)
Start importing Assets/MainAssets/YughuesFreeNormalMaps/Preview/Sc_Preview/ReflectionProbe-1.exr using Guid(6aeb3b4b37cbb5f4bb396ab1456530a3) Importer(815301076,1909f56bfc062723c751e8b465ee728b) (PreviewImporter) -> (artifact id: '0f9ef9905062677072a57ec89783d28e') in 0.0383649 seconds
Number of updated asset objects reloaded before import = 0Number of asset objects unloaded after import = 1

========================================================================
Received Import Request.
  Time since last request: 0.000048 seconds.
  path: Assets/MainAssets/YughuesFreeNormalMaps/Preview/Sc_Preview/ReflectionProbe-0.exr
  artifactKey: Guid(62bbfa62a86534d4ea8cae27a119f1e3) Importer(815301076,1909f56bfc062723c751e8b465ee728b)
Start importing Assets/MainAssets/YughuesFreeNormalMaps/Preview/Sc_Preview/ReflectionProbe-0.exr using Guid(62bbfa62a86534d4ea8cae27a119f1e3) Importer(815301076,1909f56bfc062723c751e8b465ee728b) (PreviewImporter) -> (artifact id: '976e8264c1a49e7f0ebbdd95fd388dd4') in 0.0134484 seconds
Number of updated asset objects reloaded before import = 0Number of asset objects unloaded after import = 1

========================================================================
Received Import Request.
  Time since last request: 2.909282 seconds.
  path: Assets/MainAssets/YughuesFreeNormalMaps/Textures/M_YFNMap_Classic_n.tga
  artifactKey: Guid(74000e80515c08d499f71b54e103bfb6) Importer(815301076,1909f56bfc062723c751e8b465ee728b)
Start importing Assets/MainAssets/YughuesFreeNormalMaps/Textures/M_YFNMap_Classic_n.tga using Guid(74000e80515c08d499f71b54e103bfb6) Importer(815301076,1909f56bfc062723c751e8b465ee728b) (PreviewImporter) -> (artifact id: '82e54b753392b32cd97268de75b1dd4c') in 0.033278 seconds
Number of updated asset objects reloaded before import = 0Number of asset objects unloaded after import = 2

========================================================================
Received Import Request.
  Time since last request: 0.000043 seconds.
  path: Assets/MainAssets/YughuesFreeNormalMaps/Textures/M_YFNMap_FauxTin04_n.tga
  artifactKey: Guid(b0b941f56ff7dc7439e0bfc3d95a42f4) Importer(815301076,1909f56bfc062723c751e8b465ee728b)
Start importing Assets/MainAssets/YughuesFreeNormalMaps/Textures/M_YFNMap_FauxTin04_n.tga using Guid(b0b941f56ff7dc7439e0bfc3d95a42f4) Importer(815301076,1909f56bfc062723c751e8b465ee728b) (PreviewImporter) -> (artifact id: '0a80e3d2030fc7863a8c999de8137262') in 0.0142942 seconds
Number of updated asset objects reloaded before import = 0Number of asset objects unloaded after import = 2

========================================================================
Received Import Request.
  Time since last request: 0.000051 seconds.
  path: Assets/MainAssets/YughuesFreeNormalMaps/Textures/M_YFNMap_RippleLvl3bis_n.tga
  artifactKey: Guid(a53b26959a1339b419f887fa0fe39ac8) Importer(815301076,1909f56bfc062723c751e8b465ee728b)
Start importing Assets/MainAssets/YughuesFreeNormalMaps/Textures/M_YFNMap_RippleLvl3bis_n.tga using Guid(a53b26959a1339b419f887fa0fe39ac8) Importer(815301076,1909f56bfc062723c751e8b465ee728b) (PreviewImporter) -> (artifact id: '9ac3ff645cf06b71632736b0a4ad6368') in 0.0139772 seconds
Number of updated asset objects reloaded before import = 0Number of asset objects unloaded after import = 2

========================================================================
Received Import Request.
  Time since last request: 0.000036 seconds.
  path: Assets/MainAssets/YughuesFreeNormalMaps/Textures/M_YFNMap_XLvl3bis_n.tga
  artifactKey: Guid(0db35e335d94390429a3a8def24eea61) Importer(815301076,1909f56bfc062723c751e8b465ee728b)
Start importing Assets/MainAssets/YughuesFreeNormalMaps/Textures/M_YFNMap_XLvl3bis_n.tga using Guid(0db35e335d94390429a3a8def24eea61) Importer(815301076,1909f56bfc062723c751e8b465ee728b) (PreviewImporter) -> (artifact id: '574da4c1b31c7ee6b83bd055b724a634') in 0.012704 seconds
Number of updated asset objects reloaded before import = 0Number of asset objects unloaded after import = 2

========================================================================
Received Import Request.
  Time since last request: 0.000042 seconds.
  path: Assets/MainAssets/YughuesFreeNormalMaps/Textures/M_YFNMap_Cubes_n.tga
  artifactKey: Guid(6aa0ff14e3b8753478fc1f76fe30d163) Importer(815301076,1909f56bfc062723c751e8b465ee728b)
Start importing Assets/MainAssets/YughuesFreeNormalMaps/Textures/M_YFNMap_Cubes_n.tga using Guid(6aa0ff14e3b8753478fc1f76fe30d163) Importer(815301076,1909f56bfc062723c751e8b465ee728b) (PreviewImporter) -> (artifact id: 'e3d9aa5f4f523096d26a641031ccecad') in 0.0113399 seconds
Number of updated asset objects reloaded before import = 0Number of asset objects unloaded after import = 2

========================================================================
Received Import Request.
  Time since last request: 0.000045 seconds.
  path: Assets/MainAssets/YughuesFreeNormalMaps/Textures/M_YFNMap_Hexa3_n.tga
  artifactKey: Guid(ff5e504c46c5d8b40a59ef45b50dfb7d) Importer(815301076,1909f56bfc062723c751e8b465ee728b)
Start importing Assets/MainAssets/YughuesFreeNormalMaps/Textures/M_YFNMap_Hexa3_n.tga using Guid(ff5e504c46c5d8b40a59ef45b50dfb7d) Importer(815301076,1909f56bfc062723c751e8b465ee728b) (PreviewImporter) -> (artifact id: 'b18368410c2f8677e2fe972cd3c2f86a') in 0.0134515 seconds
Number of updated asset objects reloaded before import = 0Number of asset objects unloaded after import = 2

========================================================================
Received Import Request.
  Time since last request: 0.000049 seconds.
  path: Assets/MainAssets/YughuesFreeNormalMaps/Textures/M_YFNMap_Flowers_n.tga
  artifactKey: Guid(b1058f47495ec42438c1339dd28f906b) Importer(815301076,1909f56bfc062723c751e8b465ee728b)
Start importing Assets/MainAssets/YughuesFreeNormalMaps/Textures/M_YFNMap_Flowers_n.tga using Guid(b1058f47495ec42438c1339dd28f906b) Importer(815301076,1909f56bfc062723c751e8b465ee728b) (PreviewImporter) -> (artifact id: 'ea830bf16b6ec1892077761382b10da9') in 0.012682 seconds
Number of updated asset objects reloaded before import = 0Number of asset objects unloaded after import = 2

========================================================================
Received Import Request.
  Time since last request: 0.000039 seconds.
  path: Assets/MainAssets/YughuesFreeNormalMaps/Textures/M_YFNMap_RippleLvl3_n.tga
  artifactKey: Guid(52be4f6402ed68343bc0d5a0f17b6300) Importer(815301076,1909f56bfc062723c751e8b465ee728b)
Start importing Assets/MainAssets/YughuesFreeNormalMaps/Textures/M_YFNMap_RippleLvl3_n.tga using Guid(52be4f6402ed68343bc0d5a0f17b6300) Importer(815301076,1909f56bfc062723c751e8b465ee728b) (PreviewImporter) -> (artifact id: '452695a2f6adf4d91134f83883d82050') in 0.0165986 seconds
Number of updated asset objects reloaded before import = 0Number of asset objects unloaded after import = 2

========================================================================
Received Import Request.
  Time since last request: 0.000036 seconds.
  path: Assets/MainAssets/YughuesFreeNormalMaps/Textures/M_YFNMap_FauxTin02_n.tga
  artifactKey: Guid(eeb8851b37cc77b46b0ac977672ab70a) Importer(815301076,1909f56bfc062723c751e8b465ee728b)
Start importing Assets/MainAssets/YughuesFreeNormalMaps/Textures/M_YFNMap_FauxTin02_n.tga using Guid(eeb8851b37cc77b46b0ac977672ab70a) Importer(815301076,1909f56bfc062723c751e8b465ee728b) (PreviewImporter) -> (artifact id: '75e81c3c5c19fc604f606a4da8083b24') in 0.0135672 seconds
Number of updated asset objects reloaded before import = 0Number of asset objects unloaded after import = 2

========================================================================
Received Import Request.
  Time since last request: 0.000043 seconds.
  path: Assets/MainAssets/YughuesFreeNormalMaps/Textures/M_YFNMap_XLvl1_n.tga
  artifactKey: Guid(afa25f26b27235d42a0d7674afbb804e) Importer(815301076,1909f56bfc062723c751e8b465ee728b)
Start importing Assets/MainAssets/YughuesFreeNormalMaps/Textures/M_YFNMap_XLvl1_n.tga using Guid(afa25f26b27235d42a0d7674afbb804e) Importer(815301076,1909f56bfc062723c751e8b465ee728b) (PreviewImporter) -> (artifact id: '1b17a473d8d2a992afde6c2a0070bfa0') in 0.0166126 seconds
Number of updated asset objects reloaded before import = 0Number of asset objects unloaded after import = 2

========================================================================
Received Import Request.
  Time since last request: 0.000093 seconds.
  path: Assets/MainAssets/YughuesFreeNormalMaps/Textures/M_YFNMap_RippleLvl1_n.tga
  artifactKey: Guid(0be0e11e9e669b247bf876ecee21c67d) Importer(815301076,1909f56bfc062723c751e8b465ee728b)
Start importing Assets/MainAssets/YughuesFreeNormalMaps/Textures/M_YFNMap_RippleLvl1_n.tga using Guid(0be0e11e9e669b247bf876ecee21c67d) Importer(815301076,1909f56bfc062723c751e8b465ee728b) (PreviewImporter) -> (artifact id: '0fe9ba8ccc8bef267784570004f99a11') in 0.0126055 seconds
Number of updated asset objects reloaded before import = 0Number of asset objects unloaded after import = 2

========================================================================
Received Import Request.
  Time since last request: 0.000035 seconds.
  path: Assets/MainAssets/YughuesFreeNormalMaps/Textures/M_YFNMap_FractalDiamond_n.tga
  artifactKey: Guid(57d7db38f35d1374f8d4ffe2ba8c147c) Importer(815301076,1909f56bfc062723c751e8b465ee728b)
Start importing Assets/MainAssets/YughuesFreeNormalMaps/Textures/M_YFNMap_FractalDiamond_n.tga using Guid(57d7db38f35d1374f8d4ffe2ba8c147c) Importer(815301076,1909f56bfc062723c751e8b465ee728b) (PreviewImporter) -> (artifact id: '4facab92a44c778bccb915a219c156ec') in 0.0175501 seconds
Number of updated asset objects reloaded before import = 0Number of asset objects unloaded after import = 2

========================================================================
Received Import Request.
  Time since last request: 0.000124 seconds.
  path: Assets/MainAssets/YughuesFreeNormalMaps/Textures/M_YFNMap_X#_n.tga
  artifactKey: Guid(4aa9360ac97f69842bcdba9c6b1456bc) Importer(815301076,1909f56bfc062723c751e8b465ee728b)
Start importing Assets/MainAssets/YughuesFreeNormalMaps/Textures/M_YFNMap_X#_n.tga using Guid(4aa9360ac97f69842bcdba9c6b1456bc) Importer(815301076,1909f56bfc062723c751e8b465ee728b) (PreviewImporter) -> (artifact id: '740d900d952a3e971f079898393ec6e2') in 0.0120774 seconds
Number of updated asset objects reloaded before import = 0Number of asset objects unloaded after import = 2

========================================================================
Received Import Request.
  Time since last request: 0.000040 seconds.
  path: Assets/MainAssets/YughuesFreeNormalMaps/Textures/M_YFNMap_CornerCross_n.tga
  artifactKey: Guid(25beda24e2692744dacd3a446b327700) Importer(815301076,1909f56bfc062723c751e8b465ee728b)
Start importing Assets/MainAssets/YughuesFreeNormalMaps/Textures/M_YFNMap_CornerCross_n.tga using Guid(25beda24e2692744dacd3a446b327700) Importer(815301076,1909f56bfc062723c751e8b465ee728b) (PreviewImporter) -> (artifact id: '2383dc38a1fd651a332e0f5dc85059a7') in 0.0112951 seconds
Number of updated asset objects reloaded before import = 0Number of asset objects unloaded after import = 2

========================================================================
Received Import Request.
  Time since last request: 0.000049 seconds.
  path: Assets/MainAssets/YughuesFreeNormalMaps/Textures/M_YFNMap_FauxTin03_n.tga
  artifactKey: Guid(5471fedc2c6439f439ca806448ab54c8) Importer(815301076,1909f56bfc062723c751e8b465ee728b)
Start importing Assets/MainAssets/YughuesFreeNormalMaps/Textures/M_YFNMap_FauxTin03_n.tga using Guid(5471fedc2c6439f439ca806448ab54c8) Importer(815301076,1909f56bfc062723c751e8b465ee728b) (PreviewImporter) -> (artifact id: 'bf6e22098c68dce5ca00183e88adae5f') in 0.0124188 seconds
Number of updated asset objects reloaded before import = 0Number of asset objects unloaded after import = 2

========================================================================
Received Import Request.
  Time since last request: 0.000037 seconds.
  path: Assets/MainAssets/YughuesFreeNormalMaps/Textures/M_YFNMap_FauxTin01_n.tga
  artifactKey: Guid(8669ee44cb796534ea9e2c43c9e9f49d) Importer(815301076,1909f56bfc062723c751e8b465ee728b)
Start importing Assets/MainAssets/YughuesFreeNormalMaps/Textures/M_YFNMap_FauxTin01_n.tga using Guid(8669ee44cb796534ea9e2c43c9e9f49d) Importer(815301076,1909f56bfc062723c751e8b465ee728b) (PreviewImporter) -> (artifact id: '83bb0c6328289a37972ce45914db7437') in 0.0128534 seconds
Number of updated asset objects reloaded before import = 0Number of asset objects unloaded after import = 2

========================================================================
Received Import Request.
  Time since last request: 0.000036 seconds.
  path: Assets/MainAssets/YughuesFreeNormalMaps/Textures/M_YFNMap_d.tga
  artifactKey: Guid(b662069d0a9d9d84ca33f06ceeff7abb) Importer(815301076,1909f56bfc062723c751e8b465ee728b)
Start importing Assets/MainAssets/YughuesFreeNormalMaps/Textures/M_YFNMap_d.tga using Guid(b662069d0a9d9d84ca33f06ceeff7abb) Importer(815301076,1909f56bfc062723c751e8b465ee728b) (PreviewImporter) -> (artifact id: '9416dc5b77b01d089e66ea00da16af6d') in 0.021789 seconds
Number of updated asset objects reloaded before import = 0Number of asset objects unloaded after import = 2

========================================================================
Received Import Request.
  Time since last request: 0.000088 seconds.
  path: Assets/MainAssets/YughuesFreeNormalMaps/Textures/M_YFNMap_XLvl2bis_n.tga
  artifactKey: Guid(2c9011702da69034b9501d1247d3340d) Importer(815301076,1909f56bfc062723c751e8b465ee728b)
Start importing Assets/MainAssets/YughuesFreeNormalMaps/Textures/M_YFNMap_XLvl2bis_n.tga using Guid(2c9011702da69034b9501d1247d3340d) Importer(815301076,1909f56bfc062723c751e8b465ee728b) (PreviewImporter) -> (artifact id: 'de01940fc0e581765328930ec84d1ade') in 0.0121516 seconds
Number of updated asset objects reloaded before import = 0Number of asset objects unloaded after import = 2

========================================================================
Received Import Request.
  Time since last request: 60.446145 seconds.
  path: Assets/MainAssets/YughuesFreeNormalMaps/Materials/M_YFNMap_CornerBevel.mat
  artifactKey: Guid(fbfbc0e016c456a48a9103a883f609ce) Importer(815301076,1909f56bfc062723c751e8b465ee728b)
Start importing Assets/MainAssets/YughuesFreeNormalMaps/Materials/M_YFNMap_CornerBevel.mat using Guid(fbfbc0e016c456a48a9103a883f609ce) Importer(815301076,1909f56bfc062723c751e8b465ee728b) (PreviewImporter) -> (artifact id: '472a19b2aa833599a063d025912fac35') in 3.0905112 seconds
Number of updated asset objects reloaded before import = 0Number of asset objects unloaded after import = 3

========================================================================
Received Import Request.
  Time since last request: 0.000040 seconds.
  path: Assets/MainAssets/YughuesFreeNormalMaps/Materials/M_YFNMap_d.mat
  artifactKey: Guid(d2f24e7e59b443748959c99608e99f79) Importer(815301076,1909f56bfc062723c751e8b465ee728b)
Start importing Assets/MainAssets/YughuesFreeNormalMaps/Materials/M_YFNMap_d.mat using Guid(d2f24e7e59b443748959c99608e99f79) Importer(815301076,1909f56bfc062723c751e8b465ee728b) (PreviewImporter) -> (artifact id: '396660e456139f9cd267440c6b4a9e71') in 0.0200591 seconds
Number of updated asset objects reloaded before import = 0Number of asset objects unloaded after import = 3

========================================================================
Received Import Request.
  Time since last request: 0.000044 seconds.
  path: Assets/MainAssets/YughuesFreeNormalMaps/Materials/M_YFNMap_FauxTin03.mat
  artifactKey: Guid(5a2e95b043698e140ba81a0b1b1e7893) Importer(815301076,1909f56bfc062723c751e8b465ee728b)
Start importing Assets/MainAssets/YughuesFreeNormalMaps/Materials/M_YFNMap_FauxTin03.mat using Guid(5a2e95b043698e140ba81a0b1b1e7893) Importer(815301076,1909f56bfc062723c751e8b465ee728b) (PreviewImporter) -> (artifact id: '12da35e51fe125462fcaf078cad7b828') in 0.0155982 seconds
Number of updated asset objects reloaded before import = 0Number of asset objects unloaded after import = 3

========================================================================
Received Import Request.
  Time since last request: 0.000131 seconds.
  path: Assets/MainAssets/YughuesFreeNormalMaps/Materials/M_YFNMap_Ripple3.mat
  artifactKey: Guid(0db1ea0a1f33a9e47866f6ae1895fe8a) Importer(815301076,1909f56bfc062723c751e8b465ee728b)
Start importing Assets/MainAssets/YughuesFreeNormalMaps/Materials/M_YFNMap_Ripple3.mat using Guid(0db1ea0a1f33a9e47866f6ae1895fe8a) Importer(815301076,1909f56bfc062723c751e8b465ee728b) (PreviewImporter) -> (artifact id: '19f7f2b9cc19bffcb9f68023f515f59b') in 0.0144127 seconds
Number of updated asset objects reloaded before import = 0Number of asset objects unloaded after import = 3

========================================================================
Received Import Request.
  Time since last request: 0.000038 seconds.
  path: Assets/MainAssets/YughuesFreeNormalMaps/Materials/M_YFNMap_CornerSharp.mat
  artifactKey: Guid(6fa48c2a126d0d74e8bb671b62e8cb1b) Importer(815301076,1909f56bfc062723c751e8b465ee728b)
Start importing Assets/MainAssets/YughuesFreeNormalMaps/Materials/M_YFNMap_CornerSharp.mat using Guid(6fa48c2a126d0d74e8bb671b62e8cb1b) Importer(815301076,1909f56bfc062723c751e8b465ee728b) (PreviewImporter) -> (artifact id: '39a7b58c582d10ac5bffaedb75955310') in 0.0141662 seconds
Number of updated asset objects reloaded before import = 0Number of asset objects unloaded after import = 3

Editor requested this worker to shutdown with reason: Scaling down because of idle timeout
AssetImportWorker is now disconnected from the server
Process exiting
Exiting without the bug reporter. Application will terminate with return code 0