[Licensing::Module] Trying to connect to existing licensing client channel...
Built from '6000.3/respin/6000.3.5f1-a1ec4b2f2d19' branch; Version is '6000.3.5f2 (3fa8bc678cb0) revision 4171964'; Using compiler version '194234433'; Build Type 'Release'
OS: 'Windows 11  (10.0.26100) Core' Language: 'en' Physical Memory: 32654 MB
BatchMode: 1, IsHumanControllingUs: 0, StartBugReporterOnCrash: 0, Is64bit: 1
System  architecture: x64
Process architecture: x64
Date: 2026-01-28T19:56:58Z
[Licensing::IpcConnector] Successfully connected to: "LicenseClient-ady" at "2026-01-28T19:56:58.5979836Z"

COMMAND LINE ARGUMENTS:
C:\Program Files\Unity\Hub\Editor\6000.3.5f2\Editor\Unity.exe
-adb2
-batchMode
-noUpm
-name
AssetImportWorker22
-projectPath
C:/Users/ady/Documents/GitHub/GlobalGameJamGame2026
-logFile
Logs/AssetImportWorker22.log
-srvPort
58448
-job-worker-count
7
-background-job-worker-count
8
-gc-helper-count
1
-name
AssetImport
Successfully changed project path to: C:/Users/ady/Documents/GitHub/GlobalGameJamGame2026
C:/Users/ady/Documents/GitHub/GlobalGameJamGame2026
[UnityMemory] Configuration Parameters - Can be set up in boot.config
    "memorysetup-temp-allocator-size-nav-mesh-worker=65536"
    "memorysetup-temp-allocator-size-audio-worker=65536"
    "memorysetup-temp-allocator-size-gfx=262144"
    "memorysetup-allocator-temp-initial-block-size-main=262144"
    "memorysetup-allocator-temp-initial-block-size-worker=262144"
    "memorysetup-temp-allocator-size-background-worker=32768"
    "memorysetup-temp-allocator-size-job-worker=262144"
    "memorysetup-temp-allocator-size-preload-manager=33554432"
    "memorysetup-temp-allocator-size-gi-baking-worker=262144"
    "memorysetup-temp-allocator-size-gi-baking-worker=262144"
    "memorysetup-temp-allocator-size-gi-baking-worker=262144"
    "memorysetup-temp-allocator-size-gi-baking-worker=262144"
    "memorysetup-temp-allocator-size-gi-baking-worker=262144"
    "memorysetup-bucket-allocator-granularity=16"
    "memorysetup-bucket-allocator-bucket-count=8"
    "memorysetup-bucket-allocator-block-size=33554432"
    "memorysetup-bucket-allocator-block-count=8"
    "memorysetup-main-allocator-block-size=16777216"
    "memorysetup-thread-allocator-block-size=16777216"
    "memorysetup-gfx-main-allocator-block-size=16777216"
    "memorysetup-gfx-thread-allocator-block-size=16777216"
    "memorysetup-cache-allocator-block-size=4194304"
    "memorysetup-typetree-allocator-block-size=2097152"
    "memorysetup-profiler-bucket-allocator-granularity=16"
    "memorysetup-profiler-bucket-allocator-bucket-count=8"
    "memorysetup-profiler-bucket-allocator-block-size=33554432"
    "memorysetup-profiler-bucket-allocator-block-count=8"
    "memorysetup-profiler-allocator-block-size=16777216"
    "memorysetup-profiler-editor-allocator-block-size=1048576"
    "memorysetup-temp-allocator-size-main=16777216"
    "memorysetup-job-temp-allocator-block-size=2097152"
    "memorysetup-job-temp-allocator-block-size-background=1048576"
    "memorysetup-job-temp-allocator-reduction-small-platforms=262144"
    "memorysetup-temp-allocator-size-cloud-worker=32768"
Player connection [29304]  Target information:

Player connection [29304]  * "[IP] 192.168.1.207 [Port] 0 [Flags] 2 [Guid] 617141962 [EditorId] 617141962 [Version] 1048832 [Id] WindowsEditor(7,DESKTOP-IAST724) [Debug] 1 [PackageName] WindowsEditor [ProjectName] Editor" 

Player connection [29304] Host joined multi-casting on [225.0.0.222:54997]...
Player connection [29304] Host joined alternative multi-casting on [225.0.0.222:34997]...
JobSystem: Creating JobQueue using job-worker-count value 7
Input System module state changed to: Initialized.
[Physics::Module] Initialized fallback backend.
[Physics::Module] Id: 0xdecafbad
Library Redirect Path: Library/
[Physics::Module] Selected backend.
[Physics::Module] Name: PhysX
[Physics::Module] Id: 0xf2b8ea05
[Physics::Module] SDK Version: 4.1.2
[Physics::Module] Integration Version: 1.0.0
[Physics::Module] Threading Mode: Multi-Threaded
Refreshing native plugins compatible for Editor in 4.14 ms, found 3 plugins.
Preloading 0 native plugins for Editor in 0.00 ms.
Initialize engine version: 6000.3.5f2 (3fa8bc678cb0)
[Subsystems] Discovering subsystems at path C:/Program Files/Unity/Hub/Editor/6000.3.5f2/Editor/Data/Resources/UnitySubsystems
[Subsystems] Discovering subsystems at path C:/Users/ady/Documents/GitHub/GlobalGameJamGame2026/Assets
GfxDevice: creating device client; kGfxThreadingModeNonThreaded
Direct3D:
    Version:  Direct3D 11.0 [level 11.1]
    Renderer: NVIDIA GeForce RTX 4070 (ID=0x2786)
    Vendor:   NVIDIA
    VRAM:     12010 MB
    Driver:   32.0.15.9174
Initialize mono
Mono path[0] = 'C:/Program Files/Unity/Hub/Editor/6000.3.5f2/Editor/Data/Managed'
Mono path[1] = 'C:/Program Files/Unity/Hub/Editor/6000.3.5f2/Editor/Data/MonoBleedingEdge/lib/mono/unityjit-win32'
Mono config path = 'C:/Program Files/Unity/Hub/Editor/6000.3.5f2/Editor/Data/MonoBleedingEdge/etc'
Using monoOptions --debugger-agent=transport=dt_socket,embedding=1,server=y,suspend=n,address=127.0.0.1:56580
Begin MonoManager ReloadAssembly
Registering precompiled unity dll's ...
Register platform support module: C:/Program Files/Unity/Hub/Editor/6000.3.5f2/Editor/Data/PlaybackEngines/WindowsStandaloneSupport/UnityEditor.WindowsStandalone.Extensions.dll
Registered in 0.003743 seconds.
[Licensing::Client] Handshaking with LicensingClient:
  Version:                 1.17.4+4293ba1
  Session Id:              a1bc7e89fe3644858beaa2e2da8bf972
  Correlation Id:          5deea81f421e7221185a8b536ced2ffa
  External correlation Id: 8530368116968876149
  Machine Id:              w74mvXlGn566yFKgA+XQ5jLQxKI=
[Licensing::Module] Successfully connected to LicensingClient on channel: "LicenseClient-ady" (connect: 0.00s, validation: 0.00s, handshake: 1.67s)
[Licensing::IpcConnector] Successfully connected to: "LicenseClient-ady-notifications" at "2026-01-28T19:57:00.2722401Z"
[Licensing::Module] Licensing Background thread has ended after 1.67s
- Loaded All Assemblies, in  0.729 seconds
Native extension for WindowsStandalone target not found
ScheduleIndexationOnStartup MainProcess:False IndexOnStartup:True
Mono: successfully reloaded assembly
- Finished resetting the current domain, in  0.683 seconds
Domain Reload Profiling: 1404ms
	BeginReloadAssembly (237ms)
		ExecutionOrderSort (0ms)
		DisableScriptedObjects (0ms)
		BackupInstance (0ms)
		ReleaseScriptingObjects (0ms)
		CreateAndSetChildDomain (1ms)
	RebuildCommonClasses (81ms)
	RebuildNativeTypeToScriptingClass (18ms)
	initialDomainReloadingComplete (93ms)
	LoadAllAssembliesAndSetupDomain (292ms)
		LoadAssemblies (222ms)
		RebuildTransferFunctionScriptingTraits (0ms)
		AnalyzeDomain (288ms)
			TypeCache.Refresh (285ms)
				TypeCache.ScanAssembly (244ms)
			BuildScriptInfoCaches (0ms)
			ResolveRequiredComponents (1ms)
	FinalizeReload (683ms)
		ReleaseScriptCaches (0ms)
		RebuildScriptCaches (0ms)
		SetupLoadedEditorAssemblies (601ms)
			LogAssemblyErrors (0ms)
			InitializePlatformSupportModulesInManaged (68ms)
			SetLoadedEditorAssemblies (6ms)
			BeforeProcessingInitializeOnLoad (147ms)
			ProcessInitializeOnLoadAttributes (252ms)
			ProcessInitializeOnLoadMethodAttributes (128ms)
			AfterProcessingInitializeOnLoad (0ms)
			EditorAssembliesLoaded (0ms)
		ExecutionOrderSort2 (0ms)
		AwakeInstancesAfterBackupRestoration (0ms)
========================================================================
Worker process is ready to serve import requests
Import Worker Mode flag is 0x00
Begin MonoManager ReloadAssembly
[Licensing::Client] Successfully resolved entitlement details
[Licensing::Module] License group:
  Id: 5773840413360-UnityPersXXXX
  Product: Unity Personal
  Type: Assigned
  Expiration: Unlimited
- Loaded All Assemblies, in  1.463 seconds
Refreshing native plugins compatible for Editor in 2.13 ms, found 3 plugins.
Native extension for WindowsStandalone target not found
Package Manager log level set to [2]
[Package Manager] Failed to launch server process. Reason: Unity was launched with the -noUpm command-line argument
[Package Manager] Unable to send message (not connected to server process).
[Package Manager] Cannot connect to Unity Package Manager local server
ScheduleIndexationOnStartup MainProcess:False IndexOnStartup:True
Mono: successfully reloaded assembly
- Finished resetting the current domain, in  1.309 seconds
Domain Reload Profiling: 2757ms
	BeginReloadAssembly (318ms)
		ExecutionOrderSort (0ms)
		DisableScriptedObjects (10ms)
		BackupInstance (0ms)
		ReleaseScriptingObjects (0ms)
		CreateAndSetChildDomain (58ms)
	RebuildCommonClasses (72ms)
	RebuildNativeTypeToScriptingClass (22ms)
	initialDomainReloadingComplete (76ms)
	LoadAllAssembliesAndSetupDomain (960ms)
		LoadAssemblies (625ms)
		RebuildTransferFunctionScriptingTraits (0ms)
		AnalyzeDomain (510ms)
			TypeCache.Refresh (355ms)
				TypeCache.ScanAssembly (291ms)
			BuildScriptInfoCaches (129ms)
			ResolveRequiredComponents (18ms)
	FinalizeReload (1309ms)
		ReleaseScriptCaches (0ms)
		RebuildScriptCaches (0ms)
		SetupLoadedEditorAssemblies (984ms)
			LogAssemblyErrors (0ms)
			InitializePlatformSupportModulesInManaged (2ms)
			SetLoadedEditorAssemblies (8ms)
			BeforeProcessingInitializeOnLoad (266ms)
			ProcessInitializeOnLoadAttributes (593ms)
			ProcessInitializeOnLoadMethodAttributes (97ms)
			AfterProcessingInitializeOnLoad (17ms)
			EditorAssembliesLoaded (0ms)
		ExecutionOrderSort2 (0ms)
		AwakeInstancesAfterBackupRestoration (9ms)
Launched and connected shader compiler UnityShaderCompiler.exe after 0.02 seconds
Refreshing native plugins compatible for Editor in 1.65 ms, found 3 plugins.
Preloading 0 native plugins for Editor in 0.00 ms.
Unloading 16 Unused Serialized files (Serialized files now loaded: 0)
Unloading 6262 unused Assets / (3.4 MB). Loaded Objects now: 7080.
Memory consumption went from 147.4 MB to 144.0 MB.
Total: 23.163600 ms (FindLiveObjects: 2.234500 ms CreateObjectMapping: 1.449800 ms MarkObjects: 15.151700 ms  DeleteObjects: 4.326700 ms)

========================================================================
Received Import Request.
  Time since last request: 35419.119522 seconds.
  path: Assets/MainAssets/Pegasus Studios/Elegant Interior Decor 3D Models Pack/Resources/ShowCase
  artifactKey: Guid(2fc4b62c60a26714f9519ad7a85f7c74) Importer(815301076,1909f56bfc062723c751e8b465ee728b)
Start importing Assets/MainAssets/Pegasus Studios/Elegant Interior Decor 3D Models Pack/Resources/ShowCase using Guid(2fc4b62c60a26714f9519ad7a85f7c74) Importer(815301076,1909f56bfc062723c751e8b465ee728b) (PreviewImporter) -> (artifact id: 'ef2c6eb29813281d5ad8c25e92ebb8a9') in 0.006628 seconds
Number of updated asset objects reloaded before import = 0Number of asset objects unloaded after import = 0

========================================================================
Received Import Request.
  Time since last request: 3.514724 seconds.
  path: Assets/MainAssets/AllSkyFree
  artifactKey: Guid(72589719770b04ead999af902c0459f8) Importer(815301076,1909f56bfc062723c751e8b465ee728b)
Start importing Assets/MainAssets/AllSkyFree using Guid(72589719770b04ead999af902c0459f8) Importer(815301076,1909f56bfc062723c751e8b465ee728b) (PreviewImporter) -> (artifact id: '278f3824993d0f997bc8d2c97a332253') in 0.0008387 seconds
Number of updated asset objects reloaded before import = 0Number of asset objects unloaded after import = 0

========================================================================
Received Import Request.
  Time since last request: 16.414877 seconds.
  path: Assets/MainAssets/YughuesFreeNormalMaps/Materials
  artifactKey: Guid(ce0f0a37645d8194d9374e0fffdd912e) Importer(815301076,1909f56bfc062723c751e8b465ee728b)
Start importing Assets/MainAssets/YughuesFreeNormalMaps/Materials using Guid(ce0f0a37645d8194d9374e0fffdd912e) Importer(815301076,1909f56bfc062723c751e8b465ee728b) (PreviewImporter) -> (artifact id: 'f1f3c8e481c6a77555425c7c28e7e9a2') in 0.0008036 seconds
Number of updated asset objects reloaded before import = 0Number of asset objects unloaded after import = 0

========================================================================
Received Import Request.
  Time since last request: 29.124024 seconds.
  path: Assets/MainAssets/YughuesFreeNormalMaps/Preview
  artifactKey: Guid(912d7536f18e2134b883b437c73e5450) Importer(815301076,1909f56bfc062723c751e8b465ee728b)
Start importing Assets/MainAssets/YughuesFreeNormalMaps/Preview using Guid(912d7536f18e2134b883b437c73e5450) Importer(815301076,1909f56bfc062723c751e8b465ee728b) (PreviewImporter) -> (artifact id: '97cad9219b60e6a6e003f4dfc4a8d70c') in 0.0007452 seconds
Number of updated asset objects reloaded before import = 0Number of asset objects unloaded after import = 0

========================================================================
Received Import Request.
  Time since last request: 0.060095 seconds.
  path: Assets/MainAssets/YughuesFreeNormalMaps/Preview/Mesh_Sphere.fbx
  artifactKey: Guid(4e6d44aacbc6782429c6c33e9c498499) Importer(815301076,1909f56bfc062723c751e8b465ee728b)
Start importing Assets/MainAssets/YughuesFreeNormalMaps/Preview/Mesh_Sphere.fbx using Guid(4e6d44aacbc6782429c6c33e9c498499) Importer(815301076,1909f56bfc062723c751e8b465ee728b) (PreviewImporter) -> (artifact id: 'ad1ddc9b679f0b07d1de45d6f0549d69') in 0.7225121 seconds
Number of updated asset objects reloaded before import = 0Number of asset objects unloaded after import = 7

========================================================================
Received Import Request.
  Time since last request: 4.570138 seconds.
  path: Assets/MainAssets/YughuesFreeNormalMaps/Preview/Sc_Preview
  artifactKey: Guid(ffb883a52e6c1c6448b1ff03e60a2631) Importer(815301076,1909f56bfc062723c751e8b465ee728b)
Start importing Assets/MainAssets/YughuesFreeNormalMaps/Preview/Sc_Preview using Guid(ffb883a52e6c1c6448b1ff03e60a2631) Importer(815301076,1909f56bfc062723c751e8b465ee728b) (PreviewImporter) -> (artifact id: 'c7da316031d81a95a33745b9d0e70e91') in 0.0007323 seconds
Number of updated asset objects reloaded before import = 0Number of asset objects unloaded after import = 0

========================================================================
Received Import Request.
  Time since last request: 0.023542 seconds.
  path: Assets/MainAssets/YughuesFreeNormalMaps/Preview/Sc_Preview/LightingData.asset
  artifactKey: Guid(dc5ab5107ce957b47b33e428451e2175) Importer(815301076,1909f56bfc062723c751e8b465ee728b)
Start importing Assets/MainAssets/YughuesFreeNormalMaps/Preview/Sc_Preview/LightingData.asset using Guid(dc5ab5107ce957b47b33e428451e2175) Importer(815301076,1909f56bfc062723c751e8b465ee728b) (PreviewImporter) -> (artifact id: '4da7bded56f888944c42ca3318d277f6') in 0.0464131 seconds
Number of updated asset objects reloaded before import = 0Number of asset objects unloaded after import = 2

========================================================================
Received Import Request.
  Time since last request: 0.000037 seconds.
  path: Assets/MainAssets/YughuesFreeNormalMaps/Preview/Sc_Preview/Lightmap-0_comp_light.exr
  artifactKey: Guid(23b45e9506a0f9d42a3d6f7ee2f740c9) Importer(815301076,1909f56bfc062723c751e8b465ee728b)
Start importing Assets/MainAssets/YughuesFreeNormalMaps/Preview/Sc_Preview/Lightmap-0_comp_light.exr using Guid(23b45e9506a0f9d42a3d6f7ee2f740c9) Importer(815301076,1909f56bfc062723c751e8b465ee728b) (PreviewImporter) -> (artifact id: '8e6df8e9af87fdc5ab909e7968ca2456') in 0.0554898 seconds
Number of updated asset objects reloaded before import = 0Number of asset objects unloaded after import = 2

========================================================================
Received Import Request.
  Time since last request: 2.866809 seconds.
  path: Assets/MainAssets/YughuesFreeNormalMaps/Textures
  artifactKey: Guid(5c73c4d7cda585542a88ea832f47a355) Importer(815301076,1909f56bfc062723c751e8b465ee728b)
Start importing Assets/MainAssets/YughuesFreeNormalMaps/Textures using Guid(5c73c4d7cda585542a88ea832f47a355) Importer(815301076,1909f56bfc062723c751e8b465ee728b) (PreviewImporter) -> (artifact id: '4574a60c1ab17c96db725f13453cdabe') in 0.0009114 seconds
Number of updated asset objects reloaded before import = 0Number of asset objects unloaded after import = 0

========================================================================
Received Import Request.
  Time since last request: 0.019057 seconds.
  path: Assets/MainAssets/YughuesFreeNormalMaps/Textures/M_YFNMap_Arcs_n.tga
  artifactKey: Guid(7ddf7446e131e5846ac5e9137706f882) Importer(815301076,1909f56bfc062723c751e8b465ee728b)
Start importing Assets/MainAssets/YughuesFreeNormalMaps/Textures/M_YFNMap_Arcs_n.tga using Guid(7ddf7446e131e5846ac5e9137706f882) Importer(815301076,1909f56bfc062723c751e8b465ee728b) (PreviewImporter) -> (artifact id: '67d4a5e14dafc77903e571e8934f4ac1') in 0.0281431 seconds
Number of updated asset objects reloaded before import = 0Number of asset objects unloaded after import = 2

========================================================================
Received Import Request.
  Time since last request: 0.000050 seconds.
  path: Assets/MainAssets/YughuesFreeNormalMaps/Textures/M_YFNMap_Panels_n.tga
  artifactKey: Guid(202dd3d2f97272d4b9840f9c77ff2eec) Importer(815301076,1909f56bfc062723c751e8b465ee728b)
Start importing Assets/MainAssets/YughuesFreeNormalMaps/Textures/M_YFNMap_Panels_n.tga using Guid(202dd3d2f97272d4b9840f9c77ff2eec) Importer(815301076,1909f56bfc062723c751e8b465ee728b) (PreviewImporter) -> (artifact id: '7eda1efa14b53df95d5887344c3b1052') in 0.0112692 seconds
Number of updated asset objects reloaded before import = 0Number of asset objects unloaded after import = 2

========================================================================
Received Import Request.
  Time since last request: 0.000039 seconds.
  path: Assets/MainAssets/YughuesFreeNormalMaps/Textures/M_YFNMap_Diamonds_n.tga
  artifactKey: Guid(f98457e37c3753f4da0b6c4bf37971df) Importer(815301076,1909f56bfc062723c751e8b465ee728b)
Start importing Assets/MainAssets/YughuesFreeNormalMaps/Textures/M_YFNMap_Diamonds_n.tga using Guid(f98457e37c3753f4da0b6c4bf37971df) Importer(815301076,1909f56bfc062723c751e8b465ee728b) (PreviewImporter) -> (artifact id: 'fd4f53a65599ee1956da26fb970acca6') in 0.0117671 seconds
Number of updated asset objects reloaded before import = 0Number of asset objects unloaded after import = 2

========================================================================
Received Import Request.
  Time since last request: 0.000049 seconds.
  path: Assets/MainAssets/YughuesFreeNormalMaps/Textures/M_YFNMap_CornerHexa_n.tga
  artifactKey: Guid(7dc2635c2bb02ef4eb3de5d720214159) Importer(815301076,1909f56bfc062723c751e8b465ee728b)
Start importing Assets/MainAssets/YughuesFreeNormalMaps/Textures/M_YFNMap_CornerHexa_n.tga using Guid(7dc2635c2bb02ef4eb3de5d720214159) Importer(815301076,1909f56bfc062723c751e8b465ee728b) (PreviewImporter) -> (artifact id: 'd66cc228edf5c1206aa93d9b264208d5') in 0.0159612 seconds
Number of updated asset objects reloaded before import = 0Number of asset objects unloaded after import = 2

========================================================================
Received Import Request.
  Time since last request: 0.000037 seconds.
  path: Assets/MainAssets/YughuesFreeNormalMaps/Textures/M_YFNMap_XLvl3.tga
  artifactKey: Guid(096f858df0ad8b04384564b8461b0c5a) Importer(815301076,1909f56bfc062723c751e8b465ee728b)
Start importing Assets/MainAssets/YughuesFreeNormalMaps/Textures/M_YFNMap_XLvl3.tga using Guid(096f858df0ad8b04384564b8461b0c5a) Importer(815301076,1909f56bfc062723c751e8b465ee728b) (PreviewImporter) -> (artifact id: 'c1c6f6c5bf4ebadab8bb8aa0f84fa4c3') in 0.0130603 seconds
Number of updated asset objects reloaded before import = 0Number of asset objects unloaded after import = 2

========================================================================
Received Import Request.
  Time since last request: 0.000034 seconds.
  path: Assets/MainAssets/YughuesFreeNormalMaps/Textures/M_YFNMap_SquareRoot_n.tga
  artifactKey: Guid(69593b5b8d71d0d468d37d49ac641c26) Importer(815301076,1909f56bfc062723c751e8b465ee728b)
Start importing Assets/MainAssets/YughuesFreeNormalMaps/Textures/M_YFNMap_SquareRoot_n.tga using Guid(69593b5b8d71d0d468d37d49ac641c26) Importer(815301076,1909f56bfc062723c751e8b465ee728b) (PreviewImporter) -> (artifact id: '82747cc041311216363a14c8c7521daf') in 0.01226 seconds
Number of updated asset objects reloaded before import = 0Number of asset objects unloaded after import = 2

========================================================================
Received Import Request.
  Time since last request: 0.000038 seconds.
  path: Assets/MainAssets/YughuesFreeNormalMaps/Textures/M_YFNMap_CornerBevel_n.tga
  artifactKey: Guid(a7e40c5305f9ce946852aa1dceda7451) Importer(815301076,1909f56bfc062723c751e8b465ee728b)
Start importing Assets/MainAssets/YughuesFreeNormalMaps/Textures/M_YFNMap_CornerBevel_n.tga using Guid(a7e40c5305f9ce946852aa1dceda7451) Importer(815301076,1909f56bfc062723c751e8b465ee728b) (PreviewImporter) -> (artifact id: 'ae3f15957289c30ecf0e7a9025dcc76c') in 0.0118923 seconds
Number of updated asset objects reloaded before import = 0Number of asset objects unloaded after import = 2

========================================================================
Received Import Request.
  Time since last request: 0.000044 seconds.
  path: Assets/MainAssets/YughuesFreeNormalMaps/Textures/M_YFNMap_OX2_n.tga
  artifactKey: Guid(0a25f1e55ec27df4ca8a743313f9c217) Importer(815301076,1909f56bfc062723c751e8b465ee728b)
Start importing Assets/MainAssets/YughuesFreeNormalMaps/Textures/M_YFNMap_OX2_n.tga using Guid(0a25f1e55ec27df4ca8a743313f9c217) Importer(815301076,1909f56bfc062723c751e8b465ee728b) (PreviewImporter) -> (artifact id: '38ac78a84c912929f524d9bc317858a6') in 0.01244 seconds
Number of updated asset objects reloaded before import = 0Number of asset objects unloaded after import = 2

========================================================================
Received Import Request.
  Time since last request: 0.000034 seconds.
  path: Assets/MainAssets/YughuesFreeNormalMaps/Textures/M_YFNMap_XLvl2_n.tga
  artifactKey: Guid(f8524c7fa6450324c976a65f7e01bfd7) Importer(815301076,1909f56bfc062723c751e8b465ee728b)
Start importing Assets/MainAssets/YughuesFreeNormalMaps/Textures/M_YFNMap_XLvl2_n.tga using Guid(f8524c7fa6450324c976a65f7e01bfd7) Importer(815301076,1909f56bfc062723c751e8b465ee728b) (PreviewImporter) -> (artifact id: 'caffc03072a0875a51c656b24d9279a3') in 0.013282 seconds
Number of updated asset objects reloaded before import = 0Number of asset objects unloaded after import = 2

========================================================================
Received Import Request.
  Time since last request: 0.000035 seconds.
  path: Assets/MainAssets/YughuesFreeNormalMaps/Textures/M_YFNMap_CornerRound_n.tga
  artifactKey: Guid(158c525592efea141ae689f407efe2a3) Importer(815301076,1909f56bfc062723c751e8b465ee728b)
Start importing Assets/MainAssets/YughuesFreeNormalMaps/Textures/M_YFNMap_CornerRound_n.tga using Guid(158c525592efea141ae689f407efe2a3) Importer(815301076,1909f56bfc062723c751e8b465ee728b) (PreviewImporter) -> (artifact id: 'f236537d1994dcaf9cdcdccc1c7bbfd2') in 0.01109 seconds
Number of updated asset objects reloaded before import = 0Number of asset objects unloaded after import = 2

========================================================================
Received Import Request.
  Time since last request: 0.000039 seconds.
  path: Assets/MainAssets/YughuesFreeNormalMaps/Textures/M_YFNMap_Whirl_n.tga
  artifactKey: Guid(499de8c759438684bb6e01ffe9a5fcf7) Importer(815301076,1909f56bfc062723c751e8b465ee728b)
Start importing Assets/MainAssets/YughuesFreeNormalMaps/Textures/M_YFNMap_Whirl_n.tga using Guid(499de8c759438684bb6e01ffe9a5fcf7) Importer(815301076,1909f56bfc062723c751e8b465ee728b) (PreviewImporter) -> (artifact id: 'b56310e6fc43fd4af0c9fb53658278b6') in 0.0117305 seconds
Number of updated asset objects reloaded before import = 0Number of asset objects unloaded after import = 2

========================================================================
Received Import Request.
  Time since last request: 0.000050 seconds.
  path: Assets/MainAssets/YughuesFreeNormalMaps/Textures/M_YFNMap_OX3_n.tga
  artifactKey: Guid(169c5044a3a4f15488d36cd7ea75d33e) Importer(815301076,1909f56bfc062723c751e8b465ee728b)
Start importing Assets/MainAssets/YughuesFreeNormalMaps/Textures/M_YFNMap_OX3_n.tga using Guid(169c5044a3a4f15488d36cd7ea75d33e) Importer(815301076,1909f56bfc062723c751e8b465ee728b) (PreviewImporter) -> (artifact id: '65553b2e8e8b6bdd0c9d29697e1de684') in 0.0143961 seconds
Number of updated asset objects reloaded before import = 0Number of asset objects unloaded after import = 2

========================================================================
Received Import Request.
  Time since last request: 0.000038 seconds.
  path: Assets/MainAssets/YughuesFreeNormalMaps/Textures/M_YFNMap_CornerSharp_n.tga
  artifactKey: Guid(cb78bcbcb02077740b836ee387c7c5b0) Importer(815301076,1909f56bfc062723c751e8b465ee728b)
Start importing Assets/MainAssets/YughuesFreeNormalMaps/Textures/M_YFNMap_CornerSharp_n.tga using Guid(cb78bcbcb02077740b836ee387c7c5b0) Importer(815301076,1909f56bfc062723c751e8b465ee728b) (PreviewImporter) -> (artifact id: 'fa6025bfb4e7fb90c148e7c24d6c9809') in 0.016064 seconds
Number of updated asset objects reloaded before import = 0Number of asset objects unloaded after import = 2

========================================================================
Received Import Request.
  Time since last request: 0.000037 seconds.
  path: Assets/MainAssets/YughuesFreeNormalMaps/Textures/M_YFNMap_RippleLvl2bis_n.tga
  artifactKey: Guid(dd7566b3b8119174eb47307b933df30c) Importer(815301076,1909f56bfc062723c751e8b465ee728b)
Start importing Assets/MainAssets/YughuesFreeNormalMaps/Textures/M_YFNMap_RippleLvl2bis_n.tga using Guid(dd7566b3b8119174eb47307b933df30c) Importer(815301076,1909f56bfc062723c751e8b465ee728b) (PreviewImporter) -> (artifact id: '9232de491fd495f8e79079c943eccb23') in 0.013202 seconds
Number of updated asset objects reloaded before import = 0Number of asset objects unloaded after import = 2

========================================================================
Received Import Request.
  Time since last request: 0.000134 seconds.
  path: Assets/MainAssets/YughuesFreeNormalMaps/Textures/M_YFNMap_FractalCircle_n.tga
  artifactKey: Guid(0a5154a6f1208ca46b83ac84d39d6b8d) Importer(815301076,1909f56bfc062723c751e8b465ee728b)
Start importing Assets/MainAssets/YughuesFreeNormalMaps/Textures/M_YFNMap_FractalCircle_n.tga using Guid(0a5154a6f1208ca46b83ac84d39d6b8d) Importer(815301076,1909f56bfc062723c751e8b465ee728b) (PreviewImporter) -> (artifact id: '93a8bcaad44a5881da47f067d6f2b00b') in 0.0119999 seconds
Number of updated asset objects reloaded before import = 0Number of asset objects unloaded after import = 2

========================================================================
Received Import Request.
  Time since last request: 0.000047 seconds.
  path: Assets/MainAssets/YughuesFreeNormalMaps/Textures/M_YFNMap_OX1_n.tga
  artifactKey: Guid(60a8416d7400ab549a9c952d23391eee) Importer(815301076,1909f56bfc062723c751e8b465ee728b)
Start importing Assets/MainAssets/YughuesFreeNormalMaps/Textures/M_YFNMap_OX1_n.tga using Guid(60a8416d7400ab549a9c952d23391eee) Importer(815301076,1909f56bfc062723c751e8b465ee728b) (PreviewImporter) -> (artifact id: '3552bdf6a306fd893999f60d52453ad1') in 0.0107699 seconds
Number of updated asset objects reloaded before import = 0Number of asset objects unloaded after import = 2

========================================================================
Received Import Request.
  Time since last request: 0.000034 seconds.
  path: Assets/MainAssets/YughuesFreeNormalMaps/Textures/M_YFNMap_RippleLvl2_n.tga
  artifactKey: Guid(04db1054e835ee748a69a044157e5ea6) Importer(815301076,1909f56bfc062723c751e8b465ee728b)
Start importing Assets/MainAssets/YughuesFreeNormalMaps/Textures/M_YFNMap_RippleLvl2_n.tga using Guid(04db1054e835ee748a69a044157e5ea6) Importer(815301076,1909f56bfc062723c751e8b465ee728b) (PreviewImporter) -> (artifact id: 'f8070701a40d4c4e1323e3c7a96b26ba') in 0.0166732 seconds
Number of updated asset objects reloaded before import = 0Number of asset objects unloaded after import = 2

========================================================================
Received Import Request.
  Time since last request: 0.000036 seconds.
  path: Assets/MainAssets/YughuesFreeNormalMaps/Textures/M_YFNMap_Honeycomb.tga
  artifactKey: Guid(ddd09ea0b8734ac4bbf83b4e32116d7f) Importer(815301076,1909f56bfc062723c751e8b465ee728b)
Start importing Assets/MainAssets/YughuesFreeNormalMaps/Textures/M_YFNMap_Honeycomb.tga using Guid(ddd09ea0b8734ac4bbf83b4e32116d7f) Importer(815301076,1909f56bfc062723c751e8b465ee728b) (PreviewImporter) -> (artifact id: '3d06f02fb43bb2af10e4fff9786b6b07') in 0.0114158 seconds
Number of updated asset objects reloaded before import = 0Number of asset objects unloaded after import = 2

========================================================================
Received Import Request.
  Time since last request: 0.000038 seconds.
  path: Assets/MainAssets/YughuesFreeNormalMaps/Textures/M_YFNMap_Lines_n.tga
  artifactKey: Guid(73c9e17f922e11f43b876a5fdff65e58) Importer(815301076,1909f56bfc062723c751e8b465ee728b)
Start importing Assets/MainAssets/YughuesFreeNormalMaps/Textures/M_YFNMap_Lines_n.tga using Guid(73c9e17f922e11f43b876a5fdff65e58) Importer(815301076,1909f56bfc062723c751e8b465ee728b) (PreviewImporter) -> (artifact id: 'b64d9f0aaec9aa1e132c57ae2e31fbb0') in 0.0133119 seconds
Number of updated asset objects reloaded before import = 0Number of asset objects unloaded after import = 2

========================================================================
Received Import Request.
  Time since last request: 60.348275 seconds.
  path: Assets/MainAssets/YughuesFreeNormalMaps/Materials/M_YFNMap_Arcs.mat
  artifactKey: Guid(ee1c9b222a8a869478968884cbb1a0e5) Importer(815301076,1909f56bfc062723c751e8b465ee728b)
Start importing Assets/MainAssets/YughuesFreeNormalMaps/Materials/M_YFNMap_Arcs.mat using Guid(ee1c9b222a8a869478968884cbb1a0e5) Importer(815301076,1909f56bfc062723c751e8b465ee728b) (PreviewImporter) -> (artifact id: 'e9bf39fe342779a7d9e8cbc772bceba4') in 2.9838982 seconds
Number of updated asset objects reloaded before import = 0Number of asset objects unloaded after import = 3

========================================================================
Received Import Request.
  Time since last request: 0.000038 seconds.
  path: Assets/MainAssets/YughuesFreeNormalMaps/Materials/M_YFNMap_Xlvl3b.mat
  artifactKey: Guid(62a06edec251c2a4fbad22b78e9490b2) Importer(815301076,1909f56bfc062723c751e8b465ee728b)
Start importing Assets/MainAssets/YughuesFreeNormalMaps/Materials/M_YFNMap_Xlvl3b.mat using Guid(62a06edec251c2a4fbad22b78e9490b2) Importer(815301076,1909f56bfc062723c751e8b465ee728b) (PreviewImporter) -> (artifact id: '64ff65bf8ee89fb5ef99b12aaded2466') in 0.0134356 seconds
Number of updated asset objects reloaded before import = 0Number of asset objects unloaded after import = 3

========================================================================
Received Import Request.
  Time since last request: 0.000042 seconds.
  path: Assets/MainAssets/YughuesFreeNormalMaps/Materials/M_YFNMap_Cubes_n.mat
  artifactKey: Guid(8959b7f82b1467c45bba49e610e8eda1) Importer(815301076,1909f56bfc062723c751e8b465ee728b)
Start importing Assets/MainAssets/YughuesFreeNormalMaps/Materials/M_YFNMap_Cubes_n.mat using Guid(8959b7f82b1467c45bba49e610e8eda1) Importer(815301076,1909f56bfc062723c751e8b465ee728b) (PreviewImporter) -> (artifact id: '5e909c65e3329c3b6be0ee0e3e9f496a') in 0.0145935 seconds
Number of updated asset objects reloaded before import = 0Number of asset objects unloaded after import = 3

========================================================================
Received Import Request.
  Time since last request: 0.000035 seconds.
  path: Assets/MainAssets/YughuesFreeNormalMaps/Materials/M_YFNMap_Whirl.mat
  artifactKey: Guid(b859caa0b313f6e49a603b11c36837bf) Importer(815301076,1909f56bfc062723c751e8b465ee728b)
Start importing Assets/MainAssets/YughuesFreeNormalMaps/Materials/M_YFNMap_Whirl.mat using Guid(b859caa0b313f6e49a603b11c36837bf) Importer(815301076,1909f56bfc062723c751e8b465ee728b) (PreviewImporter) -> (artifact id: '7346e2447127bb2f4ecfedb0ebaa856e') in 0.0139205 seconds
Number of updated asset objects reloaded before import = 0Number of asset objects unloaded after import = 3

========================================================================
Received Import Request.
  Time since last request: 0.000037 seconds.
  path: Assets/MainAssets/YughuesFreeNormalMaps/Materials/M_YFNMap_Cubes.mat
  artifactKey: Guid(53ab148faf5594b49833d0441c07d8c2) Importer(815301076,1909f56bfc062723c751e8b465ee728b)
Start importing Assets/MainAssets/YughuesFreeNormalMaps/Materials/M_YFNMap_Cubes.mat using Guid(53ab148faf5594b49833d0441c07d8c2) Importer(815301076,1909f56bfc062723c751e8b465ee728b) (PreviewImporter) -> (artifact id: 'ec300574199e35f41af69013308e415e') in 0.014407 seconds
Number of updated asset objects reloaded before import = 0Number of asset objects unloaded after import = 3

========================================================================
Received Import Request.
  Time since last request: 0.000040 seconds.
  path: Assets/MainAssets/YughuesFreeNormalMaps/Materials/M_YFNMap_FractalCircle.mat
  artifactKey: Guid(c7c37962fb97fc841a1e79b64cf0bbbe) Importer(815301076,1909f56bfc062723c751e8b465ee728b)
Start importing Assets/MainAssets/YughuesFreeNormalMaps/Materials/M_YFNMap_FractalCircle.mat using Guid(c7c37962fb97fc841a1e79b64cf0bbbe) Importer(815301076,1909f56bfc062723c751e8b465ee728b) (PreviewImporter) -> (artifact id: 'f62df45f3ae22e75893c878506d18bae') in 0.0145728 seconds
Number of updated asset objects reloaded before import = 0Number of asset objects unloaded after import = 3

========================================================================
Received Import Request.
  Time since last request: 0.000047 seconds.
  path: Assets/MainAssets/YughuesFreeNormalMaps/Materials/M_YFNMap_Lines.mat
  artifactKey: Guid(30c3a26d7e6a89d48a62dc44dfaf6d61) Importer(815301076,1909f56bfc062723c751e8b465ee728b)
Start importing Assets/MainAssets/YughuesFreeNormalMaps/Materials/M_YFNMap_Lines.mat using Guid(30c3a26d7e6a89d48a62dc44dfaf6d61) Importer(815301076,1909f56bfc062723c751e8b465ee728b) (PreviewImporter) -> (artifact id: 'e5085a35bbd90e0f3d7c348e3ad1db29') in 0.0139752 seconds
Number of updated asset objects reloaded before import = 0Number of asset objects unloaded after import = 3

========================================================================
Received Import Request.
  Time since last request: 219.296732 seconds.
  path: Assets/MainAssets/bar.fbm
  artifactKey: Guid(9bd177860c188164c928e87885b9b09b) Importer(815301076,1909f56bfc062723c751e8b465ee728b)
Start importing Assets/MainAssets/bar.fbm using Guid(9bd177860c188164c928e87885b9b09b) Importer(815301076,1909f56bfc062723c751e8b465ee728b) (PreviewImporter) -> (artifact id: 'd0b8604691e7bcf3748e361386d81179') in 0.0010024 seconds
Number of updated asset objects reloaded before import = 0Number of asset objects unloaded after import = 0

========================================================================
Received Import Request.
  Time since last request: 0.046210 seconds.
  path: Assets/MainAssets/bar.fbm/beer.jpg
  artifactKey: Guid(4dbc87bb41f9df94da80193c41107bc4) Importer(815301076,1909f56bfc062723c751e8b465ee728b)
Start importing Assets/MainAssets/bar.fbm/beer.jpg using Guid(4dbc87bb41f9df94da80193c41107bc4) Importer(815301076,1909f56bfc062723c751e8b465ee728b) (PreviewImporter) -> (artifact id: 'f12eb7bce41c4b884d65fefe49898076') in 0.0216564 seconds
Number of updated asset objects reloaded before import = 0Number of asset objects unloaded after import = 2

========================================================================
Received Import Request.
  Time since last request: 0.000036 seconds.
  path: Assets/MainAssets/bar.fbm/counter_emit.png
  artifactKey: Guid(071a57c62a0045d419dc9a0cc0cc626b) Importer(815301076,1909f56bfc062723c751e8b465ee728b)
Start importing Assets/MainAssets/bar.fbm/counter_emit.png using Guid(071a57c62a0045d419dc9a0cc0cc626b) Importer(815301076,1909f56bfc062723c751e8b465ee728b) (PreviewImporter) -> (artifact id: 'a4cb0f15daf3326b86e12ef9eca1851b') in 0.0200068 seconds
Number of updated asset objects reloaded before import = 0Number of asset objects unloaded after import = 2

========================================================================
Received Import Request.
  Time since last request: 0.000045 seconds.
  path: Assets/MainAssets/bar.fbm/wood_table_001_diff_2k.jpg
  artifactKey: Guid(6c2f80faf0f97d44f9b0bd4bab16c1d3) Importer(815301076,1909f56bfc062723c751e8b465ee728b)
Start importing Assets/MainAssets/bar.fbm/wood_table_001_diff_2k.jpg using Guid(6c2f80faf0f97d44f9b0bd4bab16c1d3) Importer(815301076,1909f56bfc062723c751e8b465ee728b) (PreviewImporter) -> (artifact id: '8b1f8b181805c142f9f6fe01144e3bbe') in 0.0197968 seconds
Number of updated asset objects reloaded before import = 0Number of asset objects unloaded after import = 2

========================================================================
Received Import Request.
  Time since last request: 0.000047 seconds.
  path: Assets/MainAssets/bar.fbm/Metal007_2K_NormalDX.jpg
  artifactKey: Guid(e933a4981120b764ea4d71fa30559517) Importer(815301076,1909f56bfc062723c751e8b465ee728b)
Start importing Assets/MainAssets/bar.fbm/Metal007_2K_NormalDX.jpg using Guid(e933a4981120b764ea4d71fa30559517) Importer(815301076,1909f56bfc062723c751e8b465ee728b) (PreviewImporter) -> (artifact id: '84549e9a69f066d534ebbe49eb76bef0') in 0.0130864 seconds
Number of updated asset objects reloaded before import = 0Number of asset objects unloaded after import = 2

========================================================================
Received Import Request.
  Time since last request: 0.000043 seconds.
  path: Assets/MainAssets/bar.fbm/wood_table_001_nor_gl_2k.exr
  artifactKey: Guid(592cb949e2bad5a42a324726c4babfd3) Importer(815301076,1909f56bfc062723c751e8b465ee728b)
Start importing Assets/MainAssets/bar.fbm/wood_table_001_nor_gl_2k.exr using Guid(592cb949e2bad5a42a324726c4babfd3) Importer(815301076,1909f56bfc062723c751e8b465ee728b) (PreviewImporter) -> (artifact id: '15ebfdc4045899cbecca72de9ac7b37b') in 0.0153717 seconds
Number of updated asset objects reloaded before import = 0Number of asset objects unloaded after import = 2

========================================================================
Received Import Request.
  Time since last request: 1.381533 seconds.
  path: Assets/MainAssets/Materials
  artifactKey: Guid(9afffd44eb685cf458caf4429452c81d) Importer(815301076,1909f56bfc062723c751e8b465ee728b)
Start importing Assets/MainAssets/Materials using Guid(9afffd44eb685cf458caf4429452c81d) Importer(815301076,1909f56bfc062723c751e8b465ee728b) (PreviewImporter) -> (artifact id: '3037dd4a3f90d7623fa3ea8b0fd730e0') in 0.0008043 seconds
Number of updated asset objects reloaded before import = 0Number of asset objects unloaded after import = 0

========================================================================
Received Import Request.
  Time since last request: 0.046008 seconds.
  path: Assets/MainAssets/Materials/beer.mat
  artifactKey: Guid(021f589c9e5d67d4998583a9f75c057f) Importer(815301076,1909f56bfc062723c751e8b465ee728b)
Start importing Assets/MainAssets/Materials/beer.mat using Guid(021f589c9e5d67d4998583a9f75c057f) Importer(815301076,1909f56bfc062723c751e8b465ee728b) (PreviewImporter) -> (artifact id: 'c8cf11daf95fbfa582c18f332eb04e10') in 0.0125815 seconds
Number of updated asset objects reloaded before import = 0Number of asset objects unloaded after import = 2

========================================================================
Received Import Request.
  Time since last request: 0.000034 seconds.
  path: Assets/MainAssets/Materials/Handle.mat
  artifactKey: Guid(fb81a225362fc5b459e0fd133a65cda7) Importer(815301076,1909f56bfc062723c751e8b465ee728b)
Start importing Assets/MainAssets/Materials/Handle.mat using Guid(fb81a225362fc5b459e0fd133a65cda7) Importer(815301076,1909f56bfc062723c751e8b465ee728b) (PreviewImporter) -> (artifact id: '1f91de6923bcf412f4e1b8689fdd093e') in 0.0114388 seconds
Number of updated asset objects reloaded before import = 0Number of asset objects unloaded after import = 1

========================================================================
Received Import Request.
  Time since last request: 0.000035 seconds.
  path: Assets/MainAssets/Materials/wood_table_001_diff_2k.mat
  artifactKey: Guid(444c9be864a51e9479e8adec216ec4b6) Importer(815301076,1909f56bfc062723c751e8b465ee728b)
Start importing Assets/MainAssets/Materials/wood_table_001_diff_2k.mat using Guid(444c9be864a51e9479e8adec216ec4b6) Importer(815301076,1909f56bfc062723c751e8b465ee728b) (PreviewImporter) -> (artifact id: '464e3115f305559e77f7affc3a6dcd44') in 0.0181107 seconds
Number of updated asset objects reloaded before import = 0Number of asset objects unloaded after import = 3

========================================================================
Received Import Request.
  Time since last request: 0.000043 seconds.
  path: Assets/MainAssets/Materials/Plastic.mat
  artifactKey: Guid(8c98344d350e8e64386c56b54b0d3c66) Importer(815301076,1909f56bfc062723c751e8b465ee728b)
Start importing Assets/MainAssets/Materials/Plastic.mat using Guid(8c98344d350e8e64386c56b54b0d3c66) Importer(815301076,1909f56bfc062723c751e8b465ee728b) (PreviewImporter) -> (artifact id: '13e8a7c9a1d92547ac9b3160e52a2543') in 0.0110966 seconds
Number of updated asset objects reloaded before import = 0Number of asset objects unloaded after import = 1

========================================================================
Received Import Request.
  Time since last request: 0.000036 seconds.
  path: Assets/MainAssets/Materials/Metal007_2K_Color.mat
  artifactKey: Guid(cde7803f442b5be41b6659fd4dce23ed) Importer(815301076,1909f56bfc062723c751e8b465ee728b)
Start importing Assets/MainAssets/Materials/Metal007_2K_Color.mat using Guid(cde7803f442b5be41b6659fd4dce23ed) Importer(815301076,1909f56bfc062723c751e8b465ee728b) (PreviewImporter) -> (artifact id: '7b5218ed0b27f46ed1086b7a2c7b8cf2') in 0.014346 seconds
Number of updated asset objects reloaded before import = 0Number of asset objects unloaded after import = 3

========================================================================
Received Import Request.
  Time since last request: 6.600514 seconds.
  path: Assets/MainAssets/Pegasus Studios/Elegant Interior Decor 3D Models Pack/Resources/Documents
  artifactKey: Guid(022e6e80770f5d54bbc8c2afb6e359ca) Importer(815301076,1909f56bfc062723c751e8b465ee728b)
Start importing Assets/MainAssets/Pegasus Studios/Elegant Interior Decor 3D Models Pack/Resources/Documents using Guid(022e6e80770f5d54bbc8c2afb6e359ca) Importer(815301076,1909f56bfc062723c751e8b465ee728b) (PreviewImporter) -> (artifact id: 'f9cb01202afb3cc06597d827448fdd8e') in 0.00106 seconds
Number of updated asset objects reloaded before import = 0Number of asset objects unloaded after import = 0

========================================================================
Received Import Request.
  Time since last request: 3.039724 seconds.
  path: Assets/MainAssets/Pegasus Studios/Elegant Interior Decor 3D Models Pack/Resources/Prefabs
  artifactKey: Guid(f2fe17cc8cd2f784883b7421b42575a1) Importer(815301076,1909f56bfc062723c751e8b465ee728b)
Start importing Assets/MainAssets/Pegasus Studios/Elegant Interior Decor 3D Models Pack/Resources/Prefabs using Guid(f2fe17cc8cd2f784883b7421b42575a1) Importer(815301076,1909f56bfc062723c751e8b465ee728b) (PreviewImporter) -> (artifact id: 'e6a19d0e9399d1d58f92447f9b6a6f3e') in 0.0008972 seconds
Number of updated asset objects reloaded before import = 0Number of asset objects unloaded after import = 0

========================================================================
Received Import Request.
  Time since last request: 0.031500 seconds.
  path: Assets/MainAssets/Pegasus Studios/Elegant Interior Decor 3D Models Pack/Resources/Prefabs/Candle Stand.prefab
  artifactKey: Guid(34c10bf3a4fa7e34f9ff6fce4f767961) Importer(815301076,1909f56bfc062723c751e8b465ee728b)
Start importing Assets/MainAssets/Pegasus Studios/Elegant Interior Decor 3D Models Pack/Resources/Prefabs/Candle Stand.prefab using Guid(34c10bf3a4fa7e34f9ff6fce4f767961) Importer(815301076,1909f56bfc062723c751e8b465ee728b) (PreviewImporter) -> (artifact id: '2ef3c3d08668425d1d2da808ddbb3caf') in 0.0151121 seconds
Number of updated asset objects reloaded before import = 0Number of asset objects unloaded after import = 16

========================================================================
Received Import Request.
  Time since last request: 0.000035 seconds.
  path: Assets/MainAssets/Pegasus Studios/Elegant Interior Decor 3D Models Pack/Resources/Prefabs/Wine Bottle.prefab
  artifactKey: Guid(d98ced33ee879c041b86388227869b3f) Importer(815301076,1909f56bfc062723c751e8b465ee728b)
Start importing Assets/MainAssets/Pegasus Studios/Elegant Interior Decor 3D Models Pack/Resources/Prefabs/Wine Bottle.prefab using Guid(d98ced33ee879c041b86388227869b3f) Importer(815301076,1909f56bfc062723c751e8b465ee728b) (PreviewImporter) -> (artifact id: 'bb40f225cc8850aa5ebe0f4c36cf93c2') in 0.0139518 seconds
Number of updated asset objects reloaded before import = 0Number of asset objects unloaded after import = 18

========================================================================
Received Import Request.
  Time since last request: 0.000032 seconds.
  path: Assets/MainAssets/Pegasus Studios/Elegant Interior Decor 3D Models Pack/Resources/Prefabs/Lamp Stand (1).prefab
  artifactKey: Guid(6310454916869d24aa0588425286b5b7) Importer(815301076,1909f56bfc062723c751e8b465ee728b)
Start importing Assets/MainAssets/Pegasus Studios/Elegant Interior Decor 3D Models Pack/Resources/Prefabs/Lamp Stand (1).prefab using Guid(6310454916869d24aa0588425286b5b7) Importer(815301076,1909f56bfc062723c751e8b465ee728b) (PreviewImporter) -> (artifact id: 'b03b3541317c69742630d90d7f99d599') in 0.0174946 seconds
Number of updated asset objects reloaded before import = 0Number of asset objects unloaded after import = 16

========================================================================
Received Import Request.
  Time since last request: 0.000039 seconds.
  path: Assets/MainAssets/Pegasus Studios/Elegant Interior Decor 3D Models Pack/Resources/Prefabs/Royal Table.prefab
  artifactKey: Guid(aac991147ecf01a448ace28e68247025) Importer(815301076,1909f56bfc062723c751e8b465ee728b)
Start importing Assets/MainAssets/Pegasus Studios/Elegant Interior Decor 3D Models Pack/Resources/Prefabs/Royal Table.prefab using Guid(aac991147ecf01a448ace28e68247025) Importer(815301076,1909f56bfc062723c751e8b465ee728b) (PreviewImporter) -> (artifact id: '4dd3e7273a96ffd51c097f3d6437b67b') in 0.0154443 seconds
Number of updated asset objects reloaded before import = 0Number of asset objects unloaded after import = 19

========================================================================
Received Import Request.
  Time since last request: 0.000044 seconds.
  path: Assets/MainAssets/Pegasus Studios/Elegant Interior Decor 3D Models Pack/Resources/Prefabs/Pillar Lamp.prefab
  artifactKey: Guid(5670778c9ac6eda43bc7a5a587301d65) Importer(815301076,1909f56bfc062723c751e8b465ee728b)
Start importing Assets/MainAssets/Pegasus Studios/Elegant Interior Decor 3D Models Pack/Resources/Prefabs/Pillar Lamp.prefab using Guid(5670778c9ac6eda43bc7a5a587301d65) Importer(815301076,1909f56bfc062723c751e8b465ee728b) (PreviewImporter) -> (artifact id: '5892a671d8c2ee909f6fc30cce4f0eca') in 0.083113 seconds
Number of updated asset objects reloaded before import = 0Number of asset objects unloaded after import = 23

========================================================================
Received Import Request.
  Time since last request: 5.234631 seconds.
  path: Assets/MainAssets/Pegasus Studios/Elegant Interior Decor 3D Models Pack/Resources/Textures
  artifactKey: Guid(b38176f3690e8d44793528964975d6fa) Importer(815301076,1909f56bfc062723c751e8b465ee728b)
Start importing Assets/MainAssets/Pegasus Studios/Elegant Interior Decor 3D Models Pack/Resources/Textures using Guid(b38176f3690e8d44793528964975d6fa) Importer(815301076,1909f56bfc062723c751e8b465ee728b) (PreviewImporter) -> (artifact id: '9ad5f085492901a5f63b883c45c13391') in 0.0008099 seconds
Number of updated asset objects reloaded before import = 0Number of asset objects unloaded after import = 0

========================================================================
Received Import Request.
  Time since last request: 1.765000 seconds.
  path: Assets/MainAssets/Pegasus Studios/Elegant Interior Decor 3D Models Pack/Resources/Textures/Table
  artifactKey: Guid(f29d7ef7fc8b6bb47bffd1f309d482fa) Importer(815301076,1909f56bfc062723c751e8b465ee728b)
Start importing Assets/MainAssets/Pegasus Studios/Elegant Interior Decor 3D Models Pack/Resources/Textures/Table using Guid(f29d7ef7fc8b6bb47bffd1f309d482fa) Importer(815301076,1909f56bfc062723c751e8b465ee728b) (PreviewImporter) -> (artifact id: 'd1846db391c927f8349c15275c886cc6') in 0.000836 seconds
Number of updated asset objects reloaded before import = 0Number of asset objects unloaded after import = 0

========================================================================
Received Import Request.
  Time since last request: 0.035801 seconds.
  path: Assets/MainAssets/Pegasus Studios/Elegant Interior Decor 3D Models Pack/Resources/Textures/Table/marbel.png
  artifactKey: Guid(a224964947f4a0e48b0cb98592c278ef) Importer(815301076,1909f56bfc062723c751e8b465ee728b)
Start importing Assets/MainAssets/Pegasus Studios/Elegant Interior Decor 3D Models Pack/Resources/Textures/Table/marbel.png using Guid(a224964947f4a0e48b0cb98592c278ef) Importer(815301076,1909f56bfc062723c751e8b465ee728b) (PreviewImporter) -> (artifact id: '4dbb158b1fbadc5cf9bd781116eeb448') in 0.00922 seconds
Number of updated asset objects reloaded before import = 0Number of asset objects unloaded after import = 2

========================================================================
Received Import Request.
  Time since last request: 295.103670 seconds.
  path: Assets/Scenes/BallRoomScene.unity
  artifactKey: Guid(761019210e9a00046b0a53a4ae02a53c) Importer(2089858483,b0f066a214c2f5e87bad3c948f4d605d)
Start importing Assets/Scenes/BallRoomScene.unity using Guid(761019210e9a00046b0a53a4ae02a53c) Importer(2089858483,b0f066a214c2f5e87bad3c948f4d605d) (ScriptedImporter) -> (artifact id: 'a97acf68d4519a43eead9eb80151b1da') in 0.0792091 seconds
Number of updated asset objects reloaded before import = 0Number of asset objects unloaded after import = 1

========================================================================
Received Import Request.
  Time since last request: 0.000044 seconds.
  path: Assets/MainAssets/YughuesFreeNormalMaps/Materials/M_YFNMap_X#.mat
  artifactKey: Guid(926bbbe08061dcc42a06c27bb9974f30) Importer(2089858483,b0f066a214c2f5e87bad3c948f4d605d)
Start importing Assets/MainAssets/YughuesFreeNormalMaps/Materials/M_YFNMap_X#.mat using Guid(926bbbe08061dcc42a06c27bb9974f30) Importer(2089858483,b0f066a214c2f5e87bad3c948f4d605d) (ScriptedImporter) -> (artifact id: '778fc7c914e6d6df802a0351ec8dce37') in 0.0424925 seconds
Number of updated asset objects reloaded before import = 0Number of asset objects unloaded after import = 3

========================================================================
Received Import Request.
  Time since last request: 0.000068 seconds.
  path: Assets/MainAssets/YughuesFreeNormalMaps/Materials/M_YFNMap_Xlvl3.mat
  artifactKey: Guid(c72fdeb706ce4ab46a6e047c6ce1566a) Importer(2089858483,b0f066a214c2f5e87bad3c948f4d605d)
Start importing Assets/MainAssets/YughuesFreeNormalMaps/Materials/M_YFNMap_Xlvl3.mat using Guid(c72fdeb706ce4ab46a6e047c6ce1566a) Importer(2089858483,b0f066a214c2f5e87bad3c948f4d605d) (ScriptedImporter) -> (artifact id: 'bedced6ca5ca0d91a06c4a0dd47b54c6') in 0.0122921 seconds
Number of updated asset objects reloaded before import = 0Number of asset objects unloaded after import = 3

========================================================================
Received Import Request.
  Time since last request: 0.000036 seconds.
  path: Assets/MainAssets/YughuesFreeNormalMaps/Materials/M_YFNMap_Diamonds_n.mat
  artifactKey: Guid(947de24c8022f3341983736ff1f8482c) Importer(2089858483,b0f066a214c2f5e87bad3c948f4d605d)
Start importing Assets/MainAssets/YughuesFreeNormalMaps/Materials/M_YFNMap_Diamonds_n.mat using Guid(947de24c8022f3341983736ff1f8482c) Importer(2089858483,b0f066a214c2f5e87bad3c948f4d605d) (ScriptedImporter) -> (artifact id: 'd872b4b79f6c72654b703b58f56370f4') in 0.0134999 seconds
Number of updated asset objects reloaded before import = 0Number of asset objects unloaded after import = 3

========================================================================
Received Import Request.
  Time since last request: 0.000037 seconds.
  path: Assets/MainAssets/YughuesFreeNormalMaps/Materials/M_YFNMap_Cubes_n.mat
  artifactKey: Guid(8959b7f82b1467c45bba49e610e8eda1) Importer(2089858483,b0f066a214c2f5e87bad3c948f4d605d)
Start importing Assets/MainAssets/YughuesFreeNormalMaps/Materials/M_YFNMap_Cubes_n.mat using Guid(8959b7f82b1467c45bba49e610e8eda1) Importer(2089858483,b0f066a214c2f5e87bad3c948f4d605d) (ScriptedImporter) -> (artifact id: '48f1a850c5fd232d03ed2bed8765d383') in 0.0186446 seconds
Number of updated asset objects reloaded before import = 0Number of asset objects unloaded after import = 3

========================================================================
Received Import Request.
  Time since last request: 0.000051 seconds.
  path: Assets/MainAssets/YughuesFreeNormalMaps/Materials/M_YFNMap_OX1.mat
  artifactKey: Guid(993f61b603682f141b90539d9b260104) Importer(2089858483,b0f066a214c2f5e87bad3c948f4d605d)
Start importing Assets/MainAssets/YughuesFreeNormalMaps/Materials/M_YFNMap_OX1.mat using Guid(993f61b603682f141b90539d9b260104) Importer(2089858483,b0f066a214c2f5e87bad3c948f4d605d) (ScriptedImporter) -> (artifact id: 'd41e8cad9808ad7d08464e88df112444') in 0.0309255 seconds
Number of updated asset objects reloaded before import = 0Number of asset objects unloaded after import = 3

========================================================================
Received Import Request.
  Time since last request: 0.000049 seconds.
  path: Assets/MainAssets/YughuesFreeNormalMaps/Materials/M_YFNMap_Diamonds.mat
  artifactKey: Guid(1577a8c6541480849a70f5e8c3147b6e) Importer(2089858483,b0f066a214c2f5e87bad3c948f4d605d)
Start importing Assets/MainAssets/YughuesFreeNormalMaps/Materials/M_YFNMap_Diamonds.mat using Guid(1577a8c6541480849a70f5e8c3147b6e) Importer(2089858483,b0f066a214c2f5e87bad3c948f4d605d) (ScriptedImporter) -> (artifact id: 'e2f81a691eed9e325b263474a2ed828b') in 0.0136283 seconds
Number of updated asset objects reloaded before import = 0Number of asset objects unloaded after import = 3

========================================================================
Received Import Request.
  Time since last request: 0.000033 seconds.
  path: Assets/MainAssets/YughuesFreeNormalMaps/Materials/M_YFNMap_FauxTin02.mat
  artifactKey: Guid(b82727eb257fde3419559b557797a55c) Importer(2089858483,b0f066a214c2f5e87bad3c948f4d605d)
Start importing Assets/MainAssets/YughuesFreeNormalMaps/Materials/M_YFNMap_FauxTin02.mat using Guid(b82727eb257fde3419559b557797a55c) Importer(2089858483,b0f066a214c2f5e87bad3c948f4d605d) (ScriptedImporter) -> (artifact id: 'a9514208cadf075d4a3a01cdad006a76') in 0.0144587 seconds
Number of updated asset objects reloaded before import = 0Number of asset objects unloaded after import = 3

========================================================================
Received Import Request.
  Time since last request: 0.000034 seconds.
  path: Assets/MainAssets/YughuesFreeNormalMaps/Materials/M_YFNMap_Ripple3b.mat
  artifactKey: Guid(1265a178e39dc354b808e7072dc89a13) Importer(2089858483,b0f066a214c2f5e87bad3c948f4d605d)
Start importing Assets/MainAssets/YughuesFreeNormalMaps/Materials/M_YFNMap_Ripple3b.mat using Guid(1265a178e39dc354b808e7072dc89a13) Importer(2089858483,b0f066a214c2f5e87bad3c948f4d605d) (ScriptedImporter) -> (artifact id: 'de92808b22461340b4f467367536d7ff') in 0.0147487 seconds
Number of updated asset objects reloaded before import = 0Number of asset objects unloaded after import = 3

========================================================================
Received Import Request.
  Time since last request: 0.000038 seconds.
  path: Assets/MainAssets/YughuesFreeNormalMaps/Materials/M_YFNMap_Flowers.mat
  artifactKey: Guid(dae6c63a41c3a094d9bc675e4fd668fd) Importer(2089858483,b0f066a214c2f5e87bad3c948f4d605d)
Start importing Assets/MainAssets/YughuesFreeNormalMaps/Materials/M_YFNMap_Flowers.mat using Guid(dae6c63a41c3a094d9bc675e4fd668fd) Importer(2089858483,b0f066a214c2f5e87bad3c948f4d605d) (ScriptedImporter) -> (artifact id: '6c4094a969114c5f692aab5cafc21bb2') in 0.0185618 seconds
Number of updated asset objects reloaded before import = 0Number of asset objects unloaded after import = 3

========================================================================
Received Import Request.
  Time since last request: 0.000047 seconds.
  path: Assets/MainAssets/YughuesFreeNormalMaps/Materials/M_YFNMap_FractalCircle.mat
  artifactKey: Guid(c7c37962fb97fc841a1e79b64cf0bbbe) Importer(2089858483,b0f066a214c2f5e87bad3c948f4d605d)
Start importing Assets/MainAssets/YughuesFreeNormalMaps/Materials/M_YFNMap_FractalCircle.mat using Guid(c7c37962fb97fc841a1e79b64cf0bbbe) Importer(2089858483,b0f066a214c2f5e87bad3c948f4d605d) (ScriptedImporter) -> (artifact id: '355de92afe3e295935e2085940e3adcf') in 0.0164466 seconds
Number of updated asset objects reloaded before import = 0Number of asset objects unloaded after import = 3

========================================================================
Received Import Request.
  Time since last request: 0.000036 seconds.
  path: Assets/MainAssets/YughuesFreeNormalMaps/Materials/M_YFNMap_Whirl.mat
  artifactKey: Guid(b859caa0b313f6e49a603b11c36837bf) Importer(2089858483,b0f066a214c2f5e87bad3c948f4d605d)
Start importing Assets/MainAssets/YughuesFreeNormalMaps/Materials/M_YFNMap_Whirl.mat using Guid(b859caa0b313f6e49a603b11c36837bf) Importer(2089858483,b0f066a214c2f5e87bad3c948f4d605d) (ScriptedImporter) -> (artifact id: '499b5608d7c948e0a70bcf3cadf975bf') in 0.0126344 seconds
Number of updated asset objects reloaded before import = 0Number of asset objects unloaded after import = 3

========================================================================
Received Import Request.
  Time since last request: 0.000041 seconds.
  path: Assets/MainAssets/YughuesFreeNormalMaps/Materials/M_YFNMap_Honeycomb.mat
  artifactKey: Guid(37a6406dc4666ba4e815c0e66184abb9) Importer(2089858483,b0f066a214c2f5e87bad3c948f4d605d)
Start importing Assets/MainAssets/YughuesFreeNormalMaps/Materials/M_YFNMap_Honeycomb.mat using Guid(37a6406dc4666ba4e815c0e66184abb9) Importer(2089858483,b0f066a214c2f5e87bad3c948f4d605d) (ScriptedImporter) -> (artifact id: '4fff56500c0e1ec31810c427f45fe3d5') in 0.0200773 seconds
Number of updated asset objects reloaded before import = 0Number of asset objects unloaded after import = 3

========================================================================
Received Import Request.
  Time since last request: 0.000048 seconds.
  path: Assets/MainAssets/YughuesFreeNormalMaps/Materials/M_YFNMap_Ripple3.mat
  artifactKey: Guid(0db1ea0a1f33a9e47866f6ae1895fe8a) Importer(2089858483,b0f066a214c2f5e87bad3c948f4d605d)
Start importing Assets/MainAssets/YughuesFreeNormalMaps/Materials/M_YFNMap_Ripple3.mat using Guid(0db1ea0a1f33a9e47866f6ae1895fe8a) Importer(2089858483,b0f066a214c2f5e87bad3c948f4d605d) (ScriptedImporter) -> (artifact id: 'b6e6c7917b2e6eef2ef736d4b2d84c8c') in 0.0116889 seconds
Number of updated asset objects reloaded before import = 0Number of asset objects unloaded after import = 3

========================================================================
Received Import Request.
  Time since last request: 0.000036 seconds.
  path: Assets/MainAssets/YughuesFreeNormalMaps/Materials/M_YFNMap_Arcs.mat
  artifactKey: Guid(ee1c9b222a8a869478968884cbb1a0e5) Importer(2089858483,b0f066a214c2f5e87bad3c948f4d605d)
Start importing Assets/MainAssets/YughuesFreeNormalMaps/Materials/M_YFNMap_Arcs.mat using Guid(ee1c9b222a8a869478968884cbb1a0e5) Importer(2089858483,b0f066a214c2f5e87bad3c948f4d605d) (ScriptedImporter) -> (artifact id: '82ddf2f3c90a75ef318bd222cce0ef4c') in 0.0143072 seconds
Number of updated asset objects reloaded before import = 0Number of asset objects unloaded after import = 3

========================================================================
Received Import Request.
  Time since last request: 0.000037 seconds.
  path: Assets/MainAssets/YughuesFreeNormalMaps/Materials/M_YFNMap_RippleLvl3_n.mat
  artifactKey: Guid(ef4a0545251a1c442af6c0f4ee989a37) Importer(2089858483,b0f066a214c2f5e87bad3c948f4d605d)
Start importing Assets/MainAssets/YughuesFreeNormalMaps/Materials/M_YFNMap_RippleLvl3_n.mat using Guid(ef4a0545251a1c442af6c0f4ee989a37) Importer(2089858483,b0f066a214c2f5e87bad3c948f4d605d) (ScriptedImporter) -> (artifact id: '31b8bd757b566551ad3263f2753bd2e9') in 0.0121041 seconds
Number of updated asset objects reloaded before import = 0Number of asset objects unloaded after import = 3

========================================================================
Received Import Request.
  Time since last request: 0.000068 seconds.
  path: Assets/MainAssets/YughuesFreeNormalMaps/Materials/M_YFNMap_Hexa3.mat
  artifactKey: Guid(2fce52f887bd46d448eef929ddf4375c) Importer(2089858483,b0f066a214c2f5e87bad3c948f4d605d)
Start importing Assets/MainAssets/YughuesFreeNormalMaps/Materials/M_YFNMap_Hexa3.mat using Guid(2fce52f887bd46d448eef929ddf4375c) Importer(2089858483,b0f066a214c2f5e87bad3c948f4d605d) (ScriptedImporter) -> (artifact id: '24dc5cf2e3d98f586b5367b7c6b5176e') in 0.016015 seconds
Number of updated asset objects reloaded before import = 0Number of asset objects unloaded after import = 3

========================================================================
Received Import Request.
  Time since last request: 0.000037 seconds.
  path: Assets/MainAssets/YughuesFreeNormalMaps/Materials/M_YFNMap_Lines.mat
  artifactKey: Guid(30c3a26d7e6a89d48a62dc44dfaf6d61) Importer(2089858483,b0f066a214c2f5e87bad3c948f4d605d)
Start importing Assets/MainAssets/YughuesFreeNormalMaps/Materials/M_YFNMap_Lines.mat using Guid(30c3a26d7e6a89d48a62dc44dfaf6d61) Importer(2089858483,b0f066a214c2f5e87bad3c948f4d605d) (ScriptedImporter) -> (artifact id: '708c8e6a946e28750061b90a62e7d40c') in 0.0117242 seconds
Number of updated asset objects reloaded before import = 0Number of asset objects unloaded after import = 3

========================================================================
Received Import Request.
  Time since last request: 0.000036 seconds.
  path: Assets/MainAssets/YughuesFreeNormalMaps/Materials/M_YFNMap_CornerSharp.mat
  artifactKey: Guid(6fa48c2a126d0d74e8bb671b62e8cb1b) Importer(2089858483,b0f066a214c2f5e87bad3c948f4d605d)
Start importing Assets/MainAssets/YughuesFreeNormalMaps/Materials/M_YFNMap_CornerSharp.mat using Guid(6fa48c2a126d0d74e8bb671b62e8cb1b) Importer(2089858483,b0f066a214c2f5e87bad3c948f4d605d) (ScriptedImporter) -> (artifact id: '08230df3fb0940c893bbac505fa170cc') in 0.0114656 seconds
Number of updated asset objects reloaded before import = 0Number of asset objects unloaded after import = 3

========================================================================
Received Import Request.
  Time since last request: 0.000039 seconds.
  path: Assets/MainAssets/YughuesFreeNormalMaps/Materials/M_YFNMap_OX3.mat
  artifactKey: Guid(10b748ccd515a724e8f89b3056c08fb2) Importer(2089858483,b0f066a214c2f5e87bad3c948f4d605d)
Start importing Assets/MainAssets/YughuesFreeNormalMaps/Materials/M_YFNMap_OX3.mat using Guid(10b748ccd515a724e8f89b3056c08fb2) Importer(2089858483,b0f066a214c2f5e87bad3c948f4d605d) (ScriptedImporter) -> (artifact id: 'd5c9e62c9aad3b9dadd4889e55496099') in 0.0130316 seconds
Number of updated asset objects reloaded before import = 0Number of asset objects unloaded after import = 3

========================================================================
Received Import Request.
  Time since last request: 0.000046 seconds.
  path: Assets/MainAssets/YughuesFreeNormalMaps/Materials/M_YFNMap_FauxTin04.mat
  artifactKey: Guid(0393dcdaf747b9749b083ad3ec9bda84) Importer(2089858483,b0f066a214c2f5e87bad3c948f4d605d)
Start importing Assets/MainAssets/YughuesFreeNormalMaps/Materials/M_YFNMap_FauxTin04.mat using Guid(0393dcdaf747b9749b083ad3ec9bda84) Importer(2089858483,b0f066a214c2f5e87bad3c948f4d605d) (ScriptedImporter) -> (artifact id: 'dacadfc950ceb1f6048e7ca3353f16fb') in 0.0117868 seconds
Number of updated asset objects reloaded before import = 0Number of asset objects unloaded after import = 3

========================================================================
Received Import Request.
  Time since last request: 0.000036 seconds.
  path: Assets/MainAssets/YughuesFreeNormalMaps/Materials/M_YFNMap_Classic.mat
  artifactKey: Guid(e0e3bbdfdcd5e59408d5533e7648ac49) Importer(2089858483,b0f066a214c2f5e87bad3c948f4d605d)
Start importing Assets/MainAssets/YughuesFreeNormalMaps/Materials/M_YFNMap_Classic.mat using Guid(e0e3bbdfdcd5e59408d5533e7648ac49) Importer(2089858483,b0f066a214c2f5e87bad3c948f4d605d) (ScriptedImporter) -> (artifact id: 'd85b6d2f54c438f0e3f697d5c2c36f25') in 0.0141725 seconds
Number of updated asset objects reloaded before import = 0Number of asset objects unloaded after import = 3

Editor requested this worker to shutdown with reason: Scaling down because of idle timeout
AssetImportWorker is now disconnected from the server
Process exiting
Exiting without the bug reporter. Application will terminate with return code 0