[Licensing::Module] Trying to connect to existing licensing client channel...
Built from '6000.3/respin/6000.3.5f1-a1ec4b2f2d19' branch; Version is '6000.3.5f2 (3fa8bc678cb0) revision 4171964'; Using compiler version '194234433'; Build Type 'Release'
OS: 'Windows 11  (10.0.26100) Core' Language: 'en' Physical Memory: 32654 MB
[Licensing::IpcConnector] Successfully connected to: "LicenseClient-ady" at "2026-01-28T14:41:27.5915323Z"
BatchMode: 1, IsHumanControllingUs: 0, StartBugReporterOnCrash: 0, Is64bit: 1
System  architecture: x64
Process architecture: x64
Date: 2026-01-28T14:41:27Z

COMMAND LINE ARGUMENTS:
C:\Program Files\Unity\Hub\Editor\6000.3.5f2\Editor\Unity.exe
-adb2
-batchMode
-noUpm
-name
AssetImportWorker9
-projectPath
C:/Users/ady/Documents/GitHub/GlobalGameJamGame2026
-logFile
Logs/AssetImportWorker9.log
-srvPort
58448
-job-worker-count
7
-background-job-worker-count
8
-gc-helper-count
1
-name
AssetImport
Successfully changed project path to: C:/Users/ady/Documents/GitHub/GlobalGameJamGame2026
C:/Users/ady/Documents/GitHub/GlobalGameJamGame2026
[UnityMemory] Configuration Parameters - Can be set up in boot.config
    "memorysetup-temp-allocator-size-nav-mesh-worker=65536"
    "memorysetup-temp-allocator-size-audio-worker=65536"
    "memorysetup-temp-allocator-size-gfx=262144"
    "memorysetup-allocator-temp-initial-block-size-main=262144"
    "memorysetup-allocator-temp-initial-block-size-worker=262144"
    "memorysetup-temp-allocator-size-background-worker=32768"
    "memorysetup-temp-allocator-size-job-worker=262144"
    "memorysetup-temp-allocator-size-preload-manager=33554432"
    "memorysetup-temp-allocator-size-gi-baking-worker=262144"
    "memorysetup-temp-allocator-size-gi-baking-worker=262144"
    "memorysetup-temp-allocator-size-gi-baking-worker=262144"
    "memorysetup-temp-allocator-size-gi-baking-worker=262144"
    "memorysetup-temp-allocator-size-gi-baking-worker=262144"
    "memorysetup-bucket-allocator-granularity=16"
    "memorysetup-bucket-allocator-bucket-count=8"
    "memorysetup-bucket-allocator-block-size=33554432"
    "memorysetup-bucket-allocator-block-count=8"
    "memorysetup-main-allocator-block-size=16777216"
    "memorysetup-thread-allocator-block-size=16777216"
    "memorysetup-gfx-main-allocator-block-size=16777216"
    "memorysetup-gfx-thread-allocator-block-size=16777216"
    "memorysetup-cache-allocator-block-size=4194304"
    "memorysetup-typetree-allocator-block-size=2097152"
    "memorysetup-profiler-bucket-allocator-granularity=16"
    "memorysetup-profiler-bucket-allocator-bucket-count=8"
    "memorysetup-profiler-bucket-allocator-block-size=33554432"
    "memorysetup-profiler-bucket-allocator-block-count=8"
    "memorysetup-profiler-allocator-block-size=16777216"
    "memorysetup-profiler-editor-allocator-block-size=1048576"
    "memorysetup-temp-allocator-size-main=16777216"
    "memorysetup-job-temp-allocator-block-size=2097152"
    "memorysetup-job-temp-allocator-block-size-background=1048576"
    "memorysetup-job-temp-allocator-reduction-small-platforms=262144"
    "memorysetup-temp-allocator-size-cloud-worker=32768"
Player connection [26248]  Target information:

Player connection [26248]  * "[IP] 192.168.1.207 [Port] 0 [Flags] 2 [Guid] 3128543022 [EditorId] 3128543022 [Version] 1048832 [Id] WindowsEditor(7,DESKTOP-IAST724) [Debug] 1 [PackageName] WindowsEditor [ProjectName] Editor" 

Player connection [26248] Host joined multi-casting on [225.0.0.222:54997]...
Player connection [26248] Host joined alternative multi-casting on [225.0.0.222:34997]...
JobSystem: Creating JobQueue using job-worker-count value 7
Input System module state changed to: Initialized.
[Physics::Module] Initialized fallback backend.
[Physics::Module] Id: 0xdecafbad
Library Redirect Path: Library/
[Physics::Module] Selected backend.
[Physics::Module] Name: PhysX
[Physics::Module] Id: 0xf2b8ea05
[Physics::Module] SDK Version: 4.1.2
[Physics::Module] Integration Version: 1.0.0
[Physics::Module] Threading Mode: Multi-Threaded
Refreshing native plugins compatible for Editor in 5.02 ms, found 3 plugins.
Preloading 0 native plugins for Editor in 0.00 ms.
Initialize engine version: 6000.3.5f2 (3fa8bc678cb0)
[Subsystems] Discovering subsystems at path C:/Program Files/Unity/Hub/Editor/6000.3.5f2/Editor/Data/Resources/UnitySubsystems
[Subsystems] Discovering subsystems at path C:/Users/ady/Documents/GitHub/GlobalGameJamGame2026/Assets
GfxDevice: creating device client; kGfxThreadingModeNonThreaded
Direct3D:
    Version:  Direct3D 11.0 [level 11.1]
    Renderer: NVIDIA GeForce RTX 4070 (ID=0x2786)
    Vendor:   NVIDIA
    VRAM:     12010 MB
    Driver:   32.0.15.9174
Initialize mono
Mono path[0] = 'C:/Program Files/Unity/Hub/Editor/6000.3.5f2/Editor/Data/Managed'
Mono path[1] = 'C:/Program Files/Unity/Hub/Editor/6000.3.5f2/Editor/Data/MonoBleedingEdge/lib/mono/unityjit-win32'
Mono config path = 'C:/Program Files/Unity/Hub/Editor/6000.3.5f2/Editor/Data/MonoBleedingEdge/etc'
Using monoOptions --debugger-agent=transport=dt_socket,embedding=1,server=y,suspend=n,address=127.0.0.1:56056
Begin MonoManager ReloadAssembly
Registering precompiled unity dll's ...
Register platform support module: C:/Program Files/Unity/Hub/Editor/6000.3.5f2/Editor/Data/PlaybackEngines/WindowsStandaloneSupport/UnityEditor.WindowsStandalone.Extensions.dll
Registered in 0.004069 seconds.
[Licensing::Client] Handshaking with LicensingClient:
  Version:                 1.17.4+4293ba1
  Session Id:              c83892633e034766aa54f26aa4b00ac9
  Correlation Id:          5deea81f421e7221185a8b536ced2ffa
  External correlation Id: 7287264175680040058
  Machine Id:              w74mvXlGn566yFKgA+XQ5jLQxKI=
[Licensing::Module] Successfully connected to LicensingClient on channel: "LicenseClient-ady" (connect: 0.00s, validation: 0.00s, handshake: 1.60s)
[Licensing::IpcConnector] Successfully connected to: "LicenseClient-ady-notifications" at "2026-01-28T14:41:29.198194Z"
[Licensing::Module] Licensing Background thread has ended after 1.61s
- Loaded All Assemblies, in  0.791 seconds
Native extension for WindowsStandalone target not found
ScheduleIndexationOnStartup MainProcess:False IndexOnStartup:True
Mono: successfully reloaded assembly
- Finished resetting the current domain, in  0.662 seconds
Domain Reload Profiling: 1444ms
	BeginReloadAssembly (249ms)
		ExecutionOrderSort (0ms)
		DisableScriptedObjects (0ms)
		BackupInstance (0ms)
		ReleaseScriptingObjects (0ms)
		CreateAndSetChildDomain (1ms)
	RebuildCommonClasses (108ms)
	RebuildNativeTypeToScriptingClass (28ms)
	initialDomainReloadingComplete (93ms)
	LoadAllAssembliesAndSetupDomain (303ms)
		LoadAssemblies (242ms)
		RebuildTransferFunctionScriptingTraits (0ms)
		AnalyzeDomain (298ms)
			TypeCache.Refresh (295ms)
				TypeCache.ScanAssembly (248ms)
			BuildScriptInfoCaches (0ms)
			ResolveRequiredComponents (1ms)
	FinalizeReload (663ms)
		ReleaseScriptCaches (0ms)
		RebuildScriptCaches (0ms)
		SetupLoadedEditorAssemblies (583ms)
			LogAssemblyErrors (0ms)
			InitializePlatformSupportModulesInManaged (75ms)
			SetLoadedEditorAssemblies (6ms)
			BeforeProcessingInitializeOnLoad (150ms)
			ProcessInitializeOnLoadAttributes (238ms)
			ProcessInitializeOnLoadMethodAttributes (114ms)
			AfterProcessingInitializeOnLoad (0ms)
			EditorAssembliesLoaded (0ms)
		ExecutionOrderSort2 (0ms)
		AwakeInstancesAfterBackupRestoration (0ms)
========================================================================
Worker process is ready to serve import requests
Import Worker Mode flag is 0x00
Begin MonoManager ReloadAssembly
[Licensing::Client] Successfully resolved entitlement details
[Licensing::Module] License group:
  Id: 5773840413360-UnityPersXXXX
  Product: Unity Personal
  Type: Assigned
  Expiration: Unlimited
- Loaded All Assemblies, in  1.353 seconds
Refreshing native plugins compatible for Editor in 1.45 ms, found 3 plugins.
Native extension for WindowsStandalone target not found
Package Manager log level set to [2]
[Package Manager] Failed to launch server process. Reason: Unity was launched with the -noUpm command-line argument
[Package Manager] Unable to send message (not connected to server process).
[Package Manager] Cannot connect to Unity Package Manager local server
ScheduleIndexationOnStartup MainProcess:False IndexOnStartup:True
Mono: successfully reloaded assembly
- Finished resetting the current domain, in  1.172 seconds
Domain Reload Profiling: 2514ms
	BeginReloadAssembly (290ms)
		ExecutionOrderSort (0ms)
		DisableScriptedObjects (9ms)
		BackupInstance (0ms)
		ReleaseScriptingObjects (0ms)
		CreateAndSetChildDomain (53ms)
	RebuildCommonClasses (61ms)
	RebuildNativeTypeToScriptingClass (20ms)
	initialDomainReloadingComplete (64ms)
	LoadAllAssembliesAndSetupDomain (906ms)
		LoadAssemblies (590ms)
		RebuildTransferFunctionScriptingTraits (0ms)
		AnalyzeDomain (476ms)
			TypeCache.Refresh (340ms)
				TypeCache.ScanAssembly (272ms)
			BuildScriptInfoCaches (115ms)
			ResolveRequiredComponents (16ms)
	FinalizeReload (1173ms)
		ReleaseScriptCaches (0ms)
		RebuildScriptCaches (0ms)
		SetupLoadedEditorAssemblies (879ms)
			LogAssemblyErrors (0ms)
			InitializePlatformSupportModulesInManaged (2ms)
			SetLoadedEditorAssemblies (8ms)
			BeforeProcessingInitializeOnLoad (237ms)
			ProcessInitializeOnLoadAttributes (528ms)
			ProcessInitializeOnLoadMethodAttributes (91ms)
			AfterProcessingInitializeOnLoad (13ms)
			EditorAssembliesLoaded (0ms)
		ExecutionOrderSort2 (0ms)
		AwakeInstancesAfterBackupRestoration (8ms)
Launched and connected shader compiler UnityShaderCompiler.exe after 0.02 seconds
Refreshing native plugins compatible for Editor in 2.45 ms, found 3 plugins.
Preloading 0 native plugins for Editor in 0.00 ms.
Unloading 16 Unused Serialized files (Serialized files now loaded: 0)
Unloading 6262 unused Assets / (4.0 MB). Loaded Objects now: 7080.
Memory consumption went from 147.2 MB to 143.2 MB.
Total: 24.088800 ms (FindLiveObjects: 3.688600 ms CreateObjectMapping: 3.305400 ms MarkObjects: 11.986800 ms  DeleteObjects: 5.107100 ms)

========================================================================
Received Import Request.
  Time since last request: 16461.617906 seconds.
  path: Assets/MainAssets/YughuesFreeFlooringMaterials/Materials/M_YFFlM_08.mat
  artifactKey: Guid(5c0de40c69f48b14eb67d6190333581f) Importer(2089858483,b0f066a214c2f5e87bad3c948f4d605d)
Start importing Assets/MainAssets/YughuesFreeFlooringMaterials/Materials/M_YFFlM_08.mat using Guid(5c0de40c69f48b14eb67d6190333581f) Importer(2089858483,b0f066a214c2f5e87bad3c948f4d605d) (ScriptedImporter) -> (artifact id: '27e3cfaf5a71b2eb7daf317bdfbb81d1') in 0.130723 seconds
Number of updated asset objects reloaded before import = 0Number of asset objects unloaded after import = 4

========================================================================
Received Import Request.
  Time since last request: 0.000024 seconds.
  path: Assets/MainAssets/YughuesFreeFlooringMaterials/Materials/M_YFFlM_07.mat
  artifactKey: Guid(8277198ec0924384ca46355178c0195b) Importer(2089858483,b0f066a214c2f5e87bad3c948f4d605d)
Start importing Assets/MainAssets/YughuesFreeFlooringMaterials/Materials/M_YFFlM_07.mat using Guid(8277198ec0924384ca46355178c0195b) Importer(2089858483,b0f066a214c2f5e87bad3c948f4d605d) (ScriptedImporter) -> (artifact id: '81d734e5cc3753d8ea67e2e1c409a9a3') in 0.0169641 seconds
Number of updated asset objects reloaded before import = 0Number of asset objects unloaded after import = 4

========================================================================
Received Import Request.
  Time since last request: 0.000031 seconds.
  path: Assets/MainAssets/YughuesFreeFlooringMaterials/Materials/M_YFFlM_03.mat
  artifactKey: Guid(901d491d68de4614f94082da47053d79) Importer(2089858483,b0f066a214c2f5e87bad3c948f4d605d)
Start importing Assets/MainAssets/YughuesFreeFlooringMaterials/Materials/M_YFFlM_03.mat using Guid(901d491d68de4614f94082da47053d79) Importer(2089858483,b0f066a214c2f5e87bad3c948f4d605d) (ScriptedImporter) -> (artifact id: 'ef489c444e340015b763d7bdcb870d26') in 0.013641 seconds
Number of updated asset objects reloaded before import = 0Number of asset objects unloaded after import = 4

========================================================================
Received Import Request.
  Time since last request: 0.000021 seconds.
  path: Assets/MainAssets/YughuesFreeFlooringMaterials/Materials/M_YFFlM_01.mat
  artifactKey: Guid(c72c18a65c5a3ed4ead4b1b025a1a5d8) Importer(2089858483,b0f066a214c2f5e87bad3c948f4d605d)
Start importing Assets/MainAssets/YughuesFreeFlooringMaterials/Materials/M_YFFlM_01.mat using Guid(c72c18a65c5a3ed4ead4b1b025a1a5d8) Importer(2089858483,b0f066a214c2f5e87bad3c948f4d605d) (ScriptedImporter) -> (artifact id: '277cf46eafc85cf1eb595b1d5ba65c91') in 0.0099386 seconds
Number of updated asset objects reloaded before import = 0Number of asset objects unloaded after import = 4

========================================================================
Received Import Request.
  Time since last request: 6.260692 seconds.
  path: Assets/MainAssets/YughuesFreeFlooringMaterials/Materials/M_YFFlM_08.mat
  artifactKey: Guid(5c0de40c69f48b14eb67d6190333581f) Importer(2089858483,b0f066a214c2f5e87bad3c948f4d605d)
Start importing Assets/MainAssets/YughuesFreeFlooringMaterials/Materials/M_YFFlM_08.mat using Guid(5c0de40c69f48b14eb67d6190333581f) Importer(2089858483,b0f066a214c2f5e87bad3c948f4d605d) (ScriptedImporter) -> (artifact id: '1fedd1e151aa7c71d5caf96497fc6f8b') in 0.0133609 seconds
Number of updated asset objects reloaded before import = 0Number of asset objects unloaded after import = 4

========================================================================
Received Import Request.
  Time since last request: 0.000066 seconds.
  path: Assets/MainAssets/YughuesFreeFlooringMaterials/Materials/M_YFFlM_02.mat
  artifactKey: Guid(057523c35ac98894fa1692c16a6b2827) Importer(2089858483,b0f066a214c2f5e87bad3c948f4d605d)
Start importing Assets/MainAssets/YughuesFreeFlooringMaterials/Materials/M_YFFlM_02.mat using Guid(057523c35ac98894fa1692c16a6b2827) Importer(2089858483,b0f066a214c2f5e87bad3c948f4d605d) (ScriptedImporter) -> (artifact id: 'b891b679011648a7c0ad14e1ecffa896') in 0.0112733 seconds
Number of updated asset objects reloaded before import = 0Number of asset objects unloaded after import = 4

========================================================================
Received Import Request.
  Time since last request: 0.000021 seconds.
  path: Assets/MainAssets/YughuesFreeFlooringMaterials/Materials/M_YFFlM_06.mat
  artifactKey: Guid(02558090a64f563428be76397f7d0c72) Importer(2089858483,b0f066a214c2f5e87bad3c948f4d605d)
Start importing Assets/MainAssets/YughuesFreeFlooringMaterials/Materials/M_YFFlM_06.mat using Guid(02558090a64f563428be76397f7d0c72) Importer(2089858483,b0f066a214c2f5e87bad3c948f4d605d) (ScriptedImporter) -> (artifact id: '22550edd67ad08e2544628fb3468d8ab') in 0.0101977 seconds
Number of updated asset objects reloaded before import = 0Number of asset objects unloaded after import = 4

========================================================================
Received Import Request.
  Time since last request: 11.612101 seconds.
  path: Assets/MainAssets/YughuesFreeFlooringMaterials/Materials/M_YFFlM_03.mat
  artifactKey: Guid(901d491d68de4614f94082da47053d79) Importer(815301076,1909f56bfc062723c751e8b465ee728b)
Start importing Assets/MainAssets/YughuesFreeFlooringMaterials/Materials/M_YFFlM_03.mat using Guid(901d491d68de4614f94082da47053d79) Importer(815301076,1909f56bfc062723c751e8b465ee728b) (PreviewImporter) -> (artifact id: '3ad0552fa0bf7e484b43ef1749854a80') in 0.7480582 seconds
Number of updated asset objects reloaded before import = 0Number of asset objects unloaded after import = 4

========================================================================
Received Import Request.
  Time since last request: 0.000046 seconds.
  path: Assets/MainAssets/YughuesFreeFlooringMaterials/Materials/T_YFFlM_03_s.mat
  artifactKey: Guid(868064f86e9db304d8143f7786f42b42) Importer(815301076,1909f56bfc062723c751e8b465ee728b)
Start importing Assets/MainAssets/YughuesFreeFlooringMaterials/Materials/T_YFFlM_03_s.mat using Guid(868064f86e9db304d8143f7786f42b42) Importer(815301076,1909f56bfc062723c751e8b465ee728b) (PreviewImporter) -> (artifact id: 'b3650b8752b3ea357bd8fc434ae07bbc') in 3.1356833 seconds
Number of updated asset objects reloaded before import = 0Number of asset objects unloaded after import = 3

========================================================================
Received Import Request.
  Time since last request: 0.000054 seconds.
  path: Assets/MainAssets/YughuesFreeFlooringMaterials/Materials/M_YFFlM_08.mat
  artifactKey: Guid(5c0de40c69f48b14eb67d6190333581f) Importer(815301076,1909f56bfc062723c751e8b465ee728b)
Start importing Assets/MainAssets/YughuesFreeFlooringMaterials/Materials/M_YFFlM_08.mat using Guid(5c0de40c69f48b14eb67d6190333581f) Importer(815301076,1909f56bfc062723c751e8b465ee728b) (PreviewImporter) -> (artifact id: 'f47d8ee20b13dc85c858a4e7f3dc2286') in 0.0172512 seconds
Number of updated asset objects reloaded before import = 0Number of asset objects unloaded after import = 4

========================================================================
Received Import Request.
  Time since last request: 0.000129 seconds.
  path: Assets/MainAssets/YughuesFreeFlooringMaterials/Materials/M_YFFlM_12.mat
  artifactKey: Guid(e20fae5a4472e48469ab68229b53bd6c) Importer(815301076,1909f56bfc062723c751e8b465ee728b)
Start importing Assets/MainAssets/YughuesFreeFlooringMaterials/Materials/M_YFFlM_12.mat using Guid(e20fae5a4472e48469ab68229b53bd6c) Importer(815301076,1909f56bfc062723c751e8b465ee728b) (PreviewImporter) -> (artifact id: '8756797e0f72ea996122d473fd708736') in 0.018001 seconds
Number of updated asset objects reloaded before import = 0Number of asset objects unloaded after import = 4

========================================================================
Received Import Request.
  Time since last request: 0.000038 seconds.
  path: Assets/MainAssets/YughuesFreeFlooringMaterials/Materials/M_YFFlM_05.mat
  artifactKey: Guid(c74fd1bcdfc3dc548aa878748c2c73e3) Importer(815301076,1909f56bfc062723c751e8b465ee728b)
Start importing Assets/MainAssets/YughuesFreeFlooringMaterials/Materials/M_YFFlM_05.mat using Guid(c74fd1bcdfc3dc548aa878748c2c73e3) Importer(815301076,1909f56bfc062723c751e8b465ee728b) (PreviewImporter) -> (artifact id: '3094cefbad9fcaf85250caf2105b1583') in 0.014443 seconds
Number of updated asset objects reloaded before import = 0Number of asset objects unloaded after import = 4

========================================================================
Received Import Request.
  Time since last request: 13.120885 seconds.
  path: Assets/MainAssets/YughuesFreeFlooringMaterials/Materials/T_YFFlM_02_n.mat
  artifactKey: Guid(29d918a566545f744a936e665bc379cd) Importer(2089858483,b0f066a214c2f5e87bad3c948f4d605d)
Start importing Assets/MainAssets/YughuesFreeFlooringMaterials/Materials/T_YFFlM_02_n.mat using Guid(29d918a566545f744a936e665bc379cd) Importer(2089858483,b0f066a214c2f5e87bad3c948f4d605d) (ScriptedImporter) -> (artifact id: '8baef14c56969b9827af427e3ac81354') in 0.0125081 seconds
Number of updated asset objects reloaded before import = 0Number of asset objects unloaded after import = 3

========================================================================
Received Import Request.
  Time since last request: 0.000068 seconds.
  path: Assets/MainAssets/YughuesFreeFlooringMaterials/Materials/T_YFFlM_10_n.mat
  artifactKey: Guid(d058c01b335d4014882197cf9a3590f8) Importer(2089858483,b0f066a214c2f5e87bad3c948f4d605d)
Start importing Assets/MainAssets/YughuesFreeFlooringMaterials/Materials/T_YFFlM_10_n.mat using Guid(d058c01b335d4014882197cf9a3590f8) Importer(2089858483,b0f066a214c2f5e87bad3c948f4d605d) (ScriptedImporter) -> (artifact id: '8ca3c7b8a0900195920707860aa179dc') in 0.0094282 seconds
Number of updated asset objects reloaded before import = 0Number of asset objects unloaded after import = 3

========================================================================
Received Import Request.
  Time since last request: 0.000060 seconds.
  path: Assets/MainAssets/YughuesFreeFlooringMaterials/Materials/T_YFFlM_11_s.mat
  artifactKey: Guid(4c12d4ab3f07bad448b0b92b10d423d1) Importer(2089858483,b0f066a214c2f5e87bad3c948f4d605d)
Start importing Assets/MainAssets/YughuesFreeFlooringMaterials/Materials/T_YFFlM_11_s.mat using Guid(4c12d4ab3f07bad448b0b92b10d423d1) Importer(2089858483,b0f066a214c2f5e87bad3c948f4d605d) (ScriptedImporter) -> (artifact id: '54d76505a77be2f8856883b5b8170840') in 0.0126792 seconds
Number of updated asset objects reloaded before import = 0Number of asset objects unloaded after import = 3

========================================================================
Received Import Request.
  Time since last request: 0.000036 seconds.
  path: Assets/MainAssets/YughuesFreeFlooringMaterials/Materials/T_YFFlM_07_n.mat
  artifactKey: Guid(49f1fa60686da62488ddeb29ce0ebdab) Importer(2089858483,b0f066a214c2f5e87bad3c948f4d605d)
Start importing Assets/MainAssets/YughuesFreeFlooringMaterials/Materials/T_YFFlM_07_n.mat using Guid(49f1fa60686da62488ddeb29ce0ebdab) Importer(2089858483,b0f066a214c2f5e87bad3c948f4d605d) (ScriptedImporter) -> (artifact id: 'c93a8e1d8c2053f75b37f081c866a6ea') in 0.0084384 seconds
Number of updated asset objects reloaded before import = 0Number of asset objects unloaded after import = 3

========================================================================
Received Import Request.
  Time since last request: 0.000037 seconds.
  path: Assets/MainAssets/YughuesFreeFlooringMaterials/Materials/T_YFFlM_09_n.mat
  artifactKey: Guid(4426e73cc2ad2d441a4907d65719d1d7) Importer(2089858483,b0f066a214c2f5e87bad3c948f4d605d)
Start importing Assets/MainAssets/YughuesFreeFlooringMaterials/Materials/T_YFFlM_09_n.mat using Guid(4426e73cc2ad2d441a4907d65719d1d7) Importer(2089858483,b0f066a214c2f5e87bad3c948f4d605d) (ScriptedImporter) -> (artifact id: '4f63d6aed87c60811926216d03d2360c') in 0.0086067 seconds
Number of updated asset objects reloaded before import = 0Number of asset objects unloaded after import = 3

========================================================================
Received Import Request.
  Time since last request: 0.000028 seconds.
  path: Assets/MainAssets/YughuesFreeFlooringMaterials/Materials/T_YFFlM_03_n.mat
  artifactKey: Guid(d1c6c6aaf9d5f04409b4ca990e86f739) Importer(2089858483,b0f066a214c2f5e87bad3c948f4d605d)
Start importing Assets/MainAssets/YughuesFreeFlooringMaterials/Materials/T_YFFlM_03_n.mat using Guid(d1c6c6aaf9d5f04409b4ca990e86f739) Importer(2089858483,b0f066a214c2f5e87bad3c948f4d605d) (ScriptedImporter) -> (artifact id: 'ddf198e4b9bb84e168330590bde1a6b4') in 0.0090356 seconds
Number of updated asset objects reloaded before import = 0Number of asset objects unloaded after import = 3

========================================================================
Received Import Request.
  Time since last request: 0.000050 seconds.
  path: Assets/MainAssets/YughuesFreeFlooringMaterials/Materials/T_YFFlM_05_s.mat
  artifactKey: Guid(7d587a37e7840664f8294f6b23b79e7a) Importer(2089858483,b0f066a214c2f5e87bad3c948f4d605d)
Start importing Assets/MainAssets/YughuesFreeFlooringMaterials/Materials/T_YFFlM_05_s.mat using Guid(7d587a37e7840664f8294f6b23b79e7a) Importer(2089858483,b0f066a214c2f5e87bad3c948f4d605d) (ScriptedImporter) -> (artifact id: 'bedecdabd61462a3aee419119c7e693f') in 0.0100103 seconds
Number of updated asset objects reloaded before import = 0Number of asset objects unloaded after import = 3

========================================================================
Received Import Request.
  Time since last request: 0.000034 seconds.
  path: Assets/MainAssets/YughuesFreeFlooringMaterials/Materials/T_YFFlM_12_s.mat
  artifactKey: Guid(10a49b1916dcb684f98499e5155b49fd) Importer(2089858483,b0f066a214c2f5e87bad3c948f4d605d)
Start importing Assets/MainAssets/YughuesFreeFlooringMaterials/Materials/T_YFFlM_12_s.mat using Guid(10a49b1916dcb684f98499e5155b49fd) Importer(2089858483,b0f066a214c2f5e87bad3c948f4d605d) (ScriptedImporter) -> (artifact id: 'a43ccbaa9f5760a7ac146243da4d7904') in 0.0088359 seconds
Number of updated asset objects reloaded before import = 0Number of asset objects unloaded after import = 3

========================================================================
Received Import Request.
  Time since last request: 2.337601 seconds.
  path: Assets/MainAssets/YughuesFreeFlooringMaterials/Materials/T_YFFlM_02_n.mat
  artifactKey: Guid(29d918a566545f744a936e665bc379cd) Importer(815301076,1909f56bfc062723c751e8b465ee728b)
Start importing Assets/MainAssets/YughuesFreeFlooringMaterials/Materials/T_YFFlM_02_n.mat using Guid(29d918a566545f744a936e665bc379cd) Importer(815301076,1909f56bfc062723c751e8b465ee728b) (PreviewImporter) -> (artifact id: 'd6a41760ce1d46836367755161d0ac77') in 0.0184054 seconds
Number of updated asset objects reloaded before import = 0Number of asset objects unloaded after import = 3

========================================================================
Received Import Request.
  Time since last request: 0.000034 seconds.
  path: Assets/MainAssets/YughuesFreeFlooringMaterials/Materials/T_YFFlM_05_n.mat
  artifactKey: Guid(04cf06aacc6a7aa48adf745c5ce0df9c) Importer(815301076,1909f56bfc062723c751e8b465ee728b)
Start importing Assets/MainAssets/YughuesFreeFlooringMaterials/Materials/T_YFFlM_05_n.mat using Guid(04cf06aacc6a7aa48adf745c5ce0df9c) Importer(815301076,1909f56bfc062723c751e8b465ee728b) (PreviewImporter) -> (artifact id: 'f23fd29c80f53ffd07f668cd835d0a44') in 0.0153665 seconds
Number of updated asset objects reloaded before import = 0Number of asset objects unloaded after import = 3

========================================================================
Received Import Request.
  Time since last request: 0.000038 seconds.
  path: Assets/MainAssets/YughuesFreeFlooringMaterials/Materials/T_YFFlM_03_d.mat
  artifactKey: Guid(f26bbbdb7fc30794f92f07a82aafdc71) Importer(815301076,1909f56bfc062723c751e8b465ee728b)
Start importing Assets/MainAssets/YughuesFreeFlooringMaterials/Materials/T_YFFlM_03_d.mat using Guid(f26bbbdb7fc30794f92f07a82aafdc71) Importer(815301076,1909f56bfc062723c751e8b465ee728b) (PreviewImporter) -> (artifact id: 'c5766bfd4fbe1001f16d1ef1a6dfd093') in 0.0140189 seconds
Number of updated asset objects reloaded before import = 0Number of asset objects unloaded after import = 3

========================================================================
Received Import Request.
  Time since last request: 0.000043 seconds.
  path: Assets/MainAssets/YughuesFreeFlooringMaterials/Materials/T_YFFlM_11_s.mat
  artifactKey: Guid(4c12d4ab3f07bad448b0b92b10d423d1) Importer(815301076,1909f56bfc062723c751e8b465ee728b)
Start importing Assets/MainAssets/YughuesFreeFlooringMaterials/Materials/T_YFFlM_11_s.mat using Guid(4c12d4ab3f07bad448b0b92b10d423d1) Importer(815301076,1909f56bfc062723c751e8b465ee728b) (PreviewImporter) -> (artifact id: '7e2d7278aabe3af1afe519cc4634bd43') in 0.0165941 seconds
Number of updated asset objects reloaded before import = 0Number of asset objects unloaded after import = 3

========================================================================
Received Import Request.
  Time since last request: 0.000038 seconds.
  path: Assets/MainAssets/YughuesFreeFlooringMaterials/Materials/T_YFFlM_11_n.mat
  artifactKey: Guid(361f6f3c82aa70b41a0d69e4ccbb314a) Importer(815301076,1909f56bfc062723c751e8b465ee728b)
Start importing Assets/MainAssets/YughuesFreeFlooringMaterials/Materials/T_YFFlM_11_n.mat using Guid(361f6f3c82aa70b41a0d69e4ccbb314a) Importer(815301076,1909f56bfc062723c751e8b465ee728b) (PreviewImporter) -> (artifact id: '49d0147686ca1eb1ae3aaf0582ef74a4') in 0.017682 seconds
Number of updated asset objects reloaded before import = 0Number of asset objects unloaded after import = 3

========================================================================
Received Import Request.
  Time since last request: 0.000038 seconds.
  path: Assets/MainAssets/YughuesFreeFlooringMaterials/Materials/T_YFFlM_04_d.mat
  artifactKey: Guid(01ccc0494e1843342b6fc49819033689) Importer(815301076,1909f56bfc062723c751e8b465ee728b)
Start importing Assets/MainAssets/YughuesFreeFlooringMaterials/Materials/T_YFFlM_04_d.mat using Guid(01ccc0494e1843342b6fc49819033689) Importer(815301076,1909f56bfc062723c751e8b465ee728b) (PreviewImporter) -> (artifact id: '334599df41d9f41149e2c7d54f0f0e2a') in 0.017032 seconds
Number of updated asset objects reloaded before import = 0Number of asset objects unloaded after import = 3

========================================================================
Received Import Request.
  Time since last request: 0.000036 seconds.
  path: Assets/MainAssets/YughuesFreeFlooringMaterials/Materials/T_YFFlM_11_d.mat
  artifactKey: Guid(14d6778014fc35f40922f6cc4ff5b5e7) Importer(815301076,1909f56bfc062723c751e8b465ee728b)
Start importing Assets/MainAssets/YughuesFreeFlooringMaterials/Materials/T_YFFlM_11_d.mat using Guid(14d6778014fc35f40922f6cc4ff5b5e7) Importer(815301076,1909f56bfc062723c751e8b465ee728b) (PreviewImporter) -> (artifact id: '92c585fdf238f0b25a443ffddad01be2') in 0.0151419 seconds
Number of updated asset objects reloaded before import = 0Number of asset objects unloaded after import = 3

========================================================================
Received Import Request.
  Time since last request: 0.000052 seconds.
  path: Assets/MainAssets/YughuesFreeFlooringMaterials/Materials/T_YFFlM_10_s.mat
  artifactKey: Guid(70d4fd2cd124aef46971766be395e67a) Importer(815301076,1909f56bfc062723c751e8b465ee728b)
Start importing Assets/MainAssets/YughuesFreeFlooringMaterials/Materials/T_YFFlM_10_s.mat using Guid(70d4fd2cd124aef46971766be395e67a) Importer(815301076,1909f56bfc062723c751e8b465ee728b) (PreviewImporter) -> (artifact id: 'a9cb49f84f9b6059210567c189c109c9') in 0.0152004 seconds
Number of updated asset objects reloaded before import = 0Number of asset objects unloaded after import = 3

========================================================================
Received Import Request.
  Time since last request: 47.248394 seconds.
  path: Assets/MainAssets/ALP_Assets/Old Floor Linoleum FREE/Materials/OldFloor01_b_noSeams 1.mat
  artifactKey: Guid(18711ad22f76fc34b8015be9b871c2e7) Importer(815301076,1909f56bfc062723c751e8b465ee728b)
Start importing Assets/MainAssets/ALP_Assets/Old Floor Linoleum FREE/Materials/OldFloor01_b_noSeams 1.mat using Guid(18711ad22f76fc34b8015be9b871c2e7) Importer(815301076,1909f56bfc062723c751e8b465ee728b) (PreviewImporter) -> (artifact id: '53b2beed5a57a7c0fb66a706543c81d6') in 0.0222086 seconds
Number of updated asset objects reloaded before import = 0Number of asset objects unloaded after import = 3

========================================================================
Received Import Request.
  Time since last request: 0.000036 seconds.
  path: Assets/MainAssets/ALP_Assets/Old Floor Linoleum FREE/Materials/OldFloor01_d_noSeams_R.mat
  artifactKey: Guid(11b0430ebf927fc478f4cf12246fb279) Importer(815301076,1909f56bfc062723c751e8b465ee728b)
Start importing Assets/MainAssets/ALP_Assets/Old Floor Linoleum FREE/Materials/OldFloor01_d_noSeams_R.mat using Guid(11b0430ebf927fc478f4cf12246fb279) Importer(815301076,1909f56bfc062723c751e8b465ee728b) (PreviewImporter) -> (artifact id: '85b5cafc6e33dd00b13ba4ad9998c515') in 0.015682 seconds
Number of updated asset objects reloaded before import = 0Number of asset objects unloaded after import = 3

========================================================================
Received Import Request.
  Time since last request: 0.000036 seconds.
  path: Assets/MainAssets/ALP_Assets/Old Floor Linoleum FREE/Materials/OldFloor01_d_noSeams_AO.mat
  artifactKey: Guid(b6ee12e59c976a94f89b849a6f1df64c) Importer(815301076,1909f56bfc062723c751e8b465ee728b)
Start importing Assets/MainAssets/ALP_Assets/Old Floor Linoleum FREE/Materials/OldFloor01_d_noSeams_AO.mat using Guid(b6ee12e59c976a94f89b849a6f1df64c) Importer(815301076,1909f56bfc062723c751e8b465ee728b) (PreviewImporter) -> (artifact id: '423e75172484f1f2c88c786ec2ef4681') in 0.0198058 seconds
Number of updated asset objects reloaded before import = 0Number of asset objects unloaded after import = 3

Editor requested this worker to shutdown with reason: Scaling down because of idle timeout
AssetImportWorker is now disconnected from the server
Process exiting
Exiting without the bug reporter. Application will terminate with return code 0